ARM GAS  C:\Users\Lab\AppData\Local\Temp\cc8IJ4Xg.s 			page 1


   1              		.syntax unified
   2              		.cpu cortex-m3
   3              		.fpu softvfp
   4              		.eabi_attribute 20, 1
   5              		.eabi_attribute 21, 1
   6              		.eabi_attribute 23, 3
   7              		.eabi_attribute 24, 1
   8              		.eabi_attribute 25, 1
   9              		.eabi_attribute 26, 1
  10              		.eabi_attribute 30, 1
  11              		.eabi_attribute 34, 1
  12              		.eabi_attribute 18, 4
  13              		.thumb
  14              		.syntax unified
  15              		.file	"cymetadata.c"
  16              		.text
  17              	.Ltext0:
  18              		.cfi_sections	.debug_frame
  19              		.global	cy_metadata
  20              		.global	cy_meta_flashprotect
  21              		.global	cy_meta_wonvl
  22              		.global	cy_meta_custnvl
  23              		.global	cy_meta_configecc
  24              		.section	.cyconfigecc,"a",%progbits
  25              		.align	2
  26              		.type	cy_meta_configecc, %object
  27              		.size	cy_meta_configecc, 1312
  28              	cy_meta_configecc:
  29 0000 03       		.byte	3
  30 0001 52       		.byte	82
  31 0002 00       		.byte	0
  32 0003 40       		.byte	64
  33 0004 02       		.byte	2
  34 0005 64       		.byte	100
  35 0006 00       		.byte	0
  36 0007 40       		.byte	64
  37 0008 02       		.byte	2
  38 0009 65       		.byte	101
  39 000a 00       		.byte	0
  40 000b 40       		.byte	64
  41 000c 04       		.byte	4
  42 000d 04       		.byte	4
  43 000e 01       		.byte	1
  44 000f 40       		.byte	64
  45 0010 01       		.byte	1
  46 0011 05       		.byte	5
  47 0012 01       		.byte	1
  48 0013 40       		.byte	64
  49 0014 17       		.byte	23
  50 0015 06       		.byte	6
  51 0016 01       		.byte	1
  52 0017 40       		.byte	64
  53 0018 3A       		.byte	58
  54 0019 07       		.byte	7
  55 001a 01       		.byte	1
  56 001b 40       		.byte	64
  57 001c 01       		.byte	1
ARM GAS  C:\Users\Lab\AppData\Local\Temp\cc8IJ4Xg.s 			page 2


  58 001d 09       		.byte	9
  59 001e 01       		.byte	1
  60 001f 40       		.byte	64
  61 0020 01       		.byte	1
  62 0021 0B       		.byte	11
  63 0022 01       		.byte	1
  64 0023 40       		.byte	64
  65 0024 3C       		.byte	60
  66 0025 0C       		.byte	12
  67 0026 01       		.byte	1
  68 0027 40       		.byte	64
  69 0028 21       		.byte	33
  70 0029 0D       		.byte	13
  71 002a 01       		.byte	1
  72 002b 40       		.byte	64
  73 002c 4B       		.byte	75
  74 002d 14       		.byte	20
  75 002e 01       		.byte	1
  76 002f 40       		.byte	64
  77 0030 4A       		.byte	74
  78 0031 15       		.byte	21
  79 0032 01       		.byte	1
  80 0033 40       		.byte	64
  81 0034 4D       		.byte	77
  82 0035 16       		.byte	22
  83 0036 01       		.byte	1
  84 0037 40       		.byte	64
  85 0038 48       		.byte	72
  86 0039 17       		.byte	23
  87 003a 01       		.byte	1
  88 003b 40       		.byte	64
  89 003c 01       		.byte	1
  90 003d 19       		.byte	25
  91 003e 01       		.byte	1
  92 003f 40       		.byte	64
  93 0040 01       		.byte	1
  94 0041 1B       		.byte	27
  95 0042 01       		.byte	1
  96 0043 40       		.byte	64
  97 0044 02       		.byte	2
  98 0045 44       		.byte	68
  99 0046 01       		.byte	1
 100 0047 40       		.byte	64
 101 0048 03       		.byte	3
 102 0049 45       		.byte	69
 103 004a 01       		.byte	1
 104 004b 40       		.byte	64
 105 004c 05       		.byte	5
 106 004d 46       		.byte	70
 107 004e 01       		.byte	1
 108 004f 40       		.byte	64
 109 0050 03       		.byte	3
 110 0051 47       		.byte	71
 111 0052 01       		.byte	1
 112 0053 40       		.byte	64
 113 0054 05       		.byte	5
 114 0055 48       		.byte	72
ARM GAS  C:\Users\Lab\AppData\Local\Temp\cc8IJ4Xg.s 			page 3


 115 0056 01       		.byte	1
 116 0057 40       		.byte	64
 117 0058 02       		.byte	2
 118 0059 49       		.byte	73
 119 005a 01       		.byte	1
 120 005b 40       		.byte	64
 121 005c 03       		.byte	3
 122 005d 4C       		.byte	76
 123 005e 01       		.byte	1
 124 005f 40       		.byte	64
 125 0060 03       		.byte	3
 126 0061 4D       		.byte	77
 127 0062 01       		.byte	1
 128 0063 40       		.byte	64
 129 0064 05       		.byte	5
 130 0065 50       		.byte	80
 131 0066 01       		.byte	1
 132 0067 40       		.byte	64
 133 0068 11       		.byte	17
 134 0069 80       		.byte	-128
 135 006a 61       		.byte	97
 136 006b 80       		.byte	-128
 137 006c 7C       		.byte	124
 138 006d 02       		.byte	2
 139 006e 86       		.byte	-122
 140 006f 38       		.byte	56
 141 0070 8C       		.byte	-116
 142 0071 0F       		.byte	15
 143 0072 85       		.byte	-123
 144 0073 72       		.byte	114
 145 0074 87       		.byte	-121
 146 0075 0F       		.byte	15
 147 0076 39       		.byte	57
 148 0077 80       		.byte	-128
 149 0078 3F       		.byte	63
 150 0079 40       		.byte	64
 151 007a 59       		.byte	89
 152 007b 04       		.byte	4
 153 007c 5F       		.byte	95
 154 007d 01       		.byte	1
 155 007e 20       		.byte	32
 156 007f 01       		.byte	1
 157 0080 85       		.byte	-123
 158 0081 03       		.byte	3
 159 0082 86       		.byte	-122
 160 0083 01       		.byte	1
 161 0084 87       		.byte	-121
 162 0085 0C       		.byte	12
 163 0086 8A       		.byte	-118
 164 0087 01       		.byte	1
 165 0088 8B       		.byte	-117
 166 0089 08       		.byte	8
 167 008a 94       		.byte	-108
 168 008b 01       		.byte	1
 169 008c 95       		.byte	-107
 170 008d 03       		.byte	3
 171 008e 97       		.byte	-105
ARM GAS  C:\Users\Lab\AppData\Local\Temp\cc8IJ4Xg.s 			page 4


 172 008f 04       		.byte	4
 173 0090 98       		.byte	-104
 174 0091 01       		.byte	1
 175 0092 9B       		.byte	-101
 176 0093 05       		.byte	5
 177 0094 A1       		.byte	-95
 178 0095 0A       		.byte	10
 179 0096 A3       		.byte	-93
 180 0097 04       		.byte	4
 181 0098 A5       		.byte	-91
 182 0099 03       		.byte	3
 183 009a A6       		.byte	-90
 184 009b 01       		.byte	1
 185 009c A7       		.byte	-89
 186 009d 04       		.byte	4
 187 009e B0       		.byte	-80
 188 009f 01       		.byte	1
 189 00a0 B5       		.byte	-75
 190 00a1 0F       		.byte	15
 191 00a2 BB       		.byte	-69
 192 00a3 20       		.byte	32
 193 00a4 BE       		.byte	-66
 194 00a5 01       		.byte	1
 195 00a6 D8       		.byte	-40
 196 00a7 04       		.byte	4
 197 00a8 D9       		.byte	-39
 198 00a9 04       		.byte	4
 199 00aa DC       		.byte	-36
 200 00ab 10       		.byte	16
 201 00ac DF       		.byte	-33
 202 00ad 01       		.byte	1
 203 00ae 00       		.byte	0
 204 00af 20       		.byte	32
 205 00b0 01       		.byte	1
 206 00b1 08       		.byte	8
 207 00b2 04       		.byte	4
 208 00b3 10       		.byte	16
 209 00b4 05       		.byte	5
 210 00b5 04       		.byte	4
 211 00b6 09       		.byte	9
 212 00b7 20       		.byte	32
 213 00b8 0B       		.byte	11
 214 00b9 20       		.byte	32
 215 00ba 0C       		.byte	12
 216 00bb 40       		.byte	64
 217 00bc 0D       		.byte	13
 218 00bd 04       		.byte	4
 219 00be 0E       		.byte	14
 220 00bf 81       		.byte	-127
 221 00c0 0F       		.byte	15
 222 00c1 48       		.byte	72
 223 00c2 10       		.byte	16
 224 00c3 20       		.byte	32
 225 00c4 15       		.byte	21
 226 00c5 80       		.byte	-128
 227 00c6 17       		.byte	23
 228 00c7 08       		.byte	8
ARM GAS  C:\Users\Lab\AppData\Local\Temp\cc8IJ4Xg.s 			page 5


 229 00c8 1A       		.byte	26
 230 00c9 40       		.byte	64
 231 00ca 1C       		.byte	28
 232 00cb 20       		.byte	32
 233 00cc 1F       		.byte	31
 234 00cd 01       		.byte	1
 235 00ce 20       		.byte	32
 236 00cf 08       		.byte	8
 237 00d0 21       		.byte	33
 238 00d1 20       		.byte	32
 239 00d2 23       		.byte	35
 240 00d3 0C       		.byte	12
 241 00d4 24       		.byte	36
 242 00d5 05       		.byte	5
 243 00d6 26       		.byte	38
 244 00d7 08       		.byte	8
 245 00d8 27       		.byte	39
 246 00d9 40       		.byte	64
 247 00da 28       		.byte	40
 248 00db 40       		.byte	64
 249 00dc 29       		.byte	41
 250 00dd 08       		.byte	8
 251 00de 2C       		.byte	44
 252 00df 80       		.byte	-128
 253 00e0 2F       		.byte	47
 254 00e1 26       		.byte	38
 255 00e2 30       		.byte	48
 256 00e3 20       		.byte	32
 257 00e4 31       		.byte	49
 258 00e5 04       		.byte	4
 259 00e6 35       		.byte	53
 260 00e7 10       		.byte	16
 261 00e8 36       		.byte	54
 262 00e9 02       		.byte	2
 263 00ea 37       		.byte	55
 264 00eb 04       		.byte	4
 265 00ec 38       		.byte	56
 266 00ed 10       		.byte	16
 267 00ee 3B       		.byte	59
 268 00ef 04       		.byte	4
 269 00f0 3C       		.byte	60
 270 00f1 05       		.byte	5
 271 00f2 3D       		.byte	61
 272 00f3 01       		.byte	1
 273 00f4 3F       		.byte	63
 274 00f5 A0       		.byte	-96
 275 00f6 45       		.byte	69
 276 00f7 02       		.byte	2
 277 00f8 46       		.byte	70
 278 00f9 04       		.byte	4
 279 00fa 47       		.byte	71
 280 00fb 40       		.byte	64
 281 00fc 4F       		.byte	79
 282 00fd 68       		.byte	104
 283 00fe 57       		.byte	87
 284 00ff 40       		.byte	64
 285 0100 5C       		.byte	92
ARM GAS  C:\Users\Lab\AppData\Local\Temp\cc8IJ4Xg.s 			page 6


 286 0101 02       		.byte	2
 287 0102 64       		.byte	100
 288 0103 04       		.byte	4
 289 0104 65       		.byte	101
 290 0105 04       		.byte	4
 291 0106 67       		.byte	103
 292 0107 22       		.byte	34
 293 0108 84       		.byte	-124
 294 0109 10       		.byte	16
 295 010a 86       		.byte	-122
 296 010b 01       		.byte	1
 297 010c B4       		.byte	-76
 298 010d 01       		.byte	1
 299 010e C0       		.byte	-64
 300 010f 66       		.byte	102
 301 0110 C2       		.byte	-62
 302 0111 F6       		.byte	-10
 303 0112 C4       		.byte	-60
 304 0113 A4       		.byte	-92
 305 0114 CA       		.byte	-54
 306 0115 F3       		.byte	-13
 307 0116 CC       		.byte	-52
 308 0117 E6       		.byte	-26
 309 0118 CE       		.byte	-50
 310 0119 F6       		.byte	-10
 311 011a D0       		.byte	-48
 312 011b B0       		.byte	-80
 313 011c D2       		.byte	-46
 314 011d 30       		.byte	48
 315 011e D6       		.byte	-42
 316 011f 80       		.byte	-128
 317 0120 D8       		.byte	-40
 318 0121 30       		.byte	48
 319 0122 EC       		.byte	-20
 320 0123 10       		.byte	16
 321 0124 B4       		.byte	-76
 322 0125 01       		.byte	1
 323 0126 00       		.byte	0
 324 0127 01       		.byte	1
 325 0128 07       		.byte	7
 326 0129 04       		.byte	4
 327 012a 0F       		.byte	15
 328 012b 02       		.byte	2
 329 012c 12       		.byte	18
 330 012d 02       		.byte	2
 331 012e 1E       		.byte	30
 332 012f 02       		.byte	2
 333 0130 24       		.byte	36
 334 0131 01       		.byte	1
 335 0132 27       		.byte	39
 336 0133 01       		.byte	1
 337 0134 29       		.byte	41
 338 0135 03       		.byte	3
 339 0136 2A       		.byte	42
 340 0137 04       		.byte	4
 341 0138 2D       		.byte	45
 342 0139 04       		.byte	4
ARM GAS  C:\Users\Lab\AppData\Local\Temp\cc8IJ4Xg.s 			page 7


 343 013a 30       		.byte	48
 344 013b 04       		.byte	4
 345 013c 31       		.byte	49
 346 013d 04       		.byte	4
 347 013e 32       		.byte	50
 348 013f 01       		.byte	1
 349 0140 33       		.byte	51
 350 0141 03       		.byte	3
 351 0142 34       		.byte	52
 352 0143 02       		.byte	2
 353 0144 38       		.byte	56
 354 0145 08       		.byte	8
 355 0146 3E       		.byte	62
 356 0147 10       		.byte	16
 357 0148 40       		.byte	64
 358 0149 60       		.byte	96
 359 014a 41       		.byte	65
 360 014b 04       		.byte	4
 361 014c 45       		.byte	69
 362 014d D0       		.byte	-48
 363 014e 46       		.byte	70
 364 014f 45       		.byte	69
 365 0150 47       		.byte	71
 366 0151 21       		.byte	33
 367 0152 48       		.byte	72
 368 0153 3E       		.byte	62
 369 0154 49       		.byte	73
 370 0155 FF       		.byte	-1
 371 0156 4A       		.byte	74
 372 0157 FF       		.byte	-1
 373 0158 4B       		.byte	75
 374 0159 FF       		.byte	-1
 375 015a 4D       		.byte	77
 376 015b A0       		.byte	-96
 377 015c 4F       		.byte	79
 378 015d 04       		.byte	4
 379 015e 50       		.byte	80
 380 015f 18       		.byte	24
 381 0160 54       		.byte	84
 382 0161 07       		.byte	7
 383 0162 58       		.byte	88
 384 0163 04       		.byte	4
 385 0164 59       		.byte	89
 386 0165 04       		.byte	4
 387 0166 5A       		.byte	90
 388 0167 04       		.byte	4
 389 0168 5B       		.byte	91
 390 0169 04       		.byte	4
 391 016a 5C       		.byte	92
 392 016b 22       		.byte	34
 393 016c 5D       		.byte	93
 394 016d 22       		.byte	34
 395 016e 5F       		.byte	95
 396 016f 01       		.byte	1
 397 0170 60       		.byte	96
 398 0171 40       		.byte	64
 399 0172 62       		.byte	98
ARM GAS  C:\Users\Lab\AppData\Local\Temp\cc8IJ4Xg.s 			page 8


 400 0173 C0       		.byte	-64
 401 0174 64       		.byte	100
 402 0175 40       		.byte	64
 403 0176 65       		.byte	101
 404 0177 40       		.byte	64
 405 0178 66       		.byte	102
 406 0179 C0       		.byte	-64
 407 017a 68       		.byte	104
 408 017b C0       		.byte	-64
 409 017c 6A       		.byte	106
 410 017d C0       		.byte	-64
 411 017e 6C       		.byte	108
 412 017f C0       		.byte	-64
 413 0180 6E       		.byte	110
 414 0181 C0       		.byte	-64
 415 0182 87       		.byte	-121
 416 0183 01       		.byte	1
 417 0184 A7       		.byte	-89
 418 0185 01       		.byte	1
 419 0186 AE       		.byte	-82
 420 0187 01       		.byte	1
 421 0188 B2       		.byte	-78
 422 0189 01       		.byte	1
 423 018a B4       		.byte	-76
 424 018b 01       		.byte	1
 425 018c B6       		.byte	-74
 426 018d 01       		.byte	1
 427 018e B7       		.byte	-73
 428 018f 01       		.byte	1
 429 0190 D2       		.byte	-46
 430 0191 80       		.byte	-128
 431 0192 D8       		.byte	-40
 432 0193 04       		.byte	4
 433 0194 D9       		.byte	-39
 434 0195 04       		.byte	4
 435 0196 DB       		.byte	-37
 436 0197 04       		.byte	4
 437 0198 DC       		.byte	-36
 438 0199 22       		.byte	34
 439 019a DD       		.byte	-35
 440 019b 20       		.byte	32
 441 019c DF       		.byte	-33
 442 019d 01       		.byte	1
 443 019e 06       		.byte	6
 444 019f 80       		.byte	-128
 445 01a0 0D       		.byte	13
 446 01a1 02       		.byte	2
 447 01a2 0E       		.byte	14
 448 01a3 01       		.byte	1
 449 01a4 10       		.byte	16
 450 01a5 02       		.byte	2
 451 01a6 16       		.byte	22
 452 01a7 18       		.byte	24
 453 01a8 19       		.byte	25
 454 01a9 08       		.byte	8
 455 01aa 1A       		.byte	26
 456 01ab 01       		.byte	1
ARM GAS  C:\Users\Lab\AppData\Local\Temp\cc8IJ4Xg.s 			page 9


 457 01ac 1B       		.byte	27
 458 01ad 10       		.byte	16
 459 01ae 1E       		.byte	30
 460 01af 48       		.byte	72
 461 01b0 1F       		.byte	31
 462 01b1 08       		.byte	8
 463 01b2 20       		.byte	32
 464 01b3 01       		.byte	1
 465 01b4 27       		.byte	39
 466 01b5 A0       		.byte	-96
 467 01b6 29       		.byte	41
 468 01b7 08       		.byte	8
 469 01b8 2E       		.byte	46
 470 01b9 40       		.byte	64
 471 01ba 2F       		.byte	47
 472 01bb 28       		.byte	40
 473 01bc 3A       		.byte	58
 474 01bd 08       		.byte	8
 475 01be 3E       		.byte	62
 476 01bf 88       		.byte	-120
 477 01c0 45       		.byte	69
 478 01c1 02       		.byte	2
 479 01c2 4F       		.byte	79
 480 01c3 21       		.byte	33
 481 01c4 55       		.byte	85
 482 01c5 02       		.byte	2
 483 01c6 56       		.byte	86
 484 01c7 98       		.byte	-104
 485 01c8 57       		.byte	87
 486 01c9 20       		.byte	32
 487 01ca 5E       		.byte	94
 488 01cb 08       		.byte	8
 489 01cc 5F       		.byte	95
 490 01cd A1       		.byte	-95
 491 01ce 70       		.byte	112
 492 01cf 02       		.byte	2
 493 01d0 C0       		.byte	-64
 494 01d1 10       		.byte	16
 495 01d2 C2       		.byte	-62
 496 01d3 90       		.byte	-112
 497 01d4 C4       		.byte	-60
 498 01d5 61       		.byte	97
 499 01d6 CA       		.byte	-54
 500 01d7 72       		.byte	114
 501 01d8 CE       		.byte	-50
 502 01d9 52       		.byte	82
 503 01da D0       		.byte	-48
 504 01db 80       		.byte	-128
 505 01dc D2       		.byte	-46
 506 01dd 20       		.byte	32
 507 01de D6       		.byte	-42
 508 01df F0       		.byte	-16
 509 01e0 04       		.byte	4
 510 01e1 03       		.byte	3
 511 01e2 08       		.byte	8
 512 01e3 02       		.byte	2
 513 01e4 14       		.byte	20
ARM GAS  C:\Users\Lab\AppData\Local\Temp\cc8IJ4Xg.s 			page 10


 514 01e5 03       		.byte	3
 515 01e6 1D       		.byte	29
 516 01e7 01       		.byte	1
 517 01e8 26       		.byte	38
 518 01e9 01       		.byte	1
 519 01ea 33       		.byte	51
 520 01eb 01       		.byte	1
 521 01ec 36       		.byte	54
 522 01ed 03       		.byte	3
 523 01ee 38       		.byte	56
 524 01ef 80       		.byte	-128
 525 01f0 3E       		.byte	62
 526 01f1 40       		.byte	64
 527 01f2 3F       		.byte	63
 528 01f3 04       		.byte	4
 529 01f4 40       		.byte	64
 530 01f5 01       		.byte	1
 531 01f6 47       		.byte	71
 532 01f7 04       		.byte	4
 533 01f8 49       		.byte	73
 534 01f9 FF       		.byte	-1
 535 01fa 4A       		.byte	74
 536 01fb 07       		.byte	7
 537 01fc 4B       		.byte	75
 538 01fd FF       		.byte	-1
 539 01fe 4C       		.byte	76
 540 01ff 40       		.byte	64
 541 0200 4D       		.byte	77
 542 0201 20       		.byte	32
 543 0202 4E       		.byte	78
 544 0203 F0       		.byte	-16
 545 0204 4F       		.byte	79
 546 0205 05       		.byte	5
 547 0206 50       		.byte	80
 548 0207 08       		.byte	8
 549 0208 58       		.byte	88
 550 0209 04       		.byte	4
 551 020a 59       		.byte	89
 552 020b 04       		.byte	4
 553 020c 5A       		.byte	90
 554 020d 04       		.byte	4
 555 020e 5D       		.byte	93
 556 020f 01       		.byte	1
 557 0210 5F       		.byte	95
 558 0211 01       		.byte	1
 559 0212 60       		.byte	96
 560 0213 40       		.byte	64
 561 0214 61       		.byte	97
 562 0215 A8       		.byte	-88
 563 0216 62       		.byte	98
 564 0217 40       		.byte	64
 565 0218 63       		.byte	99
 566 0219 20       		.byte	32
 567 021a 80       		.byte	-128
 568 021b 06       		.byte	6
 569 021c 81       		.byte	-127
 570 021d F3       		.byte	-13
ARM GAS  C:\Users\Lab\AppData\Local\Temp\cc8IJ4Xg.s 			page 11


 571 021e 82       		.byte	-126
 572 021f 18       		.byte	24
 573 0220 83       		.byte	-125
 574 0221 0C       		.byte	12
 575 0222 84       		.byte	-124
 576 0223 01       		.byte	1
 577 0224 85       		.byte	-123
 578 0225 04       		.byte	4
 579 0226 88       		.byte	-120
 580 0227 01       		.byte	1
 581 0228 89       		.byte	-119
 582 0229 0C       		.byte	12
 583 022a 8C       		.byte	-116
 584 022b 10       		.byte	16
 585 022c 8D       		.byte	-115
 586 022d 08       		.byte	8
 587 022e 92       		.byte	-110
 588 022f 04       		.byte	4
 589 0230 93       		.byte	-109
 590 0231 80       		.byte	-128
 591 0232 94       		.byte	-108
 592 0233 1E       		.byte	30
 593 0234 95       		.byte	-107
 594 0235 9C       		.byte	-100
 595 0236 97       		.byte	-105
 596 0237 43       		.byte	67
 597 0238 98       		.byte	-104
 598 0239 1A       		.byte	26
 599 023a 99       		.byte	-103
 600 023b 81       		.byte	-127
 601 023c 9A       		.byte	-102
 602 023d 04       		.byte	4
 603 023e 9C       		.byte	-100
 604 023f 1A       		.byte	26
 605 0240 9E       		.byte	-98
 606 0241 04       		.byte	4
 607 0242 9F       		.byte	-97
 608 0243 73       		.byte	115
 609 0244 A0       		.byte	-96
 610 0245 01       		.byte	1
 611 0246 A1       		.byte	-95
 612 0247 02       		.byte	2
 613 0248 A4       		.byte	-92
 614 0249 08       		.byte	8
 615 024a A5       		.byte	-91
 616 024b 8F       		.byte	-113
 617 024c A7       		.byte	-89
 618 024d 30       		.byte	48
 619 024e A8       		.byte	-88
 620 024f 18       		.byte	24
 621 0250 A9       		.byte	-87
 622 0251 FF       		.byte	-1
 623 0252 AD       		.byte	-83
 624 0253 03       		.byte	3
 625 0254 B0       		.byte	-80
 626 0255 01       		.byte	1
 627 0256 B1       		.byte	-79
ARM GAS  C:\Users\Lab\AppData\Local\Temp\cc8IJ4Xg.s 			page 12


 628 0257 0F       		.byte	15
 629 0258 B3       		.byte	-77
 630 0259 EC       		.byte	-20
 631 025a B4       		.byte	-76
 632 025b 1C       		.byte	28
 633 025c B6       		.byte	-74
 634 025d 02       		.byte	2
 635 025e B7       		.byte	-73
 636 025f 1C       		.byte	28
 637 0260 BA       		.byte	-70
 638 0261 28       		.byte	40
 639 0262 BB       		.byte	-69
 640 0263 0A       		.byte	10
 641 0264 BE       		.byte	-66
 642 0265 40       		.byte	64
 643 0266 D6       		.byte	-42
 644 0267 02       		.byte	2
 645 0268 D7       		.byte	-41
 646 0269 13       		.byte	19
 647 026a D8       		.byte	-40
 648 026b 04       		.byte	4
 649 026c D9       		.byte	-39
 650 026d 04       		.byte	4
 651 026e DB       		.byte	-37
 652 026f 04       		.byte	4
 653 0270 DC       		.byte	-36
 654 0271 11       		.byte	17
 655 0272 DD       		.byte	-35
 656 0273 10       		.byte	16
 657 0274 DF       		.byte	-33
 658 0275 01       		.byte	1
 659 0276 00       		.byte	0
 660 0277 28       		.byte	40
 661 0278 04       		.byte	4
 662 0279 40       		.byte	64
 663 027a 06       		.byte	6
 664 027b 01       		.byte	1
 665 027c 07       		.byte	7
 666 027d 54       		.byte	84
 667 027e 09       		.byte	9
 668 027f 08       		.byte	8
 669 0280 0B       		.byte	11
 670 0281 20       		.byte	32
 671 0282 0C       		.byte	12
 672 0283 80       		.byte	-128
 673 0284 0D       		.byte	13
 674 0285 02       		.byte	2
 675 0286 0E       		.byte	14
 676 0287 18       		.byte	24
 677 0288 0F       		.byte	15
 678 0289 20       		.byte	32
 679 028a 10       		.byte	16
 680 028b 20       		.byte	32
 681 028c 17       		.byte	23
 682 028d 29       		.byte	41
 683 028e 18       		.byte	24
 684 028f 01       		.byte	1
ARM GAS  C:\Users\Lab\AppData\Local\Temp\cc8IJ4Xg.s 			page 13


 685 0290 1C       		.byte	28
 686 0291 04       		.byte	4
 687 0292 1D       		.byte	29
 688 0293 02       		.byte	2
 689 0294 1E       		.byte	30
 690 0295 15       		.byte	21
 691 0296 22       		.byte	34
 692 0297 04       		.byte	4
 693 0298 24       		.byte	36
 694 0299 80       		.byte	-128
 695 029a 25       		.byte	37
 696 029b 01       		.byte	1
 697 029c 26       		.byte	38
 698 029d 46       		.byte	70
 699 029e 27       		.byte	39
 700 029f 40       		.byte	64
 701 02a0 2D       		.byte	45
 702 02a1 01       		.byte	1
 703 02a2 2E       		.byte	46
 704 02a3 14       		.byte	20
 705 02a4 2F       		.byte	47
 706 02a5 02       		.byte	2
 707 02a6 32       		.byte	50
 708 02a7 80       		.byte	-128
 709 02a8 34       		.byte	52
 710 02a9 80       		.byte	-128
 711 02aa 36       		.byte	54
 712 02ab 15       		.byte	21
 713 02ac 3C       		.byte	60
 714 02ad 40       		.byte	64
 715 02ae 3D       		.byte	61
 716 02af 02       		.byte	2
 717 02b0 3E       		.byte	62
 718 02b1 28       		.byte	40
 719 02b2 40       		.byte	64
 720 02b3 81       		.byte	-127
 721 02b4 41       		.byte	65
 722 02b5 02       		.byte	2
 723 02b6 48       		.byte	72
 724 02b7 20       		.byte	32
 725 02b8 49       		.byte	73
 726 02b9 10       		.byte	16
 727 02ba 4A       		.byte	74
 728 02bb 04       		.byte	4
 729 02bc 51       		.byte	81
 730 02bd 04       		.byte	4
 731 02be 5E       		.byte	94
 732 02bf 01       		.byte	1
 733 02c0 6F       		.byte	111
 734 02c1 35       		.byte	53
 735 02c2 76       		.byte	118
 736 02c3 29       		.byte	41
 737 02c4 77       		.byte	119
 738 02c5 28       		.byte	40
 739 02c6 80       		.byte	-128
 740 02c7 40       		.byte	64
 741 02c8 82       		.byte	-126
ARM GAS  C:\Users\Lab\AppData\Local\Temp\cc8IJ4Xg.s 			page 14


 742 02c9 04       		.byte	4
 743 02ca 83       		.byte	-125
 744 02cb 04       		.byte	4
 745 02cc 8C       		.byte	-116
 746 02cd 84       		.byte	-124
 747 02ce 91       		.byte	-111
 748 02cf 01       		.byte	1
 749 02d0 93       		.byte	-109
 750 02d1 20       		.byte	32
 751 02d2 95       		.byte	-107
 752 02d3 08       		.byte	8
 753 02d4 96       		.byte	-106
 754 02d5 08       		.byte	8
 755 02d6 9C       		.byte	-100
 756 02d7 80       		.byte	-128
 757 02d8 9D       		.byte	-99
 758 02d9 10       		.byte	16
 759 02da 9E       		.byte	-98
 760 02db 04       		.byte	4
 761 02dc 9F       		.byte	-97
 762 02dd 14       		.byte	20
 763 02de A0       		.byte	-96
 764 02df 14       		.byte	20
 765 02e0 A2       		.byte	-94
 766 02e1 91       		.byte	-111
 767 02e2 A3       		.byte	-93
 768 02e3 06       		.byte	6
 769 02e4 A4       		.byte	-92
 770 02e5 A0       		.byte	-96
 771 02e6 A5       		.byte	-91
 772 02e7 0A       		.byte	10
 773 02e8 A6       		.byte	-90
 774 02e9 42       		.byte	66
 775 02ea A7       		.byte	-89
 776 02eb 30       		.byte	48
 777 02ec A8       		.byte	-88
 778 02ed 20       		.byte	32
 779 02ee A9       		.byte	-87
 780 02ef 08       		.byte	8
 781 02f0 AC       		.byte	-84
 782 02f1 04       		.byte	4
 783 02f2 AD       		.byte	-83
 784 02f3 01       		.byte	1
 785 02f4 AE       		.byte	-82
 786 02f5 12       		.byte	18
 787 02f6 AF       		.byte	-81
 788 02f7 04       		.byte	4
 789 02f8 C0       		.byte	-64
 790 02f9 F6       		.byte	-10
 791 02fa C2       		.byte	-62
 792 02fb F4       		.byte	-12
 793 02fc C4       		.byte	-60
 794 02fd 74       		.byte	116
 795 02fe CA       		.byte	-54
 796 02ff F0       		.byte	-16
 797 0300 CC       		.byte	-52
 798 0301 F8       		.byte	-8
ARM GAS  C:\Users\Lab\AppData\Local\Temp\cc8IJ4Xg.s 			page 15


 799 0302 CE       		.byte	-50
 800 0303 F0       		.byte	-16
 801 0304 D0       		.byte	-48
 802 0305 08       		.byte	8
 803 0306 D6       		.byte	-42
 804 0307 80       		.byte	-128
 805 0308 E4       		.byte	-28
 806 0309 04       		.byte	4
 807 030a 00       		.byte	0
 808 030b 08       		.byte	8
 809 030c 01       		.byte	1
 810 030d 08       		.byte	8
 811 030e 02       		.byte	2
 812 030f 30       		.byte	48
 813 0310 04       		.byte	4
 814 0311 38       		.byte	56
 815 0312 05       		.byte	5
 816 0313 01       		.byte	1
 817 0314 09       		.byte	9
 818 0315 0C       		.byte	12
 819 0316 0A       		.byte	10
 820 0317 06       		.byte	6
 821 0318 0C       		.byte	12
 822 0319 10       		.byte	16
 823 031a 0E       		.byte	14
 824 031b 08       		.byte	8
 825 031c 0F       		.byte	15
 826 031d 01       		.byte	1
 827 031e 11       		.byte	17
 828 031f 0C       		.byte	12
 829 0320 12       		.byte	18
 830 0321 05       		.byte	5
 831 0322 15       		.byte	21
 832 0323 01       		.byte	1
 833 0324 16       		.byte	22
 834 0325 02       		.byte	2
 835 0326 1A       		.byte	26
 836 0327 03       		.byte	3
 837 0328 1B       		.byte	27
 838 0329 0C       		.byte	12
 839 032a 1C       		.byte	28
 840 032b 20       		.byte	32
 841 032c 1E       		.byte	30
 842 032d 08       		.byte	8
 843 032e 1F       		.byte	31
 844 032f 0C       		.byte	12
 845 0330 20       		.byte	32
 846 0331 06       		.byte	6
 847 0332 22       		.byte	34
 848 0333 01       		.byte	1
 849 0334 23       		.byte	35
 850 0335 0C       		.byte	12
 851 0336 24       		.byte	36
 852 0337 38       		.byte	56
 853 0338 25       		.byte	37
 854 0339 02       		.byte	2
 855 033a 29       		.byte	41
ARM GAS  C:\Users\Lab\AppData\Local\Temp\cc8IJ4Xg.s 			page 16


 856 033b 04       		.byte	4
 857 033c 2B       		.byte	43
 858 033d 10       		.byte	16
 859 033e 2D       		.byte	45
 860 033f 0C       		.byte	12
 861 0340 2E       		.byte	46
 862 0341 01       		.byte	1
 863 0342 30       		.byte	48
 864 0343 38       		.byte	56
 865 0344 31       		.byte	49
 866 0345 10       		.byte	16
 867 0346 33       		.byte	51
 868 0347 03       		.byte	3
 869 0348 34       		.byte	52
 870 0349 07       		.byte	7
 871 034a 35       		.byte	53
 872 034b 0C       		.byte	12
 873 034c 39       		.byte	57
 874 034d 08       		.byte	8
 875 034e 3A       		.byte	58
 876 034f 20       		.byte	32
 877 0350 58       		.byte	88
 878 0351 04       		.byte	4
 879 0352 59       		.byte	89
 880 0353 04       		.byte	4
 881 0354 5C       		.byte	92
 882 0355 11       		.byte	17
 883 0356 5F       		.byte	95
 884 0357 01       		.byte	1
 885 0358 81       		.byte	-127
 886 0359 10       		.byte	16
 887 035a 83       		.byte	-125
 888 035b 0C       		.byte	12
 889 035c 85       		.byte	-123
 890 035d 10       		.byte	16
 891 035e 89       		.byte	-119
 892 035f 09       		.byte	9
 893 0360 8B       		.byte	-117
 894 0361 10       		.byte	16
 895 0362 94       		.byte	-108
 896 0363 01       		.byte	1
 897 0364 95       		.byte	-107
 898 0365 14       		.byte	20
 899 0366 9B       		.byte	-101
 900 0367 03       		.byte	3
 901 0368 A1       		.byte	-95
 902 0369 1C       		.byte	28
 903 036a A3       		.byte	-93
 904 036b 02       		.byte	2
 905 036c A5       		.byte	-91
 906 036d 0C       		.byte	12
 907 036e A7       		.byte	-89
 908 036f 11       		.byte	17
 909 0370 B2       		.byte	-78
 910 0371 01       		.byte	1
 911 0372 B5       		.byte	-75
 912 0373 1F       		.byte	31
ARM GAS  C:\Users\Lab\AppData\Local\Temp\cc8IJ4Xg.s 			page 17


 913 0374 BE       		.byte	-66
 914 0375 04       		.byte	4
 915 0376 C0       		.byte	-64
 916 0377 61       		.byte	97
 917 0378 C1       		.byte	-63
 918 0379 03       		.byte	3
 919 037a C5       		.byte	-59
 920 037b 0C       		.byte	12
 921 037c C6       		.byte	-58
 922 037d 0E       		.byte	14
 923 037e C7       		.byte	-57
 924 037f 0B       		.byte	11
 925 0380 C8       		.byte	-56
 926 0381 15       		.byte	21
 927 0382 C9       		.byte	-55
 928 0383 FF       		.byte	-1
 929 0384 CA       		.byte	-54
 930 0385 FF       		.byte	-1
 931 0386 CB       		.byte	-53
 932 0387 FF       		.byte	-1
 933 0388 CE       		.byte	-50
 934 0389 F0       		.byte	-16
 935 038a CF       		.byte	-49
 936 038b 44       		.byte	68
 937 038c D0       		.byte	-48
 938 038d 0C       		.byte	12
 939 038e D4       		.byte	-44
 940 038f 01       		.byte	1
 941 0390 D8       		.byte	-40
 942 0391 04       		.byte	4
 943 0392 D9       		.byte	-39
 944 0393 04       		.byte	4
 945 0394 DA       		.byte	-38
 946 0395 04       		.byte	4
 947 0396 DB       		.byte	-37
 948 0397 04       		.byte	4
 949 0398 DC       		.byte	-36
 950 0399 10       		.byte	16
 951 039a DD       		.byte	-35
 952 039b 11       		.byte	17
 953 039c DF       		.byte	-33
 954 039d 01       		.byte	1
 955 039e E6       		.byte	-26
 956 039f C0       		.byte	-64
 957 03a0 EA       		.byte	-22
 958 03a1 40       		.byte	64
 959 03a2 EB       		.byte	-21
 960 03a3 02       		.byte	2
 961 03a4 04       		.byte	4
 962 03a5 10       		.byte	16
 963 03a6 06       		.byte	6
 964 03a7 82       		.byte	-126
 965 03a8 07       		.byte	7
 966 03a9 10       		.byte	16
 967 03aa 0A       		.byte	10
 968 03ab 20       		.byte	32
 969 03ac 0D       		.byte	13
ARM GAS  C:\Users\Lab\AppData\Local\Temp\cc8IJ4Xg.s 			page 18


 970 03ad 05       		.byte	5
 971 03ae 0E       		.byte	14
 972 03af 08       		.byte	8
 973 03b0 0F       		.byte	15
 974 03b1 02       		.byte	2
 975 03b2 14       		.byte	20
 976 03b3 40       		.byte	64
 977 03b4 15       		.byte	21
 978 03b5 80       		.byte	-128
 979 03b6 17       		.byte	23
 980 03b7 04       		.byte	4
 981 03b8 1B       		.byte	27
 982 03b9 04       		.byte	4
 983 03ba 1E       		.byte	30
 984 03bb 08       		.byte	8
 985 03bc 1F       		.byte	31
 986 03bd 12       		.byte	18
 987 03be 22       		.byte	34
 988 03bf 10       		.byte	16
 989 03c0 24       		.byte	36
 990 03c1 10       		.byte	16
 991 03c2 26       		.byte	38
 992 03c3 21       		.byte	33
 993 03c4 28       		.byte	40
 994 03c5 40       		.byte	64
 995 03c6 29       		.byte	41
 996 03c7 04       		.byte	4
 997 03c8 2B       		.byte	43
 998 03c9 40       		.byte	64
 999 03ca 2C       		.byte	44
 1000 03cb A0       		.byte	-96
 1001 03cc 2E       		.byte	46
 1002 03cd 80       		.byte	-128
 1003 03ce 2F       		.byte	47
 1004 03cf 06       		.byte	6
 1005 03d0 30       		.byte	48
 1006 03d1 08       		.byte	8
 1007 03d2 32       		.byte	50
 1008 03d3 10       		.byte	16
 1009 03d4 34       		.byte	52
 1010 03d5 80       		.byte	-128
 1011 03d6 35       		.byte	53
 1012 03d7 10       		.byte	16
 1013 03d8 36       		.byte	54
 1014 03d9 06       		.byte	6
 1015 03da 38       		.byte	56
 1016 03db 10       		.byte	16
 1017 03dc 39       		.byte	57
 1018 03dd 0A       		.byte	10
 1019 03de 3C       		.byte	60
 1020 03df 08       		.byte	8
 1021 03e0 3D       		.byte	61
 1022 03e1 01       		.byte	1
 1023 03e2 3F       		.byte	63
 1024 03e3 A2       		.byte	-94
 1025 03e4 41       		.byte	65
 1026 03e5 48       		.byte	72
ARM GAS  C:\Users\Lab\AppData\Local\Temp\cc8IJ4Xg.s 			page 19


 1027 03e6 48       		.byte	72
 1028 03e7 04       		.byte	4
 1029 03e8 49       		.byte	73
 1030 03e9 08       		.byte	8
 1031 03ea 50       		.byte	80
 1032 03eb 08       		.byte	8
 1033 03ec 52       		.byte	82
 1034 03ed 80       		.byte	-128
 1035 03ee 58       		.byte	88
 1036 03ef 21       		.byte	33
 1037 03f0 5A       		.byte	90
 1038 03f1 48       		.byte	72
 1039 03f2 78       		.byte	120
 1040 03f3 01       		.byte	1
 1041 03f4 7A       		.byte	122
 1042 03f5 80       		.byte	-128
 1043 03f6 80       		.byte	-128
 1044 03f7 22       		.byte	34
 1045 03f8 81       		.byte	-127
 1046 03f9 40       		.byte	64
 1047 03fa 82       		.byte	-126
 1048 03fb 20       		.byte	32
 1049 03fc 91       		.byte	-111
 1050 03fd 01       		.byte	1
 1051 03fe 92       		.byte	-110
 1052 03ff 40       		.byte	64
 1053 0400 94       		.byte	-108
 1054 0401 10       		.byte	16
 1055 0402 95       		.byte	-107
 1056 0403 88       		.byte	-120
 1057 0404 97       		.byte	-105
 1058 0405 28       		.byte	40
 1059 0406 98       		.byte	-104
 1060 0407 40       		.byte	64
 1061 0408 99       		.byte	-103
 1062 0409 04       		.byte	4
 1063 040a 9C       		.byte	-100
 1064 040b 02       		.byte	2
 1065 040c 9D       		.byte	-99
 1066 040d 18       		.byte	24
 1067 040e 9E       		.byte	-98
 1068 040f 04       		.byte	4
 1069 0410 9F       		.byte	-97
 1070 0411 04       		.byte	4
 1071 0412 A0       		.byte	-96
 1072 0413 14       		.byte	20
 1073 0414 A4       		.byte	-92
 1074 0415 A0       		.byte	-96
 1075 0416 A5       		.byte	-91
 1076 0417 02       		.byte	2
 1077 0418 A6       		.byte	-90
 1078 0419 42       		.byte	66
 1079 041a A7       		.byte	-89
 1080 041b 32       		.byte	50
 1081 041c AC       		.byte	-84
 1082 041d 04       		.byte	4
 1083 041e AE       		.byte	-82
ARM GAS  C:\Users\Lab\AppData\Local\Temp\cc8IJ4Xg.s 			page 20


 1084 041f 08       		.byte	8
 1085 0420 C0       		.byte	-64
 1086 0421 F0       		.byte	-16
 1087 0422 C2       		.byte	-62
 1088 0423 F4       		.byte	-12
 1089 0424 C4       		.byte	-60
 1090 0425 B0       		.byte	-80
 1091 0426 CA       		.byte	-54
 1092 0427 F3       		.byte	-13
 1093 0428 CC       		.byte	-52
 1094 0429 F6       		.byte	-10
 1095 042a CE       		.byte	-50
 1096 042b F7       		.byte	-9
 1097 042c D0       		.byte	-48
 1098 042d 0A       		.byte	10
 1099 042e D2       		.byte	-46
 1100 042f 04       		.byte	4
 1101 0430 D6       		.byte	-42
 1102 0431 0F       		.byte	15
 1103 0432 E4       		.byte	-28
 1104 0433 80       		.byte	-128
 1105 0434 E4       		.byte	-28
 1106 0435 80       		.byte	-128
 1107 0436 E4       		.byte	-28
 1108 0437 04       		.byte	4
 1109 0438 7C       		.byte	124
 1110 0439 01       		.byte	1
 1111 043a DE       		.byte	-34
 1112 043b 01       		.byte	1
 1113 043c 61       		.byte	97
 1114 043d 02       		.byte	2
 1115 043e 94       		.byte	-108
 1116 043f 01       		.byte	1
 1117 0440 D8       		.byte	-40
 1118 0441 02       		.byte	2
 1119 0442 46       		.byte	70
 1120 0443 20       		.byte	32
 1121 0444 94       		.byte	-108
 1122 0445 01       		.byte	1
 1123 0446 B5       		.byte	-75
 1124 0447 02       		.byte	2
 1125 0448 D0       		.byte	-48
 1126 0449 01       		.byte	1
 1127 044a EC       		.byte	-20
 1128 044b 08       		.byte	8
 1129 044c 9E       		.byte	-98
 1130 044d 20       		.byte	32
 1131 044e B4       		.byte	-76
 1132 044f 01       		.byte	1
 1133 0450 EC       		.byte	-20
 1134 0451 08       		.byte	8
 1135 0452 05       		.byte	5
 1136 0453 02       		.byte	2
 1137 0454 25       		.byte	37
 1138 0455 20       		.byte	32
 1139 0456 89       		.byte	-119
 1140 0457 20       		.byte	32
ARM GAS  C:\Users\Lab\AppData\Local\Temp\cc8IJ4Xg.s 			page 21


 1141 0458 C0       		.byte	-64
 1142 0459 20       		.byte	32
 1143 045a C8       		.byte	-56
 1144 045b 20       		.byte	32
 1145 045c AD       		.byte	-83
 1146 045d 02       		.byte	2
 1147 045e EC       		.byte	-20
 1148 045f 10       		.byte	16
 1149 0460 8A       		.byte	-118
 1150 0461 20       		.byte	32
 1151 0462 9E       		.byte	-98
 1152 0463 20       		.byte	32
 1153 0464 E4       		.byte	-28
 1154 0465 01       		.byte	1
 1155 0466 70       		.byte	112
 1156 0467 01       		.byte	1
 1157 0468 80       		.byte	-128
 1158 0469 01       		.byte	1
 1159 046a DC       		.byte	-36
 1160 046b 01       		.byte	1
 1161 046c 00       		.byte	0
 1162 046d 06       		.byte	6
 1163 046e 0A       		.byte	10
 1164 046f 02       		.byte	2
 1165 0470 0E       		.byte	14
 1166 0471 04       		.byte	4
 1167 0472 10       		.byte	16
 1168 0473 02       		.byte	2
 1169 0474 1A       		.byte	26
 1170 0475 02       		.byte	2
 1171 0476 00       		.byte	0
 1172 0477 00       		.byte	0
 1173 0478 00       		.byte	0
 1174 0479 10       		.byte	16
 1175 047a 00       		.byte	0
 1176 047b 0C       		.byte	12
 1177 047c 01       		.byte	1
 1178 047d 00       		.byte	0
 1179 047e 0E       		.byte	14
 1180 047f 20       		.byte	32
 1181 0480 00       		.byte	0
 1182 0481 01       		.byte	1
 1183 0482 0C       		.byte	12
 1184 0483 00       		.byte	0
 1185 0484 00       		.byte	0
 1186 0485 00       		.byte	0
 1187 0486 00       		.byte	0
 1188 0487 20       		.byte	32
 1189 0488 00       		.byte	0
 1190 0489 01       		.byte	1
 1191 048a 10       		.byte	16
 1192 048b 00       		.byte	0
 1193 048c 00       		.byte	0
 1194 048d 18       		.byte	24
 1195 048e 08       		.byte	8
 1196 048f 00       		.byte	0
 1197 0490 00       		.byte	0
ARM GAS  C:\Users\Lab\AppData\Local\Temp\cc8IJ4Xg.s 			page 22


 1198 0491 00       		.byte	0
 1199 0492 10       		.byte	16
 1200 0493 01       		.byte	1
 1201 0494 0C       		.byte	12
 1202 0495 00       		.byte	0
 1203 0496 03       		.byte	3
 1204 0497 00       		.byte	0
 1205 0498 00       		.byte	0
 1206 0499 00       		.byte	0
 1207 049a 00       		.byte	0
 1208 049b 01       		.byte	1
 1209 049c 01       		.byte	1
 1210 049d 18       		.byte	24
 1211 049e 06       		.byte	6
 1212 049f 00       		.byte	0
 1213 04a0 00       		.byte	0
 1214 04a1 08       		.byte	8
 1215 04a2 00       		.byte	0
 1216 04a3 14       		.byte	20
 1217 04a4 00       		.byte	0
 1218 04a5 00       		.byte	0
 1219 04a6 03       		.byte	3
 1220 04a7 02       		.byte	2
 1221 04a8 10       		.byte	16
 1222 04a9 06       		.byte	6
 1223 04aa 0F       		.byte	15
 1224 04ab 20       		.byte	32
 1225 04ac 00       		.byte	0
 1226 04ad 01       		.byte	1
 1227 04ae 00       		.byte	0
 1228 04af 18       		.byte	24
 1229 04b0 00       		.byte	0
 1230 04b1 20       		.byte	32
 1231 04b2 08       		.byte	8
 1232 04b3 00       		.byte	0
 1233 04b4 00       		.byte	0
 1234 04b5 00       		.byte	0
 1235 04b6 01       		.byte	1
 1236 04b7 05       		.byte	5
 1237 04b8 24       		.byte	36
 1238 04b9 06       		.byte	6
 1239 04ba 05       		.byte	5
 1240 04bb 00       		.byte	0
 1241 04bc 01       		.byte	1
 1242 04bd 0C       		.byte	12
 1243 04be 0E       		.byte	14
 1244 04bf 00       		.byte	0
 1245 04c0 05       		.byte	5
 1246 04c1 FF       		.byte	-1
 1247 04c2 FF       		.byte	-1
 1248 04c3 FF       		.byte	-1
 1249 04c4 62       		.byte	98
 1250 04c5 A0       		.byte	-96
 1251 04c6 F0       		.byte	-16
 1252 04c7 41       		.byte	65
 1253 04c8 0C       		.byte	12
 1254 04c9 00       		.byte	0
ARM GAS  C:\Users\Lab\AppData\Local\Temp\cc8IJ4Xg.s 			page 23


 1255 04ca 00       		.byte	0
 1256 04cb 00       		.byte	0
 1257 04cc 18       		.byte	24
 1258 04cd 00       		.byte	0
 1259 04ce 00       		.byte	0
 1260 04cf 00       		.byte	0
 1261 04d0 04       		.byte	4
 1262 04d1 04       		.byte	4
 1263 04d2 04       		.byte	4
 1264 04d3 04       		.byte	4
 1265 04d4 11       		.byte	17
 1266 04d5 11       		.byte	17
 1267 04d6 00       		.byte	0
 1268 04d7 01       		.byte	1
 1269 04d8 00       		.byte	0
 1270 04d9 00       		.byte	0
 1271 04da 00       		.byte	0
 1272 04db 00       		.byte	0
 1273 04dc 00       		.byte	0
 1274 04dd 00       		.byte	0
 1275 04de 40       		.byte	64
 1276 04df 02       		.byte	2
 1277 04e0 00       		.byte	0
 1278 04e1 10       		.byte	16
 1279 04e2 30       		.byte	48
 1280 04e3 10       		.byte	16
 1281 04e4 00       		.byte	0
 1282 04e5 10       		.byte	16
 1283 04e6 10       		.byte	16
 1284 04e7 12       		.byte	18
 1285 04e8 00       		.byte	0
 1286 04e9 00       		.byte	0
 1287 04ea 00       		.byte	0
 1288 04eb 00       		.byte	0
 1289 04ec 00       		.byte	0
 1290 04ed 00       		.byte	0
 1291 04ee 00       		.byte	0
 1292 04ef 00       		.byte	0
 1293 04f0 00       		.byte	0
 1294 04f1 00       		.byte	0
 1295 04f2 00       		.byte	0
 1296 04f3 00       		.byte	0
 1297 04f4 00       		.byte	0
 1298 04f5 00       		.byte	0
 1299 04f6 00       		.byte	0
 1300 04f7 00       		.byte	0
 1301 04f8 80       		.byte	-128
 1302 04f9 00       		.byte	0
 1303 04fa 00       		.byte	0
 1304 04fb 80       		.byte	-128
 1305 04fc 80       		.byte	-128
 1306 04fd 00       		.byte	0
 1307 04fe 80       		.byte	-128
 1308 04ff 00       		.byte	0
 1309 0500 00       		.byte	0
 1310 0501 00       		.byte	0
 1311 0502 00       		.byte	0
ARM GAS  C:\Users\Lab\AppData\Local\Temp\cc8IJ4Xg.s 			page 24


 1312 0503 00       		.byte	0
 1313 0504 02       		.byte	2
 1314 0505 00       		.byte	0
 1315 0506 00       		.byte	0
 1316 0507 00       		.byte	0
 1317 0508 00       		.byte	0
 1318 0509 00       		.byte	0
 1319 050a 01       		.byte	1
 1320 050b 00       		.byte	0
 1321 050c 00       		.byte	0
 1322 050d 0B       		.byte	11
 1323 050e 0B       		.byte	11
 1324 050f 00       		.byte	0
 1325 0510 00       		.byte	0
 1326 0511 00       		.byte	0
 1327 0512 00       		.byte	0
 1328 0513 00       		.byte	0
 1329 0514 00       		.byte	0
 1330 0515 FF       		.byte	-1
 1331 0516 FF       		.byte	-1
 1332 0517 00       		.byte	0
 1333 0518 80       		.byte	-128
 1334 0519 00       		.byte	0
 1335 051a 00       		.byte	0
 1336 051b 00       		.byte	0
 1337 051c 25       		.byte	37
 1338 051d 00       		.byte	0
 1339 051e 18       		.byte	24
 1340 051f 01       		.byte	1
 1341              		.section	.cywolatch,"a",%progbits
 1342              		.align	2
 1343              		.type	cy_meta_wonvl, %object
 1344              		.size	cy_meta_wonvl, 4
 1345              	cy_meta_wonvl:
 1346 0000 BC       		.byte	-68
 1347 0001 90       		.byte	-112
 1348 0002 AC       		.byte	-84
 1349 0003 AF       		.byte	-81
 1350              		.section	.cycustnvl,"a",%progbits
 1351              		.align	2
 1352              		.type	cy_meta_custnvl, %object
 1353              		.size	cy_meta_custnvl, 4
 1354              	cy_meta_custnvl:
 1355 0000 00       		.byte	0
 1356 0001 00       		.byte	0
 1357 0002 40       		.byte	64
 1358 0003 05       		.byte	5
 1359              		.section	.cymeta,"a",%progbits
 1360              		.align	2
 1361              		.type	cy_metadata, %object
 1362              		.size	cy_metadata, 12
 1363              	cy_metadata:
 1364 0000 00       		.byte	0
 1365 0001 01       		.byte	1
 1366 0002 2E       		.byte	46
 1367 0003 16       		.byte	22
 1368 0004 10       		.byte	16
ARM GAS  C:\Users\Lab\AppData\Local\Temp\cc8IJ4Xg.s 			page 25


 1369 0005 69       		.byte	105
 1370 0006 00       		.byte	0
 1371 0007 01       		.byte	1
 1372 0008 00       		.byte	0
 1373 0009 00       		.byte	0
 1374 000a 00       		.byte	0
 1375 000b 00       		.byte	0
 1376              		.section	.cyflashprotect,"a",%progbits
 1377              		.align	2
 1378              		.type	cy_meta_flashprotect, %object
 1379              		.size	cy_meta_flashprotect, 256
 1380              	cy_meta_flashprotect:
 1381 0000 00000000 		.space	256
 1381      00000000 
 1381      00000000 
 1381      00000000 
 1381      00000000 
 1382              		.text
 1383              	.Letext0:
 1384              		.file 1 "c:\\program files (x86)\\cypress\\psoc creator\\4.4\\psoc creator\\import\\gnu\\arm\\5.4.
 1385              		.file 2 "c:\\program files (x86)\\cypress\\psoc creator\\4.4\\psoc creator\\import\\gnu\\arm\\5.4.
 1386              		.file 3 "Generated_Source\\PSoC5\\cymetadata.c"
 1387              		.section	.debug_info,"",%progbits
 1388              	.Ldebug_info0:
 1389 0000 32010000 		.4byte	0x132
 1390 0004 0400     		.2byte	0x4
 1391 0006 00000000 		.4byte	.Ldebug_abbrev0
 1392 000a 04       		.byte	0x4
 1393 000b 01       		.uleb128 0x1
 1394 000c 24000000 		.4byte	.LASF17
 1395 0010 0C       		.byte	0xc
 1396 0011 B5010000 		.4byte	.LASF18
 1397 0015 69010000 		.4byte	.LASF19
 1398 0019 00000000 		.4byte	.Ldebug_line0
 1399 001d 02       		.uleb128 0x2
 1400 001e 01       		.byte	0x1
 1401 001f 06       		.byte	0x6
 1402 0020 A9010000 		.4byte	.LASF0
 1403 0024 03       		.uleb128 0x3
 1404 0025 00000000 		.4byte	.LASF9
 1405 0029 01       		.byte	0x1
 1406 002a 1D       		.byte	0x1d
 1407 002b 2F000000 		.4byte	0x2f
 1408 002f 02       		.uleb128 0x2
 1409 0030 01       		.byte	0x1
 1410 0031 08       		.byte	0x8
 1411 0032 16000000 		.4byte	.LASF1
 1412 0036 02       		.uleb128 0x2
 1413 0037 02       		.byte	0x2
 1414 0038 05       		.byte	0x5
 1415 0039 5F010000 		.4byte	.LASF2
 1416 003d 02       		.uleb128 0x2
 1417 003e 02       		.byte	0x2
 1418 003f 07       		.byte	0x7
 1419 0040 C4000000 		.4byte	.LASF3
 1420 0044 02       		.uleb128 0x2
 1421 0045 04       		.byte	0x4
ARM GAS  C:\Users\Lab\AppData\Local\Temp\cc8IJ4Xg.s 			page 26


 1422 0046 05       		.byte	0x5
 1423 0047 A0010000 		.4byte	.LASF4
 1424 004b 02       		.uleb128 0x2
 1425 004c 04       		.byte	0x4
 1426 004d 07       		.byte	0x7
 1427 004e B2000000 		.4byte	.LASF5
 1428 0052 02       		.uleb128 0x2
 1429 0053 08       		.byte	0x8
 1430 0054 05       		.byte	0x5
 1431 0055 51010000 		.4byte	.LASF6
 1432 0059 02       		.uleb128 0x2
 1433 005a 08       		.byte	0x8
 1434 005b 07       		.byte	0x7
 1435 005c 06010000 		.4byte	.LASF7
 1436 0060 04       		.uleb128 0x4
 1437 0061 04       		.byte	0x4
 1438 0062 05       		.byte	0x5
 1439 0063 696E7400 		.ascii	"int\000"
 1440 0067 02       		.uleb128 0x2
 1441 0068 04       		.byte	0x4
 1442 0069 07       		.byte	0x7
 1443 006a F9000000 		.4byte	.LASF8
 1444 006e 03       		.uleb128 0x3
 1445 006f 1D010000 		.4byte	.LASF10
 1446 0073 02       		.byte	0x2
 1447 0074 18       		.byte	0x18
 1448 0075 24000000 		.4byte	0x24
 1449 0079 05       		.uleb128 0x5
 1450 007a 91000000 		.4byte	0x91
 1451 007e 8A000000 		.4byte	0x8a
 1452 0082 06       		.uleb128 0x6
 1453 0083 8A000000 		.4byte	0x8a
 1454 0087 1F05     		.2byte	0x51f
 1455 0089 00       		.byte	0
 1456 008a 02       		.uleb128 0x2
 1457 008b 04       		.byte	0x4
 1458 008c 07       		.byte	0x7
 1459 008d 48010000 		.4byte	.LASF11
 1460 0091 07       		.uleb128 0x7
 1461 0092 6E000000 		.4byte	0x6e
 1462 0096 08       		.uleb128 0x8
 1463 0097 E7000000 		.4byte	.LASF12
 1464 009b 03       		.byte	0x3
 1465 009c 1F       		.byte	0x1f
 1466 009d A7000000 		.4byte	0xa7
 1467 00a1 05       		.uleb128 0x5
 1468 00a2 03       		.byte	0x3
 1469 00a3 00000000 		.4byte	cy_meta_configecc
 1470 00a7 07       		.uleb128 0x7
 1471 00a8 79000000 		.4byte	0x79
 1472 00ac 05       		.uleb128 0x5
 1473 00ad 91000000 		.4byte	0x91
 1474 00b1 BC000000 		.4byte	0xbc
 1475 00b5 09       		.uleb128 0x9
 1476 00b6 8A000000 		.4byte	0x8a
 1477 00ba 03       		.byte	0x3
 1478 00bb 00       		.byte	0
ARM GAS  C:\Users\Lab\AppData\Local\Temp\cc8IJ4Xg.s 			page 27


 1479 00bc 08       		.uleb128 0x8
 1480 00bd D7000000 		.4byte	.LASF13
 1481 00c1 03       		.byte	0x3
 1482 00c2 D0       		.byte	0xd0
 1483 00c3 CD000000 		.4byte	0xcd
 1484 00c7 05       		.uleb128 0x5
 1485 00c8 03       		.byte	0x3
 1486 00c9 00000000 		.4byte	cy_meta_custnvl
 1487 00cd 07       		.uleb128 0x7
 1488 00ce AC000000 		.4byte	0xac
 1489 00d2 08       		.uleb128 0x8
 1490 00d3 3A010000 		.4byte	.LASF14
 1491 00d7 03       		.byte	0x3
 1492 00d8 DE       		.byte	0xde
 1493 00d9 E3000000 		.4byte	0xe3
 1494 00dd 05       		.uleb128 0x5
 1495 00de 03       		.byte	0x3
 1496 00df 00000000 		.4byte	cy_meta_wonvl
 1497 00e3 07       		.uleb128 0x7
 1498 00e4 AC000000 		.4byte	0xac
 1499 00e8 05       		.uleb128 0x5
 1500 00e9 91000000 		.4byte	0x91
 1501 00ed F8000000 		.4byte	0xf8
 1502 00f1 09       		.uleb128 0x9
 1503 00f2 8A000000 		.4byte	0x8a
 1504 00f6 FF       		.byte	0xff
 1505 00f7 00       		.byte	0
 1506 00f8 08       		.uleb128 0x8
 1507 00f9 25010000 		.4byte	.LASF15
 1508 00fd 03       		.byte	0x3
 1509 00fe EC       		.byte	0xec
 1510 00ff 09010000 		.4byte	0x109
 1511 0103 05       		.uleb128 0x5
 1512 0104 03       		.byte	0x3
 1513 0105 00000000 		.4byte	cy_meta_flashprotect
 1514 0109 07       		.uleb128 0x7
 1515 010a E8000000 		.4byte	0xe8
 1516 010e 05       		.uleb128 0x5
 1517 010f 91000000 		.4byte	0x91
 1518 0113 1E010000 		.4byte	0x11e
 1519 0117 09       		.uleb128 0x9
 1520 0118 8A000000 		.4byte	0x8a
 1521 011c 0B       		.byte	0xb
 1522 011d 00       		.byte	0
 1523 011e 0A       		.uleb128 0xa
 1524 011f 0A000000 		.4byte	.LASF16
 1525 0123 03       		.byte	0x3
 1526 0124 1901     		.2byte	0x119
 1527 0126 30010000 		.4byte	0x130
 1528 012a 05       		.uleb128 0x5
 1529 012b 03       		.byte	0x3
 1530 012c 00000000 		.4byte	cy_metadata
 1531 0130 07       		.uleb128 0x7
 1532 0131 0E010000 		.4byte	0x10e
 1533 0135 00       		.byte	0
 1534              		.section	.debug_abbrev,"",%progbits
 1535              	.Ldebug_abbrev0:
ARM GAS  C:\Users\Lab\AppData\Local\Temp\cc8IJ4Xg.s 			page 28


 1536 0000 01       		.uleb128 0x1
 1537 0001 11       		.uleb128 0x11
 1538 0002 01       		.byte	0x1
 1539 0003 25       		.uleb128 0x25
 1540 0004 0E       		.uleb128 0xe
 1541 0005 13       		.uleb128 0x13
 1542 0006 0B       		.uleb128 0xb
 1543 0007 03       		.uleb128 0x3
 1544 0008 0E       		.uleb128 0xe
 1545 0009 1B       		.uleb128 0x1b
 1546 000a 0E       		.uleb128 0xe
 1547 000b 10       		.uleb128 0x10
 1548 000c 17       		.uleb128 0x17
 1549 000d 00       		.byte	0
 1550 000e 00       		.byte	0
 1551 000f 02       		.uleb128 0x2
 1552 0010 24       		.uleb128 0x24
 1553 0011 00       		.byte	0
 1554 0012 0B       		.uleb128 0xb
 1555 0013 0B       		.uleb128 0xb
 1556 0014 3E       		.uleb128 0x3e
 1557 0015 0B       		.uleb128 0xb
 1558 0016 03       		.uleb128 0x3
 1559 0017 0E       		.uleb128 0xe
 1560 0018 00       		.byte	0
 1561 0019 00       		.byte	0
 1562 001a 03       		.uleb128 0x3
 1563 001b 16       		.uleb128 0x16
 1564 001c 00       		.byte	0
 1565 001d 03       		.uleb128 0x3
 1566 001e 0E       		.uleb128 0xe
 1567 001f 3A       		.uleb128 0x3a
 1568 0020 0B       		.uleb128 0xb
 1569 0021 3B       		.uleb128 0x3b
 1570 0022 0B       		.uleb128 0xb
 1571 0023 49       		.uleb128 0x49
 1572 0024 13       		.uleb128 0x13
 1573 0025 00       		.byte	0
 1574 0026 00       		.byte	0
 1575 0027 04       		.uleb128 0x4
 1576 0028 24       		.uleb128 0x24
 1577 0029 00       		.byte	0
 1578 002a 0B       		.uleb128 0xb
 1579 002b 0B       		.uleb128 0xb
 1580 002c 3E       		.uleb128 0x3e
 1581 002d 0B       		.uleb128 0xb
 1582 002e 03       		.uleb128 0x3
 1583 002f 08       		.uleb128 0x8
 1584 0030 00       		.byte	0
 1585 0031 00       		.byte	0
 1586 0032 05       		.uleb128 0x5
 1587 0033 01       		.uleb128 0x1
 1588 0034 01       		.byte	0x1
 1589 0035 49       		.uleb128 0x49
 1590 0036 13       		.uleb128 0x13
 1591 0037 01       		.uleb128 0x1
 1592 0038 13       		.uleb128 0x13
ARM GAS  C:\Users\Lab\AppData\Local\Temp\cc8IJ4Xg.s 			page 29


 1593 0039 00       		.byte	0
 1594 003a 00       		.byte	0
 1595 003b 06       		.uleb128 0x6
 1596 003c 21       		.uleb128 0x21
 1597 003d 00       		.byte	0
 1598 003e 49       		.uleb128 0x49
 1599 003f 13       		.uleb128 0x13
 1600 0040 2F       		.uleb128 0x2f
 1601 0041 05       		.uleb128 0x5
 1602 0042 00       		.byte	0
 1603 0043 00       		.byte	0
 1604 0044 07       		.uleb128 0x7
 1605 0045 26       		.uleb128 0x26
 1606 0046 00       		.byte	0
 1607 0047 49       		.uleb128 0x49
 1608 0048 13       		.uleb128 0x13
 1609 0049 00       		.byte	0
 1610 004a 00       		.byte	0
 1611 004b 08       		.uleb128 0x8
 1612 004c 34       		.uleb128 0x34
 1613 004d 00       		.byte	0
 1614 004e 03       		.uleb128 0x3
 1615 004f 0E       		.uleb128 0xe
 1616 0050 3A       		.uleb128 0x3a
 1617 0051 0B       		.uleb128 0xb
 1618 0052 3B       		.uleb128 0x3b
 1619 0053 0B       		.uleb128 0xb
 1620 0054 49       		.uleb128 0x49
 1621 0055 13       		.uleb128 0x13
 1622 0056 3F       		.uleb128 0x3f
 1623 0057 19       		.uleb128 0x19
 1624 0058 02       		.uleb128 0x2
 1625 0059 18       		.uleb128 0x18
 1626 005a 00       		.byte	0
 1627 005b 00       		.byte	0
 1628 005c 09       		.uleb128 0x9
 1629 005d 21       		.uleb128 0x21
 1630 005e 00       		.byte	0
 1631 005f 49       		.uleb128 0x49
 1632 0060 13       		.uleb128 0x13
 1633 0061 2F       		.uleb128 0x2f
 1634 0062 0B       		.uleb128 0xb
 1635 0063 00       		.byte	0
 1636 0064 00       		.byte	0
 1637 0065 0A       		.uleb128 0xa
 1638 0066 34       		.uleb128 0x34
 1639 0067 00       		.byte	0
 1640 0068 03       		.uleb128 0x3
 1641 0069 0E       		.uleb128 0xe
 1642 006a 3A       		.uleb128 0x3a
 1643 006b 0B       		.uleb128 0xb
 1644 006c 3B       		.uleb128 0x3b
 1645 006d 05       		.uleb128 0x5
 1646 006e 49       		.uleb128 0x49
 1647 006f 13       		.uleb128 0x13
 1648 0070 3F       		.uleb128 0x3f
 1649 0071 19       		.uleb128 0x19
ARM GAS  C:\Users\Lab\AppData\Local\Temp\cc8IJ4Xg.s 			page 30


 1650 0072 02       		.uleb128 0x2
 1651 0073 18       		.uleb128 0x18
 1652 0074 00       		.byte	0
 1653 0075 00       		.byte	0
 1654 0076 00       		.byte	0
 1655              		.section	.debug_aranges,"",%progbits
 1656 0000 14000000 		.4byte	0x14
 1657 0004 0200     		.2byte	0x2
 1658 0006 00000000 		.4byte	.Ldebug_info0
 1659 000a 04       		.byte	0x4
 1660 000b 00       		.byte	0
 1661 000c 0000     		.2byte	0
 1662 000e 0000     		.2byte	0
 1663 0010 00000000 		.4byte	0
 1664 0014 00000000 		.4byte	0
 1665              		.section	.debug_line,"",%progbits
 1666              	.Ldebug_line0:
 1667 0000 3D010000 		.section	.debug_str,"MS",%progbits,1
 1667      02003701 
 1667      00000201 
 1667      FB0E0D00 
 1667      01010101 
 1668              	.LASF9:
 1669 0000 5F5F7569 		.ascii	"__uint8_t\000"
 1669      6E74385F 
 1669      7400
 1670              	.LASF16:
 1671 000a 63795F6D 		.ascii	"cy_metadata\000"
 1671      65746164 
 1671      61746100 
 1672              	.LASF1:
 1673 0016 756E7369 		.ascii	"unsigned char\000"
 1673      676E6564 
 1673      20636861 
 1673      7200
 1674              	.LASF17:
 1675 0024 474E5520 		.ascii	"GNU C11 5.4.1 20160609 (release) [ARM/embedded-5-br"
 1675      43313120 
 1675      352E342E 
 1675      31203230 
 1675      31363036 
 1676 0057 616E6368 		.ascii	"anch revision 237715] -mcpu=cortex-m3 -mthumb -g -O"
 1676      20726576 
 1676      6973696F 
 1676      6E203233 
 1676      37373135 
 1677 008a 67202D66 		.ascii	"g -ffunction-sections -ffat-lto-objects\000"
 1677      66756E63 
 1677      74696F6E 
 1677      2D736563 
 1677      74696F6E 
 1678              	.LASF5:
 1679 00b2 6C6F6E67 		.ascii	"long unsigned int\000"
 1679      20756E73 
 1679      69676E65 
 1679      6420696E 
 1679      7400
ARM GAS  C:\Users\Lab\AppData\Local\Temp\cc8IJ4Xg.s 			page 31


 1680              	.LASF3:
 1681 00c4 73686F72 		.ascii	"short unsigned int\000"
 1681      7420756E 
 1681      7369676E 
 1681      65642069 
 1681      6E7400
 1682              	.LASF13:
 1683 00d7 63795F6D 		.ascii	"cy_meta_custnvl\000"
 1683      6574615F 
 1683      63757374 
 1683      6E766C00 
 1684              	.LASF12:
 1685 00e7 63795F6D 		.ascii	"cy_meta_configecc\000"
 1685      6574615F 
 1685      636F6E66 
 1685      69676563 
 1685      6300
 1686              	.LASF8:
 1687 00f9 756E7369 		.ascii	"unsigned int\000"
 1687      676E6564 
 1687      20696E74 
 1687      00
 1688              	.LASF7:
 1689 0106 6C6F6E67 		.ascii	"long long unsigned int\000"
 1689      206C6F6E 
 1689      6720756E 
 1689      7369676E 
 1689      65642069 
 1690              	.LASF10:
 1691 011d 75696E74 		.ascii	"uint8_t\000"
 1691      385F7400 
 1692              	.LASF15:
 1693 0125 63795F6D 		.ascii	"cy_meta_flashprotect\000"
 1693      6574615F 
 1693      666C6173 
 1693      6870726F 
 1693      74656374 
 1694              	.LASF14:
 1695 013a 63795F6D 		.ascii	"cy_meta_wonvl\000"
 1695      6574615F 
 1695      776F6E76 
 1695      6C00
 1696              	.LASF11:
 1697 0148 73697A65 		.ascii	"sizetype\000"
 1697      74797065 
 1697      00
 1698              	.LASF6:
 1699 0151 6C6F6E67 		.ascii	"long long int\000"
 1699      206C6F6E 
 1699      6720696E 
 1699      7400
 1700              	.LASF2:
 1701 015f 73686F72 		.ascii	"short int\000"
 1701      7420696E 
 1701      7400
 1702              	.LASF19:
 1703 0169 433A5C55 		.ascii	"C:\\Users\\Lab\\Desktop\\workspace_dino\\project_di"
ARM GAS  C:\Users\Lab\AppData\Local\Temp\cc8IJ4Xg.s 			page 32


 1703      73657273 
 1703      5C4C6162 
 1703      5C446573 
 1703      6B746F70 
 1704 0197 6E6F2E63 		.ascii	"no.cydsn\000"
 1704      7964736E 
 1704      00
 1705              	.LASF4:
 1706 01a0 6C6F6E67 		.ascii	"long int\000"
 1706      20696E74 
 1706      00
 1707              	.LASF0:
 1708 01a9 7369676E 		.ascii	"signed char\000"
 1708      65642063 
 1708      68617200 
 1709              	.LASF18:
 1710 01b5 47656E65 		.ascii	"Generated_Source\\PSoC5\\cymetadata.c\000"
 1710      72617465 
 1710      645F536F 
 1710      75726365 
 1710      5C50536F 
 1711              		.ident	"GCC: (GNU Tools for ARM Embedded Processors) 5.4.1 20160609 (release) [ARM/embedded-5-bran
