ARM GAS  C:\Users\bourg\AppData\Local\Temp\ccQ83UAt.s 			page 1


   1              		.syntax unified
   2              		.cpu cortex-m3
   3              		.fpu softvfp
   4              		.eabi_attribute 20, 1
   5              		.eabi_attribute 21, 1
   6              		.eabi_attribute 23, 3
   7              		.eabi_attribute 24, 1
   8              		.eabi_attribute 25, 1
   9              		.eabi_attribute 26, 1
  10              		.eabi_attribute 30, 1
  11              		.eabi_attribute 34, 1
  12              		.eabi_attribute 18, 4
  13              		.thumb
  14              		.syntax unified
  15              		.file	"keypad.c"
  16              		.text
  17              	.Ltext0:
  18              		.cfi_sections	.debug_frame
  19              		.section	.text.keypadInit,"ax",%progbits
  20              		.align	2
  21              		.global	keypadInit
  22              		.thumb
  23              		.thumb_func
  24              		.type	keypadInit, %function
  25              	keypadInit:
  26              	.LFB63:
  27              		.file 1 "keypad.c"
   1:keypad.c      **** /* ========================================
   2:keypad.c      ****  *
   3:keypad.c      ****  * Copyright YOUR COMPANY, THE YEAR
   4:keypad.c      ****  * All Rights Reserved
   5:keypad.c      ****  * UNPUBLISHED, LICENSED SOFTWARE.
   6:keypad.c      ****  *
   7:keypad.c      ****  * CONFIDENTIAL AND PROPRIETARY INFORMATION
   8:keypad.c      ****  * WHICH IS THE PROPERTY OF your company.
   9:keypad.c      ****  *
  10:keypad.c      ****  * ========================================
  11:keypad.c      **** */
  12:keypad.c      **** #include "project.h"
  13:keypad.c      **** 
  14:keypad.c      **** #define KBD_DELAY   5
  15:keypad.c      **** 
  16:keypad.c      **** 
  17:keypad.c      **** void keypadInit (void) {
  28              		.loc 1 17 0
  29              		.cfi_startproc
  30              		@ args = 0, pretend = 0, frame = 0
  31              		@ frame_needed = 0, uses_anonymous_args = 0
  32 0000 08B5     		push	{r3, lr}
  33              		.cfi_def_cfa_offset 8
  34              		.cfi_offset 3, -8
  35              		.cfi_offset 14, -4
  18:keypad.c      ****     COL1_Write(1);
  36              		.loc 1 18 0
  37 0002 0120     		movs	r0, #1
  38 0004 FFF7FEFF 		bl	COL1_Write
  39              	.LVL0:
ARM GAS  C:\Users\bourg\AppData\Local\Temp\ccQ83UAt.s 			page 2


  19:keypad.c      ****     COL2_Write(1);
  40              		.loc 1 19 0
  41 0008 0120     		movs	r0, #1
  42 000a FFF7FEFF 		bl	COL2_Write
  43              	.LVL1:
  20:keypad.c      ****     COL3_Write(1);
  44              		.loc 1 20 0
  45 000e 0120     		movs	r0, #1
  46 0010 FFF7FEFF 		bl	COL3_Write
  47              	.LVL2:
  48 0014 08BD     		pop	{r3, pc}
  49              		.cfi_endproc
  50              	.LFE63:
  51              		.size	keypadInit, .-keypadInit
  52 0016 00BF     		.section	.text.keypadScan,"ax",%progbits
  53              		.align	2
  54              		.global	keypadScan
  55              		.thumb
  56              		.thumb_func
  57              		.type	keypadScan, %function
  58              	keypadScan:
  59              	.LFB64:
  21:keypad.c      **** }
  22:keypad.c      **** 
  23:keypad.c      **** uint8_t keypadScan (void) {
  60              		.loc 1 23 0
  61              		.cfi_startproc
  62              		@ args = 0, pretend = 0, frame = 0
  63              		@ frame_needed = 0, uses_anonymous_args = 0
  64 0000 08B5     		push	{r3, lr}
  65              		.cfi_def_cfa_offset 8
  66              		.cfi_offset 3, -8
  67              		.cfi_offset 14, -4
  24:keypad.c      ****     COL1_Write(0);
  68              		.loc 1 24 0
  69 0002 0020     		movs	r0, #0
  70 0004 FFF7FEFF 		bl	COL1_Write
  71              	.LVL3:
  25:keypad.c      ****     CyDelay(KBD_DELAY);
  72              		.loc 1 25 0
  73 0008 0520     		movs	r0, #5
  74 000a FFF7FEFF 		bl	CyDelay
  75              	.LVL4:
  26:keypad.c      ****     if (!ROW0_Read()) {
  76              		.loc 1 26 0
  77 000e FFF7FEFF 		bl	ROW0_Read
  78              	.LVL5:
  79 0012 20B9     		cbnz	r0, .L4
  27:keypad.c      ****         COL1_Write(1);
  80              		.loc 1 27 0
  81 0014 0120     		movs	r0, #1
  82 0016 FFF7FEFF 		bl	COL1_Write
  83              	.LVL6:
  28:keypad.c      ****         return('#');
  84              		.loc 1 28 0
  85 001a 2320     		movs	r0, #35
  86 001c 08BD     		pop	{r3, pc}
ARM GAS  C:\Users\bourg\AppData\Local\Temp\ccQ83UAt.s 			page 3


  87              	.L4:
  29:keypad.c      ****     }
  30:keypad.c      ****     if (!ROW1_Read()) {
  88              		.loc 1 30 0
  89 001e FFF7FEFF 		bl	ROW1_Read
  90              	.LVL7:
  91 0022 20B9     		cbnz	r0, .L6
  31:keypad.c      ****         COL1_Write(1);
  92              		.loc 1 31 0
  93 0024 0120     		movs	r0, #1
  94 0026 FFF7FEFF 		bl	COL1_Write
  95              	.LVL8:
  32:keypad.c      ****         return('9');
  96              		.loc 1 32 0
  97 002a 3920     		movs	r0, #57
  98 002c 08BD     		pop	{r3, pc}
  99              	.L6:
  33:keypad.c      ****     }
  34:keypad.c      ****     if (!ROW2_Read()) {
 100              		.loc 1 34 0
 101 002e FFF7FEFF 		bl	ROW2_Read
 102              	.LVL9:
 103 0032 20B9     		cbnz	r0, .L7
  35:keypad.c      ****         COL1_Write(1);
 104              		.loc 1 35 0
 105 0034 0120     		movs	r0, #1
 106 0036 FFF7FEFF 		bl	COL1_Write
 107              	.LVL10:
  36:keypad.c      ****         return('6');
 108              		.loc 1 36 0
 109 003a 3620     		movs	r0, #54
 110 003c 08BD     		pop	{r3, pc}
 111              	.L7:
  37:keypad.c      ****     }
  38:keypad.c      ****     if (!ROW3_Read()) {
 112              		.loc 1 38 0
 113 003e FFF7FEFF 		bl	ROW3_Read
 114              	.LVL11:
 115 0042 20B9     		cbnz	r0, .L8
  39:keypad.c      ****         COL1_Write(1);
 116              		.loc 1 39 0
 117 0044 0120     		movs	r0, #1
 118 0046 FFF7FEFF 		bl	COL1_Write
 119              	.LVL12:
  40:keypad.c      ****         return('3');
 120              		.loc 1 40 0
 121 004a 3320     		movs	r0, #51
 122 004c 08BD     		pop	{r3, pc}
 123              	.L8:
  41:keypad.c      ****     }
  42:keypad.c      ****     COL1_Write(1);
 124              		.loc 1 42 0
 125 004e 0120     		movs	r0, #1
 126 0050 FFF7FEFF 		bl	COL1_Write
 127              	.LVL13:
  43:keypad.c      ****     
  44:keypad.c      ****     COL2_Write(0);
ARM GAS  C:\Users\bourg\AppData\Local\Temp\ccQ83UAt.s 			page 4


 128              		.loc 1 44 0
 129 0054 0020     		movs	r0, #0
 130 0056 FFF7FEFF 		bl	COL2_Write
 131              	.LVL14:
  45:keypad.c      ****     CyDelay(KBD_DELAY);
 132              		.loc 1 45 0
 133 005a 0520     		movs	r0, #5
 134 005c FFF7FEFF 		bl	CyDelay
 135              	.LVL15:
  46:keypad.c      ****     if (!ROW0_Read()) {
 136              		.loc 1 46 0
 137 0060 FFF7FEFF 		bl	ROW0_Read
 138              	.LVL16:
 139 0064 20B9     		cbnz	r0, .L9
  47:keypad.c      ****         COL2_Write(1);
 140              		.loc 1 47 0
 141 0066 0120     		movs	r0, #1
 142 0068 FFF7FEFF 		bl	COL2_Write
 143              	.LVL17:
  48:keypad.c      ****         return('0');
 144              		.loc 1 48 0
 145 006c 3020     		movs	r0, #48
 146 006e 08BD     		pop	{r3, pc}
 147              	.L9:
  49:keypad.c      ****     }
  50:keypad.c      ****     if (!ROW1_Read()) {
 148              		.loc 1 50 0
 149 0070 FFF7FEFF 		bl	ROW1_Read
 150              	.LVL18:
 151 0074 20B9     		cbnz	r0, .L10
  51:keypad.c      ****         COL2_Write(1);
 152              		.loc 1 51 0
 153 0076 0120     		movs	r0, #1
 154 0078 FFF7FEFF 		bl	COL2_Write
 155              	.LVL19:
  52:keypad.c      ****         return('8');
 156              		.loc 1 52 0
 157 007c 3820     		movs	r0, #56
 158 007e 08BD     		pop	{r3, pc}
 159              	.L10:
  53:keypad.c      ****     }
  54:keypad.c      ****     if (!ROW2_Read()) {
 160              		.loc 1 54 0
 161 0080 FFF7FEFF 		bl	ROW2_Read
 162              	.LVL20:
 163 0084 20B9     		cbnz	r0, .L11
  55:keypad.c      ****         COL2_Write(1);
 164              		.loc 1 55 0
 165 0086 0120     		movs	r0, #1
 166 0088 FFF7FEFF 		bl	COL2_Write
 167              	.LVL21:
  56:keypad.c      ****         return('5');
 168              		.loc 1 56 0
 169 008c 3520     		movs	r0, #53
 170 008e 08BD     		pop	{r3, pc}
 171              	.L11:
  57:keypad.c      ****     }
ARM GAS  C:\Users\bourg\AppData\Local\Temp\ccQ83UAt.s 			page 5


  58:keypad.c      ****     if (!ROW3_Read()) {
 172              		.loc 1 58 0
 173 0090 FFF7FEFF 		bl	ROW3_Read
 174              	.LVL22:
 175 0094 20B9     		cbnz	r0, .L12
  59:keypad.c      ****         COL2_Write(1);
 176              		.loc 1 59 0
 177 0096 0120     		movs	r0, #1
 178 0098 FFF7FEFF 		bl	COL2_Write
 179              	.LVL23:
  60:keypad.c      ****         return('2');
 180              		.loc 1 60 0
 181 009c 3220     		movs	r0, #50
 182 009e 08BD     		pop	{r3, pc}
 183              	.L12:
  61:keypad.c      ****     }
  62:keypad.c      ****     COL2_Write(1);
 184              		.loc 1 62 0
 185 00a0 0120     		movs	r0, #1
 186 00a2 FFF7FEFF 		bl	COL2_Write
 187              	.LVL24:
  63:keypad.c      **** 
  64:keypad.c      ****     COL3_Write(0);
 188              		.loc 1 64 0
 189 00a6 0020     		movs	r0, #0
 190 00a8 FFF7FEFF 		bl	COL3_Write
 191              	.LVL25:
  65:keypad.c      ****     CyDelay(KBD_DELAY);
 192              		.loc 1 65 0
 193 00ac 0520     		movs	r0, #5
 194 00ae FFF7FEFF 		bl	CyDelay
 195              	.LVL26:
  66:keypad.c      ****     if (!ROW0_Read()) {
 196              		.loc 1 66 0
 197 00b2 FFF7FEFF 		bl	ROW0_Read
 198              	.LVL27:
 199 00b6 20B9     		cbnz	r0, .L13
  67:keypad.c      ****         COL3_Write(1);
 200              		.loc 1 67 0
 201 00b8 0120     		movs	r0, #1
 202 00ba FFF7FEFF 		bl	COL3_Write
 203              	.LVL28:
  68:keypad.c      ****         return('*');
 204              		.loc 1 68 0
 205 00be 2A20     		movs	r0, #42
 206 00c0 08BD     		pop	{r3, pc}
 207              	.L13:
  69:keypad.c      ****     }
  70:keypad.c      ****     if (!ROW1_Read()) {
 208              		.loc 1 70 0
 209 00c2 FFF7FEFF 		bl	ROW1_Read
 210              	.LVL29:
 211 00c6 20B9     		cbnz	r0, .L14
  71:keypad.c      ****         COL3_Write(1);
 212              		.loc 1 71 0
 213 00c8 0120     		movs	r0, #1
 214 00ca FFF7FEFF 		bl	COL3_Write
ARM GAS  C:\Users\bourg\AppData\Local\Temp\ccQ83UAt.s 			page 6


 215              	.LVL30:
  72:keypad.c      ****         return('7');
 216              		.loc 1 72 0
 217 00ce 3720     		movs	r0, #55
 218 00d0 08BD     		pop	{r3, pc}
 219              	.L14:
  73:keypad.c      ****     }
  74:keypad.c      ****     if (!ROW2_Read()) {
 220              		.loc 1 74 0
 221 00d2 FFF7FEFF 		bl	ROW2_Read
 222              	.LVL31:
 223 00d6 20B9     		cbnz	r0, .L15
  75:keypad.c      ****         COL3_Write(1);
 224              		.loc 1 75 0
 225 00d8 0120     		movs	r0, #1
 226 00da FFF7FEFF 		bl	COL3_Write
 227              	.LVL32:
  76:keypad.c      ****         return('4');
 228              		.loc 1 76 0
 229 00de 3420     		movs	r0, #52
 230 00e0 08BD     		pop	{r3, pc}
 231              	.L15:
  77:keypad.c      ****     }
  78:keypad.c      ****     if (!ROW3_Read()) {
 232              		.loc 1 78 0
 233 00e2 FFF7FEFF 		bl	ROW3_Read
 234              	.LVL33:
 235 00e6 20B9     		cbnz	r0, .L16
  79:keypad.c      ****         COL3_Write(1);
 236              		.loc 1 79 0
 237 00e8 0120     		movs	r0, #1
 238 00ea FFF7FEFF 		bl	COL3_Write
 239              	.LVL34:
  80:keypad.c      ****         return('1');
 240              		.loc 1 80 0
 241 00ee 3120     		movs	r0, #49
 242 00f0 08BD     		pop	{r3, pc}
 243              	.L16:
  81:keypad.c      ****     }
  82:keypad.c      ****     COL3_Write(1);
 244              		.loc 1 82 0
 245 00f2 0120     		movs	r0, #1
 246 00f4 FFF7FEFF 		bl	COL3_Write
 247              	.LVL35:
  83:keypad.c      ****     
  84:keypad.c      ****     return('z');
 248              		.loc 1 84 0
 249 00f8 7A20     		movs	r0, #122
  85:keypad.c      **** }
 250              		.loc 1 85 0
 251 00fa 08BD     		pop	{r3, pc}
 252              		.cfi_endproc
 253              	.LFE64:
 254              		.size	keypadScan, .-keypadScan
 255              		.text
 256              	.Letext0:
 257              		.file 2 "c:\\program files (x86)\\cypress\\psoc creator\\4.4\\psoc creator\\import\\gnu\\arm\\5.4.
ARM GAS  C:\Users\bourg\AppData\Local\Temp\ccQ83UAt.s 			page 7


 258              		.file 3 "c:\\program files (x86)\\cypress\\psoc creator\\4.4\\psoc creator\\import\\gnu\\arm\\5.4.
 259              		.file 4 "Generated_Source\\PSoC5/COL1.h"
 260              		.file 5 "Generated_Source\\PSoC5/COL2.h"
 261              		.file 6 "Generated_Source\\PSoC5/COL3.h"
 262              		.file 7 "Generated_Source\\PSoC5/CyLib.h"
 263              		.file 8 "Generated_Source\\PSoC5/ROW0.h"
 264              		.file 9 "Generated_Source\\PSoC5/ROW1.h"
 265              		.file 10 "Generated_Source\\PSoC5/ROW2.h"
 266              		.file 11 "Generated_Source\\PSoC5/ROW3.h"
 267              		.file 12 "Generated_Source\\PSoC5/core_cm3.h"
 268              		.section	.debug_info,"",%progbits
 269              	.Ldebug_info0:
 270 0000 7C030000 		.4byte	0x37c
 271 0004 0400     		.2byte	0x4
 272 0006 00000000 		.4byte	.Ldebug_abbrev0
 273 000a 04       		.byte	0x4
 274 000b 01       		.uleb128 0x1
 275 000c 53000000 		.4byte	.LASF26
 276 0010 0C       		.byte	0xc
 277 0011 0E000000 		.4byte	.LASF27
 278 0015 D2010000 		.4byte	.LASF28
 279 0019 00000000 		.4byte	.Ldebug_ranges0+0
 280 001d 00000000 		.4byte	0
 281 0021 00000000 		.4byte	.Ldebug_line0
 282 0025 02       		.uleb128 0x2
 283 0026 01       		.byte	0x1
 284 0027 06       		.byte	0x6
 285 0028 C6010000 		.4byte	.LASF0
 286 002c 03       		.uleb128 0x3
 287 002d 17000000 		.4byte	.LASF4
 288 0031 02       		.byte	0x2
 289 0032 1D       		.byte	0x1d
 290 0033 37000000 		.4byte	0x37
 291 0037 02       		.uleb128 0x2
 292 0038 01       		.byte	0x1
 293 0039 08       		.byte	0x8
 294 003a 45000000 		.4byte	.LASF1
 295 003e 02       		.uleb128 0x2
 296 003f 02       		.byte	0x2
 297 0040 05       		.byte	0x5
 298 0041 87010000 		.4byte	.LASF2
 299 0045 02       		.uleb128 0x2
 300 0046 02       		.byte	0x2
 301 0047 07       		.byte	0x7
 302 0048 F3000000 		.4byte	.LASF3
 303 004c 03       		.uleb128 0x3
 304 004d 2B000000 		.4byte	.LASF5
 305 0051 02       		.byte	0x2
 306 0052 3F       		.byte	0x3f
 307 0053 57000000 		.4byte	0x57
 308 0057 02       		.uleb128 0x2
 309 0058 04       		.byte	0x4
 310 0059 05       		.byte	0x5
 311 005a A6010000 		.4byte	.LASF6
 312 005e 02       		.uleb128 0x2
 313 005f 04       		.byte	0x4
 314 0060 07       		.byte	0x7
ARM GAS  C:\Users\bourg\AppData\Local\Temp\ccQ83UAt.s 			page 8


 315 0061 E1000000 		.4byte	.LASF7
 316 0065 02       		.uleb128 0x2
 317 0066 08       		.byte	0x8
 318 0067 05       		.byte	0x5
 319 0068 00000000 		.4byte	.LASF8
 320 006c 02       		.uleb128 0x2
 321 006d 08       		.byte	0x8
 322 006e 07       		.byte	0x7
 323 006f 31010000 		.4byte	.LASF9
 324 0073 04       		.uleb128 0x4
 325 0074 04       		.byte	0x4
 326 0075 05       		.byte	0x5
 327 0076 696E7400 		.ascii	"int\000"
 328 007a 02       		.uleb128 0x2
 329 007b 04       		.byte	0x4
 330 007c 07       		.byte	0x7
 331 007d 24010000 		.4byte	.LASF10
 332 0081 03       		.uleb128 0x3
 333 0082 48010000 		.4byte	.LASF11
 334 0086 03       		.byte	0x3
 335 0087 18       		.byte	0x18
 336 0088 2C000000 		.4byte	0x2c
 337 008c 03       		.uleb128 0x3
 338 008d 50010000 		.4byte	.LASF12
 339 0091 03       		.byte	0x3
 340 0092 2C       		.byte	0x2c
 341 0093 4C000000 		.4byte	0x4c
 342 0097 02       		.uleb128 0x2
 343 0098 04       		.byte	0x4
 344 0099 04       		.byte	0x4
 345 009a 3F000000 		.4byte	.LASF13
 346 009e 02       		.uleb128 0x2
 347 009f 08       		.byte	0x8
 348 00a0 04       		.byte	0x4
 349 00a1 1D010000 		.4byte	.LASF14
 350 00a5 02       		.uleb128 0x2
 351 00a6 01       		.byte	0x1
 352 00a7 08       		.byte	0x8
 353 00a8 77010000 		.4byte	.LASF15
 354 00ac 02       		.uleb128 0x2
 355 00ad 04       		.byte	0x4
 356 00ae 07       		.byte	0x7
 357 00af 58010000 		.4byte	.LASF16
 358 00b3 02       		.uleb128 0x2
 359 00b4 08       		.byte	0x8
 360 00b5 04       		.byte	0x4
 361 00b6 AF010000 		.4byte	.LASF17
 362 00ba 05       		.uleb128 0x5
 363 00bb 61010000 		.4byte	.LASF29
 364 00bf 01       		.byte	0x1
 365 00c0 11       		.byte	0x11
 366 00c1 00000000 		.4byte	.LFB63
 367 00c5 16000000 		.4byte	.LFE63-.LFB63
 368 00c9 01       		.uleb128 0x1
 369 00ca 9C       		.byte	0x9c
 370 00cb 05010000 		.4byte	0x105
 371 00cf 06       		.uleb128 0x6
ARM GAS  C:\Users\bourg\AppData\Local\Temp\ccQ83UAt.s 			page 9


 372 00d0 08000000 		.4byte	.LVL0
 373 00d4 27030000 		.4byte	0x327
 374 00d8 E2000000 		.4byte	0xe2
 375 00dc 07       		.uleb128 0x7
 376 00dd 01       		.uleb128 0x1
 377 00de 50       		.byte	0x50
 378 00df 01       		.uleb128 0x1
 379 00e0 31       		.byte	0x31
 380 00e1 00       		.byte	0
 381 00e2 06       		.uleb128 0x6
 382 00e3 0E000000 		.4byte	.LVL1
 383 00e7 32030000 		.4byte	0x332
 384 00eb F5000000 		.4byte	0xf5
 385 00ef 07       		.uleb128 0x7
 386 00f0 01       		.uleb128 0x1
 387 00f1 50       		.byte	0x50
 388 00f2 01       		.uleb128 0x1
 389 00f3 31       		.byte	0x31
 390 00f4 00       		.byte	0
 391 00f5 08       		.uleb128 0x8
 392 00f6 14000000 		.4byte	.LVL2
 393 00fa 3D030000 		.4byte	0x33d
 394 00fe 07       		.uleb128 0x7
 395 00ff 01       		.uleb128 0x1
 396 0100 50       		.byte	0x50
 397 0101 01       		.uleb128 0x1
 398 0102 31       		.byte	0x31
 399 0103 00       		.byte	0
 400 0104 00       		.byte	0
 401 0105 09       		.uleb128 0x9
 402 0106 7C010000 		.4byte	.LASF30
 403 010a 01       		.byte	0x1
 404 010b 17       		.byte	0x17
 405 010c 81000000 		.4byte	0x81
 406 0110 00000000 		.4byte	.LFB64
 407 0114 FC000000 		.4byte	.LFE64-.LFB64
 408 0118 01       		.uleb128 0x1
 409 0119 9C       		.byte	0x9c
 410 011a 16030000 		.4byte	0x316
 411 011e 06       		.uleb128 0x6
 412 011f 08000000 		.4byte	.LVL3
 413 0123 27030000 		.4byte	0x327
 414 0127 31010000 		.4byte	0x131
 415 012b 07       		.uleb128 0x7
 416 012c 01       		.uleb128 0x1
 417 012d 50       		.byte	0x50
 418 012e 01       		.uleb128 0x1
 419 012f 30       		.byte	0x30
 420 0130 00       		.byte	0
 421 0131 06       		.uleb128 0x6
 422 0132 0E000000 		.4byte	.LVL4
 423 0136 48030000 		.4byte	0x348
 424 013a 44010000 		.4byte	0x144
 425 013e 07       		.uleb128 0x7
 426 013f 01       		.uleb128 0x1
 427 0140 50       		.byte	0x50
 428 0141 01       		.uleb128 0x1
ARM GAS  C:\Users\bourg\AppData\Local\Temp\ccQ83UAt.s 			page 10


 429 0142 35       		.byte	0x35
 430 0143 00       		.byte	0
 431 0144 0A       		.uleb128 0xa
 432 0145 12000000 		.4byte	.LVL5
 433 0149 53030000 		.4byte	0x353
 434 014d 06       		.uleb128 0x6
 435 014e 1A000000 		.4byte	.LVL6
 436 0152 27030000 		.4byte	0x327
 437 0156 60010000 		.4byte	0x160
 438 015a 07       		.uleb128 0x7
 439 015b 01       		.uleb128 0x1
 440 015c 50       		.byte	0x50
 441 015d 01       		.uleb128 0x1
 442 015e 31       		.byte	0x31
 443 015f 00       		.byte	0
 444 0160 0A       		.uleb128 0xa
 445 0161 22000000 		.4byte	.LVL7
 446 0165 5E030000 		.4byte	0x35e
 447 0169 06       		.uleb128 0x6
 448 016a 2A000000 		.4byte	.LVL8
 449 016e 27030000 		.4byte	0x327
 450 0172 7C010000 		.4byte	0x17c
 451 0176 07       		.uleb128 0x7
 452 0177 01       		.uleb128 0x1
 453 0178 50       		.byte	0x50
 454 0179 01       		.uleb128 0x1
 455 017a 31       		.byte	0x31
 456 017b 00       		.byte	0
 457 017c 0A       		.uleb128 0xa
 458 017d 32000000 		.4byte	.LVL9
 459 0181 69030000 		.4byte	0x369
 460 0185 06       		.uleb128 0x6
 461 0186 3A000000 		.4byte	.LVL10
 462 018a 27030000 		.4byte	0x327
 463 018e 98010000 		.4byte	0x198
 464 0192 07       		.uleb128 0x7
 465 0193 01       		.uleb128 0x1
 466 0194 50       		.byte	0x50
 467 0195 01       		.uleb128 0x1
 468 0196 31       		.byte	0x31
 469 0197 00       		.byte	0
 470 0198 0A       		.uleb128 0xa
 471 0199 42000000 		.4byte	.LVL11
 472 019d 74030000 		.4byte	0x374
 473 01a1 06       		.uleb128 0x6
 474 01a2 4A000000 		.4byte	.LVL12
 475 01a6 27030000 		.4byte	0x327
 476 01aa B4010000 		.4byte	0x1b4
 477 01ae 07       		.uleb128 0x7
 478 01af 01       		.uleb128 0x1
 479 01b0 50       		.byte	0x50
 480 01b1 01       		.uleb128 0x1
 481 01b2 31       		.byte	0x31
 482 01b3 00       		.byte	0
 483 01b4 06       		.uleb128 0x6
 484 01b5 54000000 		.4byte	.LVL13
 485 01b9 27030000 		.4byte	0x327
ARM GAS  C:\Users\bourg\AppData\Local\Temp\ccQ83UAt.s 			page 11


 486 01bd C7010000 		.4byte	0x1c7
 487 01c1 07       		.uleb128 0x7
 488 01c2 01       		.uleb128 0x1
 489 01c3 50       		.byte	0x50
 490 01c4 01       		.uleb128 0x1
 491 01c5 31       		.byte	0x31
 492 01c6 00       		.byte	0
 493 01c7 06       		.uleb128 0x6
 494 01c8 5A000000 		.4byte	.LVL14
 495 01cc 32030000 		.4byte	0x332
 496 01d0 DA010000 		.4byte	0x1da
 497 01d4 07       		.uleb128 0x7
 498 01d5 01       		.uleb128 0x1
 499 01d6 50       		.byte	0x50
 500 01d7 01       		.uleb128 0x1
 501 01d8 30       		.byte	0x30
 502 01d9 00       		.byte	0
 503 01da 06       		.uleb128 0x6
 504 01db 60000000 		.4byte	.LVL15
 505 01df 48030000 		.4byte	0x348
 506 01e3 ED010000 		.4byte	0x1ed
 507 01e7 07       		.uleb128 0x7
 508 01e8 01       		.uleb128 0x1
 509 01e9 50       		.byte	0x50
 510 01ea 01       		.uleb128 0x1
 511 01eb 35       		.byte	0x35
 512 01ec 00       		.byte	0
 513 01ed 0A       		.uleb128 0xa
 514 01ee 64000000 		.4byte	.LVL16
 515 01f2 53030000 		.4byte	0x353
 516 01f6 06       		.uleb128 0x6
 517 01f7 6C000000 		.4byte	.LVL17
 518 01fb 32030000 		.4byte	0x332
 519 01ff 09020000 		.4byte	0x209
 520 0203 07       		.uleb128 0x7
 521 0204 01       		.uleb128 0x1
 522 0205 50       		.byte	0x50
 523 0206 01       		.uleb128 0x1
 524 0207 31       		.byte	0x31
 525 0208 00       		.byte	0
 526 0209 0A       		.uleb128 0xa
 527 020a 74000000 		.4byte	.LVL18
 528 020e 5E030000 		.4byte	0x35e
 529 0212 06       		.uleb128 0x6
 530 0213 7C000000 		.4byte	.LVL19
 531 0217 32030000 		.4byte	0x332
 532 021b 25020000 		.4byte	0x225
 533 021f 07       		.uleb128 0x7
 534 0220 01       		.uleb128 0x1
 535 0221 50       		.byte	0x50
 536 0222 01       		.uleb128 0x1
 537 0223 31       		.byte	0x31
 538 0224 00       		.byte	0
 539 0225 0A       		.uleb128 0xa
 540 0226 84000000 		.4byte	.LVL20
 541 022a 69030000 		.4byte	0x369
 542 022e 06       		.uleb128 0x6
ARM GAS  C:\Users\bourg\AppData\Local\Temp\ccQ83UAt.s 			page 12


 543 022f 8C000000 		.4byte	.LVL21
 544 0233 32030000 		.4byte	0x332
 545 0237 41020000 		.4byte	0x241
 546 023b 07       		.uleb128 0x7
 547 023c 01       		.uleb128 0x1
 548 023d 50       		.byte	0x50
 549 023e 01       		.uleb128 0x1
 550 023f 31       		.byte	0x31
 551 0240 00       		.byte	0
 552 0241 0A       		.uleb128 0xa
 553 0242 94000000 		.4byte	.LVL22
 554 0246 74030000 		.4byte	0x374
 555 024a 06       		.uleb128 0x6
 556 024b 9C000000 		.4byte	.LVL23
 557 024f 32030000 		.4byte	0x332
 558 0253 5D020000 		.4byte	0x25d
 559 0257 07       		.uleb128 0x7
 560 0258 01       		.uleb128 0x1
 561 0259 50       		.byte	0x50
 562 025a 01       		.uleb128 0x1
 563 025b 31       		.byte	0x31
 564 025c 00       		.byte	0
 565 025d 06       		.uleb128 0x6
 566 025e A6000000 		.4byte	.LVL24
 567 0262 32030000 		.4byte	0x332
 568 0266 70020000 		.4byte	0x270
 569 026a 07       		.uleb128 0x7
 570 026b 01       		.uleb128 0x1
 571 026c 50       		.byte	0x50
 572 026d 01       		.uleb128 0x1
 573 026e 31       		.byte	0x31
 574 026f 00       		.byte	0
 575 0270 06       		.uleb128 0x6
 576 0271 AC000000 		.4byte	.LVL25
 577 0275 3D030000 		.4byte	0x33d
 578 0279 83020000 		.4byte	0x283
 579 027d 07       		.uleb128 0x7
 580 027e 01       		.uleb128 0x1
 581 027f 50       		.byte	0x50
 582 0280 01       		.uleb128 0x1
 583 0281 30       		.byte	0x30
 584 0282 00       		.byte	0
 585 0283 06       		.uleb128 0x6
 586 0284 B2000000 		.4byte	.LVL26
 587 0288 48030000 		.4byte	0x348
 588 028c 96020000 		.4byte	0x296
 589 0290 07       		.uleb128 0x7
 590 0291 01       		.uleb128 0x1
 591 0292 50       		.byte	0x50
 592 0293 01       		.uleb128 0x1
 593 0294 35       		.byte	0x35
 594 0295 00       		.byte	0
 595 0296 0A       		.uleb128 0xa
 596 0297 B6000000 		.4byte	.LVL27
 597 029b 53030000 		.4byte	0x353
 598 029f 06       		.uleb128 0x6
 599 02a0 BE000000 		.4byte	.LVL28
ARM GAS  C:\Users\bourg\AppData\Local\Temp\ccQ83UAt.s 			page 13


 600 02a4 3D030000 		.4byte	0x33d
 601 02a8 B2020000 		.4byte	0x2b2
 602 02ac 07       		.uleb128 0x7
 603 02ad 01       		.uleb128 0x1
 604 02ae 50       		.byte	0x50
 605 02af 01       		.uleb128 0x1
 606 02b0 31       		.byte	0x31
 607 02b1 00       		.byte	0
 608 02b2 0A       		.uleb128 0xa
 609 02b3 C6000000 		.4byte	.LVL29
 610 02b7 5E030000 		.4byte	0x35e
 611 02bb 06       		.uleb128 0x6
 612 02bc CE000000 		.4byte	.LVL30
 613 02c0 3D030000 		.4byte	0x33d
 614 02c4 CE020000 		.4byte	0x2ce
 615 02c8 07       		.uleb128 0x7
 616 02c9 01       		.uleb128 0x1
 617 02ca 50       		.byte	0x50
 618 02cb 01       		.uleb128 0x1
 619 02cc 31       		.byte	0x31
 620 02cd 00       		.byte	0
 621 02ce 0A       		.uleb128 0xa
 622 02cf D6000000 		.4byte	.LVL31
 623 02d3 69030000 		.4byte	0x369
 624 02d7 06       		.uleb128 0x6
 625 02d8 DE000000 		.4byte	.LVL32
 626 02dc 3D030000 		.4byte	0x33d
 627 02e0 EA020000 		.4byte	0x2ea
 628 02e4 07       		.uleb128 0x7
 629 02e5 01       		.uleb128 0x1
 630 02e6 50       		.byte	0x50
 631 02e7 01       		.uleb128 0x1
 632 02e8 31       		.byte	0x31
 633 02e9 00       		.byte	0
 634 02ea 0A       		.uleb128 0xa
 635 02eb E6000000 		.4byte	.LVL33
 636 02ef 74030000 		.4byte	0x374
 637 02f3 06       		.uleb128 0x6
 638 02f4 EE000000 		.4byte	.LVL34
 639 02f8 3D030000 		.4byte	0x33d
 640 02fc 06030000 		.4byte	0x306
 641 0300 07       		.uleb128 0x7
 642 0301 01       		.uleb128 0x1
 643 0302 50       		.byte	0x50
 644 0303 01       		.uleb128 0x1
 645 0304 31       		.byte	0x31
 646 0305 00       		.byte	0
 647 0306 08       		.uleb128 0x8
 648 0307 F8000000 		.4byte	.LVL35
 649 030b 3D030000 		.4byte	0x33d
 650 030f 07       		.uleb128 0x7
 651 0310 01       		.uleb128 0x1
 652 0311 50       		.byte	0x50
 653 0312 01       		.uleb128 0x1
 654 0313 31       		.byte	0x31
 655 0314 00       		.byte	0
 656 0315 00       		.byte	0
ARM GAS  C:\Users\bourg\AppData\Local\Temp\ccQ83UAt.s 			page 14


 657 0316 0B       		.uleb128 0xb
 658 0317 10010000 		.4byte	.LASF31
 659 031b 0C       		.byte	0xc
 660 031c 1207     		.2byte	0x712
 661 031e 22030000 		.4byte	0x322
 662 0322 0C       		.uleb128 0xc
 663 0323 8C000000 		.4byte	0x8c
 664 0327 0D       		.uleb128 0xd
 665 0328 6C010000 		.4byte	.LASF18
 666 032c 6C010000 		.4byte	.LASF18
 667 0330 04       		.byte	0x4
 668 0331 26       		.byte	0x26
 669 0332 0D       		.uleb128 0xd
 670 0333 91010000 		.4byte	.LASF19
 671 0337 91010000 		.4byte	.LASF19
 672 033b 05       		.byte	0x5
 673 033c 26       		.byte	0x26
 674 033d 0D       		.uleb128 0xd
 675 033e BB010000 		.4byte	.LASF20
 676 0342 BB010000 		.4byte	.LASF20
 677 0346 06       		.byte	0x6
 678 0347 26       		.byte	0x26
 679 0348 0D       		.uleb128 0xd
 680 0349 07020000 		.4byte	.LASF21
 681 034d 07020000 		.4byte	.LASF21
 682 0351 07       		.byte	0x7
 683 0352 76       		.byte	0x76
 684 0353 0D       		.uleb128 0xd
 685 0354 35000000 		.4byte	.LASF22
 686 0358 35000000 		.4byte	.LASF22
 687 035c 08       		.byte	0x8
 688 035d 29       		.byte	0x29
 689 035e 0D       		.uleb128 0xd
 690 035f 06010000 		.4byte	.LASF23
 691 0363 06010000 		.4byte	.LASF23
 692 0367 09       		.byte	0x9
 693 0368 29       		.byte	0x29
 694 0369 0D       		.uleb128 0xd
 695 036a 9C010000 		.4byte	.LASF24
 696 036e 9C010000 		.4byte	.LASF24
 697 0372 0A       		.byte	0xa
 698 0373 29       		.byte	0x29
 699 0374 0D       		.uleb128 0xd
 700 0375 21000000 		.4byte	.LASF25
 701 0379 21000000 		.4byte	.LASF25
 702 037d 0B       		.byte	0xb
 703 037e 29       		.byte	0x29
 704 037f 00       		.byte	0
 705              		.section	.debug_abbrev,"",%progbits
 706              	.Ldebug_abbrev0:
 707 0000 01       		.uleb128 0x1
 708 0001 11       		.uleb128 0x11
 709 0002 01       		.byte	0x1
 710 0003 25       		.uleb128 0x25
 711 0004 0E       		.uleb128 0xe
 712 0005 13       		.uleb128 0x13
 713 0006 0B       		.uleb128 0xb
ARM GAS  C:\Users\bourg\AppData\Local\Temp\ccQ83UAt.s 			page 15


 714 0007 03       		.uleb128 0x3
 715 0008 0E       		.uleb128 0xe
 716 0009 1B       		.uleb128 0x1b
 717 000a 0E       		.uleb128 0xe
 718 000b 55       		.uleb128 0x55
 719 000c 17       		.uleb128 0x17
 720 000d 11       		.uleb128 0x11
 721 000e 01       		.uleb128 0x1
 722 000f 10       		.uleb128 0x10
 723 0010 17       		.uleb128 0x17
 724 0011 00       		.byte	0
 725 0012 00       		.byte	0
 726 0013 02       		.uleb128 0x2
 727 0014 24       		.uleb128 0x24
 728 0015 00       		.byte	0
 729 0016 0B       		.uleb128 0xb
 730 0017 0B       		.uleb128 0xb
 731 0018 3E       		.uleb128 0x3e
 732 0019 0B       		.uleb128 0xb
 733 001a 03       		.uleb128 0x3
 734 001b 0E       		.uleb128 0xe
 735 001c 00       		.byte	0
 736 001d 00       		.byte	0
 737 001e 03       		.uleb128 0x3
 738 001f 16       		.uleb128 0x16
 739 0020 00       		.byte	0
 740 0021 03       		.uleb128 0x3
 741 0022 0E       		.uleb128 0xe
 742 0023 3A       		.uleb128 0x3a
 743 0024 0B       		.uleb128 0xb
 744 0025 3B       		.uleb128 0x3b
 745 0026 0B       		.uleb128 0xb
 746 0027 49       		.uleb128 0x49
 747 0028 13       		.uleb128 0x13
 748 0029 00       		.byte	0
 749 002a 00       		.byte	0
 750 002b 04       		.uleb128 0x4
 751 002c 24       		.uleb128 0x24
 752 002d 00       		.byte	0
 753 002e 0B       		.uleb128 0xb
 754 002f 0B       		.uleb128 0xb
 755 0030 3E       		.uleb128 0x3e
 756 0031 0B       		.uleb128 0xb
 757 0032 03       		.uleb128 0x3
 758 0033 08       		.uleb128 0x8
 759 0034 00       		.byte	0
 760 0035 00       		.byte	0
 761 0036 05       		.uleb128 0x5
 762 0037 2E       		.uleb128 0x2e
 763 0038 01       		.byte	0x1
 764 0039 3F       		.uleb128 0x3f
 765 003a 19       		.uleb128 0x19
 766 003b 03       		.uleb128 0x3
 767 003c 0E       		.uleb128 0xe
 768 003d 3A       		.uleb128 0x3a
 769 003e 0B       		.uleb128 0xb
 770 003f 3B       		.uleb128 0x3b
ARM GAS  C:\Users\bourg\AppData\Local\Temp\ccQ83UAt.s 			page 16


 771 0040 0B       		.uleb128 0xb
 772 0041 27       		.uleb128 0x27
 773 0042 19       		.uleb128 0x19
 774 0043 11       		.uleb128 0x11
 775 0044 01       		.uleb128 0x1
 776 0045 12       		.uleb128 0x12
 777 0046 06       		.uleb128 0x6
 778 0047 40       		.uleb128 0x40
 779 0048 18       		.uleb128 0x18
 780 0049 9742     		.uleb128 0x2117
 781 004b 19       		.uleb128 0x19
 782 004c 01       		.uleb128 0x1
 783 004d 13       		.uleb128 0x13
 784 004e 00       		.byte	0
 785 004f 00       		.byte	0
 786 0050 06       		.uleb128 0x6
 787 0051 898201   		.uleb128 0x4109
 788 0054 01       		.byte	0x1
 789 0055 11       		.uleb128 0x11
 790 0056 01       		.uleb128 0x1
 791 0057 31       		.uleb128 0x31
 792 0058 13       		.uleb128 0x13
 793 0059 01       		.uleb128 0x1
 794 005a 13       		.uleb128 0x13
 795 005b 00       		.byte	0
 796 005c 00       		.byte	0
 797 005d 07       		.uleb128 0x7
 798 005e 8A8201   		.uleb128 0x410a
 799 0061 00       		.byte	0
 800 0062 02       		.uleb128 0x2
 801 0063 18       		.uleb128 0x18
 802 0064 9142     		.uleb128 0x2111
 803 0066 18       		.uleb128 0x18
 804 0067 00       		.byte	0
 805 0068 00       		.byte	0
 806 0069 08       		.uleb128 0x8
 807 006a 898201   		.uleb128 0x4109
 808 006d 01       		.byte	0x1
 809 006e 11       		.uleb128 0x11
 810 006f 01       		.uleb128 0x1
 811 0070 31       		.uleb128 0x31
 812 0071 13       		.uleb128 0x13
 813 0072 00       		.byte	0
 814 0073 00       		.byte	0
 815 0074 09       		.uleb128 0x9
 816 0075 2E       		.uleb128 0x2e
 817 0076 01       		.byte	0x1
 818 0077 3F       		.uleb128 0x3f
 819 0078 19       		.uleb128 0x19
 820 0079 03       		.uleb128 0x3
 821 007a 0E       		.uleb128 0xe
 822 007b 3A       		.uleb128 0x3a
 823 007c 0B       		.uleb128 0xb
 824 007d 3B       		.uleb128 0x3b
 825 007e 0B       		.uleb128 0xb
 826 007f 27       		.uleb128 0x27
 827 0080 19       		.uleb128 0x19
ARM GAS  C:\Users\bourg\AppData\Local\Temp\ccQ83UAt.s 			page 17


 828 0081 49       		.uleb128 0x49
 829 0082 13       		.uleb128 0x13
 830 0083 11       		.uleb128 0x11
 831 0084 01       		.uleb128 0x1
 832 0085 12       		.uleb128 0x12
 833 0086 06       		.uleb128 0x6
 834 0087 40       		.uleb128 0x40
 835 0088 18       		.uleb128 0x18
 836 0089 9742     		.uleb128 0x2117
 837 008b 19       		.uleb128 0x19
 838 008c 01       		.uleb128 0x1
 839 008d 13       		.uleb128 0x13
 840 008e 00       		.byte	0
 841 008f 00       		.byte	0
 842 0090 0A       		.uleb128 0xa
 843 0091 898201   		.uleb128 0x4109
 844 0094 00       		.byte	0
 845 0095 11       		.uleb128 0x11
 846 0096 01       		.uleb128 0x1
 847 0097 31       		.uleb128 0x31
 848 0098 13       		.uleb128 0x13
 849 0099 00       		.byte	0
 850 009a 00       		.byte	0
 851 009b 0B       		.uleb128 0xb
 852 009c 34       		.uleb128 0x34
 853 009d 00       		.byte	0
 854 009e 03       		.uleb128 0x3
 855 009f 0E       		.uleb128 0xe
 856 00a0 3A       		.uleb128 0x3a
 857 00a1 0B       		.uleb128 0xb
 858 00a2 3B       		.uleb128 0x3b
 859 00a3 05       		.uleb128 0x5
 860 00a4 49       		.uleb128 0x49
 861 00a5 13       		.uleb128 0x13
 862 00a6 3F       		.uleb128 0x3f
 863 00a7 19       		.uleb128 0x19
 864 00a8 3C       		.uleb128 0x3c
 865 00a9 19       		.uleb128 0x19
 866 00aa 00       		.byte	0
 867 00ab 00       		.byte	0
 868 00ac 0C       		.uleb128 0xc
 869 00ad 35       		.uleb128 0x35
 870 00ae 00       		.byte	0
 871 00af 49       		.uleb128 0x49
 872 00b0 13       		.uleb128 0x13
 873 00b1 00       		.byte	0
 874 00b2 00       		.byte	0
 875 00b3 0D       		.uleb128 0xd
 876 00b4 2E       		.uleb128 0x2e
 877 00b5 00       		.byte	0
 878 00b6 3F       		.uleb128 0x3f
 879 00b7 19       		.uleb128 0x19
 880 00b8 3C       		.uleb128 0x3c
 881 00b9 19       		.uleb128 0x19
 882 00ba 6E       		.uleb128 0x6e
 883 00bb 0E       		.uleb128 0xe
 884 00bc 03       		.uleb128 0x3
ARM GAS  C:\Users\bourg\AppData\Local\Temp\ccQ83UAt.s 			page 18


 885 00bd 0E       		.uleb128 0xe
 886 00be 3A       		.uleb128 0x3a
 887 00bf 0B       		.uleb128 0xb
 888 00c0 3B       		.uleb128 0x3b
 889 00c1 0B       		.uleb128 0xb
 890 00c2 00       		.byte	0
 891 00c3 00       		.byte	0
 892 00c4 00       		.byte	0
 893              		.section	.debug_aranges,"",%progbits
 894 0000 24000000 		.4byte	0x24
 895 0004 0200     		.2byte	0x2
 896 0006 00000000 		.4byte	.Ldebug_info0
 897 000a 04       		.byte	0x4
 898 000b 00       		.byte	0
 899 000c 0000     		.2byte	0
 900 000e 0000     		.2byte	0
 901 0010 00000000 		.4byte	.LFB63
 902 0014 16000000 		.4byte	.LFE63-.LFB63
 903 0018 00000000 		.4byte	.LFB64
 904 001c FC000000 		.4byte	.LFE64-.LFB64
 905 0020 00000000 		.4byte	0
 906 0024 00000000 		.4byte	0
 907              		.section	.debug_ranges,"",%progbits
 908              	.Ldebug_ranges0:
 909 0000 00000000 		.4byte	.LFB63
 910 0004 16000000 		.4byte	.LFE63
 911 0008 00000000 		.4byte	.LFB64
 912 000c FC000000 		.4byte	.LFE64
 913 0010 00000000 		.4byte	0
 914 0014 00000000 		.4byte	0
 915              		.section	.debug_line,"",%progbits
 916              	.Ldebug_line0:
 917 0000 E8010000 		.section	.debug_str,"MS",%progbits,1
 917      02009201 
 917      00000201 
 917      FB0E0D00 
 917      01010101 
 918              	.LASF8:
 919 0000 6C6F6E67 		.ascii	"long long int\000"
 919      206C6F6E 
 919      6720696E 
 919      7400
 920              	.LASF27:
 921 000e 6B657970 		.ascii	"keypad.c\000"
 921      61642E63 
 921      00
 922              	.LASF4:
 923 0017 5F5F7569 		.ascii	"__uint8_t\000"
 923      6E74385F 
 923      7400
 924              	.LASF25:
 925 0021 524F5733 		.ascii	"ROW3_Read\000"
 925      5F526561 
 925      6400
 926              	.LASF5:
 927 002b 5F5F696E 		.ascii	"__int32_t\000"
 927      7433325F 
ARM GAS  C:\Users\bourg\AppData\Local\Temp\ccQ83UAt.s 			page 19


 927      7400
 928              	.LASF22:
 929 0035 524F5730 		.ascii	"ROW0_Read\000"
 929      5F526561 
 929      6400
 930              	.LASF13:
 931 003f 666C6F61 		.ascii	"float\000"
 931      7400
 932              	.LASF1:
 933 0045 756E7369 		.ascii	"unsigned char\000"
 933      676E6564 
 933      20636861 
 933      7200
 934              	.LASF26:
 935 0053 474E5520 		.ascii	"GNU C11 5.4.1 20160609 (release) [ARM/embedded-5-br"
 935      43313120 
 935      352E342E 
 935      31203230 
 935      31363036 
 936 0086 616E6368 		.ascii	"anch revision 237715] -mcpu=cortex-m3 -mthumb -g -O"
 936      20726576 
 936      6973696F 
 936      6E203233 
 936      37373135 
 937 00b9 67202D66 		.ascii	"g -ffunction-sections -ffat-lto-objects\000"
 937      66756E63 
 937      74696F6E 
 937      2D736563 
 937      74696F6E 
 938              	.LASF7:
 939 00e1 6C6F6E67 		.ascii	"long unsigned int\000"
 939      20756E73 
 939      69676E65 
 939      6420696E 
 939      7400
 940              	.LASF3:
 941 00f3 73686F72 		.ascii	"short unsigned int\000"
 941      7420756E 
 941      7369676E 
 941      65642069 
 941      6E7400
 942              	.LASF23:
 943 0106 524F5731 		.ascii	"ROW1_Read\000"
 943      5F526561 
 943      6400
 944              	.LASF31:
 945 0110 49544D5F 		.ascii	"ITM_RxBuffer\000"
 945      52784275 
 945      66666572 
 945      00
 946              	.LASF14:
 947 011d 646F7562 		.ascii	"double\000"
 947      6C6500
 948              	.LASF10:
 949 0124 756E7369 		.ascii	"unsigned int\000"
 949      676E6564 
 949      20696E74 
ARM GAS  C:\Users\bourg\AppData\Local\Temp\ccQ83UAt.s 			page 20


 949      00
 950              	.LASF9:
 951 0131 6C6F6E67 		.ascii	"long long unsigned int\000"
 951      206C6F6E 
 951      6720756E 
 951      7369676E 
 951      65642069 
 952              	.LASF11:
 953 0148 75696E74 		.ascii	"uint8_t\000"
 953      385F7400 
 954              	.LASF12:
 955 0150 696E7433 		.ascii	"int32_t\000"
 955      325F7400 
 956              	.LASF16:
 957 0158 73697A65 		.ascii	"sizetype\000"
 957      74797065 
 957      00
 958              	.LASF29:
 959 0161 6B657970 		.ascii	"keypadInit\000"
 959      6164496E 
 959      697400
 960              	.LASF18:
 961 016c 434F4C31 		.ascii	"COL1_Write\000"
 961      5F577269 
 961      746500
 962              	.LASF15:
 963 0177 63686172 		.ascii	"char\000"
 963      00
 964              	.LASF30:
 965 017c 6B657970 		.ascii	"keypadScan\000"
 965      61645363 
 965      616E00
 966              	.LASF2:
 967 0187 73686F72 		.ascii	"short int\000"
 967      7420696E 
 967      7400
 968              	.LASF19:
 969 0191 434F4C32 		.ascii	"COL2_Write\000"
 969      5F577269 
 969      746500
 970              	.LASF24:
 971 019c 524F5732 		.ascii	"ROW2_Read\000"
 971      5F526561 
 971      6400
 972              	.LASF6:
 973 01a6 6C6F6E67 		.ascii	"long int\000"
 973      20696E74 
 973      00
 974              	.LASF17:
 975 01af 6C6F6E67 		.ascii	"long double\000"
 975      20646F75 
 975      626C6500 
 976              	.LASF20:
 977 01bb 434F4C33 		.ascii	"COL3_Write\000"
 977      5F577269 
 977      746500
 978              	.LASF0:
ARM GAS  C:\Users\bourg\AppData\Local\Temp\ccQ83UAt.s 			page 21


 979 01c6 7369676E 		.ascii	"signed char\000"
 979      65642063 
 979      68617200 
 980              	.LASF28:
 981 01d2 443A5C62 		.ascii	"D:\\bourg\\Documents\\PSoC Creator\\labo1\\Design01"
 981      6F757267 
 981      5C446F63 
 981      756D656E 
 981      74735C50 
 982 0200 2E637964 		.ascii	".cydsn\000"
 982      736E00
 983              	.LASF21:
 984 0207 43794465 		.ascii	"CyDelay\000"
 984      6C617900 
 985              		.ident	"GCC: (GNU Tools for ARM Embedded Processors) 5.4.1 20160609 (release) [ARM/embedded-5-bran
