ARM GAS  C:\Users\bourg\AppData\Local\Temp\ccvQwVoV.s 			page 1


   1              		.syntax unified
   2              		.cpu cortex-m3
   3              		.fpu softvfp
   4              		.eabi_attribute 20, 1
   5              		.eabi_attribute 21, 1
   6              		.eabi_attribute 23, 3
   7              		.eabi_attribute 24, 1
   8              		.eabi_attribute 25, 1
   9              		.eabi_attribute 26, 1
  10              		.eabi_attribute 30, 1
  11              		.eabi_attribute 34, 1
  12              		.eabi_attribute 18, 4
  13              		.thumb
  14              		.syntax unified
  15              		.file	"keypad.c"
  16              		.text
  17              	.Ltext0:
  18              		.cfi_sections	.debug_frame
  19              		.section	.text.keypadInit,"ax",%progbits
  20              		.align	2
  21              		.global	keypadInit
  22              		.thumb
  23              		.thumb_func
  24              		.type	keypadInit, %function
  25              	keypadInit:
  26              	.LFB63:
  27              		.file 1 "keypad.c"
   1:keypad.c      **** /* ========================================
   2:keypad.c      ****  *
   3:keypad.c      ****  * Copyright YOUR COMPANY, THE YEAR
   4:keypad.c      ****  * All Rights Reserved
   5:keypad.c      ****  * UNPUBLISHED, LICENSED SOFTWARE.
   6:keypad.c      ****  *
   7:keypad.c      ****  * CONFIDENTIAL AND PROPRIETARY INFORMATION
   8:keypad.c      ****  * WHICH IS THE PROPERTY OF your company.
   9:keypad.c      ****  *
  10:keypad.c      ****  * ========================================
  11:keypad.c      **** */
  12:keypad.c      **** #include "project.h"
  13:keypad.c      **** 
  14:keypad.c      **** #define KBD_DELAY   5
  15:keypad.c      **** 
  16:keypad.c      **** 
  17:keypad.c      **** void keypadInit (void) {
  28              		.loc 1 17 0
  29              		.cfi_startproc
  30              		@ args = 0, pretend = 0, frame = 0
  31              		@ frame_needed = 0, uses_anonymous_args = 0
  32 0000 08B5     		push	{r3, lr}
  33              		.cfi_def_cfa_offset 8
  34              		.cfi_offset 3, -8
  35              		.cfi_offset 14, -4
  18:keypad.c      ****     COL1_Write(1);
  36              		.loc 1 18 0
  37 0002 0120     		movs	r0, #1
  38 0004 FFF7FEFF 		bl	COL1_Write
  39              	.LVL0:
ARM GAS  C:\Users\bourg\AppData\Local\Temp\ccvQwVoV.s 			page 2


  19:keypad.c      ****     COL2_Write(1);
  40              		.loc 1 19 0
  41 0008 0120     		movs	r0, #1
  42 000a FFF7FEFF 		bl	COL2_Write
  43              	.LVL1:
  20:keypad.c      ****     COL3_Write(1);
  44              		.loc 1 20 0
  45 000e 0120     		movs	r0, #1
  46 0010 FFF7FEFF 		bl	COL3_Write
  47              	.LVL2:
  48 0014 08BD     		pop	{r3, pc}
  49              		.cfi_endproc
  50              	.LFE63:
  51              		.size	keypadInit, .-keypadInit
  52 0016 00BF     		.section	.text.keypadScan,"ax",%progbits
  53              		.align	2
  54              		.global	keypadScan
  55              		.thumb
  56              		.thumb_func
  57              		.type	keypadScan, %function
  58              	keypadScan:
  59              	.LFB64:
  21:keypad.c      **** }
  22:keypad.c      **** 
  23:keypad.c      **** uint8_t keypadScan (void) {
  60              		.loc 1 23 0
  61              		.cfi_startproc
  62              		@ args = 0, pretend = 0, frame = 0
  63              		@ frame_needed = 0, uses_anonymous_args = 0
  64 0000 08B5     		push	{r3, lr}
  65              		.cfi_def_cfa_offset 8
  66              		.cfi_offset 3, -8
  67              		.cfi_offset 14, -4
  24:keypad.c      ****     COL1_Write(0);
  68              		.loc 1 24 0
  69 0002 0020     		movs	r0, #0
  70 0004 FFF7FEFF 		bl	COL1_Write
  71              	.LVL3:
  25:keypad.c      ****     CyDelay(KBD_DELAY);
  72              		.loc 1 25 0
  73 0008 0520     		movs	r0, #5
  74 000a FFF7FEFF 		bl	CyDelay
  75              	.LVL4:
  76              	.LBB2:
  26:keypad.c      ****     if (!ROW0_Read()) {
  77              		.loc 1 26 0
  78 000e FFF7FEFF 		bl	ROW0_Read
  79              	.LVL5:
  80 0012 20B9     		cbnz	r0, .L4
  27:keypad.c      ****         COL1_Write(1);
  81              		.loc 1 27 0
  82 0014 0120     		movs	r0, #1
  83 0016 FFF7FEFF 		bl	COL1_Write
  84              	.LVL6:
  28:keypad.c      ****         return('#');
  85              		.loc 1 28 0
  86 001a 2320     		movs	r0, #35
ARM GAS  C:\Users\bourg\AppData\Local\Temp\ccvQwVoV.s 			page 3


  87 001c 08BD     		pop	{r3, pc}
  88              	.L4:
  89              	.LBE2:
  90              	.LBB3:
  29:keypad.c      ****     }
  30:keypad.c      ****     if (!ROW1_Read()) {
  91              		.loc 1 30 0
  92 001e FFF7FEFF 		bl	ROW1_Read
  93              	.LVL7:
  94 0022 20B9     		cbnz	r0, .L6
  31:keypad.c      ****         COL1_Write(1);
  95              		.loc 1 31 0
  96 0024 0120     		movs	r0, #1
  97 0026 FFF7FEFF 		bl	COL1_Write
  98              	.LVL8:
  32:keypad.c      ****         return('9');
  99              		.loc 1 32 0
 100 002a 3920     		movs	r0, #57
 101 002c 08BD     		pop	{r3, pc}
 102              	.L6:
 103              	.LBE3:
 104              	.LBB4:
  33:keypad.c      ****     }
  34:keypad.c      ****     if (!ROW2_Read()) {
 105              		.loc 1 34 0
 106 002e FFF7FEFF 		bl	ROW2_Read
 107              	.LVL9:
 108 0032 20B9     		cbnz	r0, .L7
  35:keypad.c      ****         COL1_Write(1);
 109              		.loc 1 35 0
 110 0034 0120     		movs	r0, #1
 111 0036 FFF7FEFF 		bl	COL1_Write
 112              	.LVL10:
  36:keypad.c      ****         return('6');
 113              		.loc 1 36 0
 114 003a 3620     		movs	r0, #54
 115 003c 08BD     		pop	{r3, pc}
 116              	.L7:
 117              	.LBE4:
 118              	.LBB5:
  37:keypad.c      ****     }
  38:keypad.c      ****     if (!ROW3_Read()) {
 119              		.loc 1 38 0
 120 003e FFF7FEFF 		bl	ROW3_Read
 121              	.LVL11:
 122 0042 20B9     		cbnz	r0, .L8
  39:keypad.c      ****         COL1_Write(1);
 123              		.loc 1 39 0
 124 0044 0120     		movs	r0, #1
 125 0046 FFF7FEFF 		bl	COL1_Write
 126              	.LVL12:
  40:keypad.c      ****         return('3');
 127              		.loc 1 40 0
 128 004a 3320     		movs	r0, #51
 129 004c 08BD     		pop	{r3, pc}
 130              	.L8:
 131              	.LBE5:
ARM GAS  C:\Users\bourg\AppData\Local\Temp\ccvQwVoV.s 			page 4


  41:keypad.c      ****     }
  42:keypad.c      ****     COL1_Write(1);
 132              		.loc 1 42 0
 133 004e 0120     		movs	r0, #1
 134 0050 FFF7FEFF 		bl	COL1_Write
 135              	.LVL13:
  43:keypad.c      ****     
  44:keypad.c      ****     COL2_Write(0);
 136              		.loc 1 44 0
 137 0054 0020     		movs	r0, #0
 138 0056 FFF7FEFF 		bl	COL2_Write
 139              	.LVL14:
  45:keypad.c      ****     CyDelay(KBD_DELAY);
 140              		.loc 1 45 0
 141 005a 0520     		movs	r0, #5
 142 005c FFF7FEFF 		bl	CyDelay
 143              	.LVL15:
 144              	.LBB6:
  46:keypad.c      ****     if (!ROW0_Read()) {
 145              		.loc 1 46 0
 146 0060 FFF7FEFF 		bl	ROW0_Read
 147              	.LVL16:
 148 0064 20B9     		cbnz	r0, .L9
  47:keypad.c      ****         COL2_Write(1);
 149              		.loc 1 47 0
 150 0066 0120     		movs	r0, #1
 151 0068 FFF7FEFF 		bl	COL2_Write
 152              	.LVL17:
  48:keypad.c      ****         return('0');
 153              		.loc 1 48 0
 154 006c 3020     		movs	r0, #48
 155 006e 08BD     		pop	{r3, pc}
 156              	.L9:
 157              	.LBE6:
 158              	.LBB7:
  49:keypad.c      ****     }
  50:keypad.c      ****     if (!ROW1_Read()) {
 159              		.loc 1 50 0
 160 0070 FFF7FEFF 		bl	ROW1_Read
 161              	.LVL18:
 162 0074 20B9     		cbnz	r0, .L10
  51:keypad.c      ****         COL2_Write(1);
 163              		.loc 1 51 0
 164 0076 0120     		movs	r0, #1
 165 0078 FFF7FEFF 		bl	COL2_Write
 166              	.LVL19:
  52:keypad.c      ****         return('8');
 167              		.loc 1 52 0
 168 007c 3820     		movs	r0, #56
 169 007e 08BD     		pop	{r3, pc}
 170              	.L10:
 171              	.LBE7:
 172              	.LBB8:
  53:keypad.c      ****     }
  54:keypad.c      ****     if (!ROW2_Read()) {
 173              		.loc 1 54 0
 174 0080 FFF7FEFF 		bl	ROW2_Read
ARM GAS  C:\Users\bourg\AppData\Local\Temp\ccvQwVoV.s 			page 5


 175              	.LVL20:
 176 0084 20B9     		cbnz	r0, .L11
  55:keypad.c      ****         COL2_Write(1);
 177              		.loc 1 55 0
 178 0086 0120     		movs	r0, #1
 179 0088 FFF7FEFF 		bl	COL2_Write
 180              	.LVL21:
  56:keypad.c      ****         return('5');
 181              		.loc 1 56 0
 182 008c 3520     		movs	r0, #53
 183 008e 08BD     		pop	{r3, pc}
 184              	.L11:
 185              	.LBE8:
 186              	.LBB9:
  57:keypad.c      ****     }
  58:keypad.c      ****     if (!ROW3_Read()) {
 187              		.loc 1 58 0
 188 0090 FFF7FEFF 		bl	ROW3_Read
 189              	.LVL22:
 190 0094 20B9     		cbnz	r0, .L12
  59:keypad.c      ****         COL2_Write(1);
 191              		.loc 1 59 0
 192 0096 0120     		movs	r0, #1
 193 0098 FFF7FEFF 		bl	COL2_Write
 194              	.LVL23:
  60:keypad.c      ****         return('2');
 195              		.loc 1 60 0
 196 009c 3220     		movs	r0, #50
 197 009e 08BD     		pop	{r3, pc}
 198              	.L12:
 199              	.LBE9:
  61:keypad.c      ****     }
  62:keypad.c      ****     COL2_Write(1);
 200              		.loc 1 62 0
 201 00a0 0120     		movs	r0, #1
 202 00a2 FFF7FEFF 		bl	COL2_Write
 203              	.LVL24:
  63:keypad.c      **** 
  64:keypad.c      ****     COL3_Write(0);
 204              		.loc 1 64 0
 205 00a6 0020     		movs	r0, #0
 206 00a8 FFF7FEFF 		bl	COL3_Write
 207              	.LVL25:
  65:keypad.c      ****     CyDelay(KBD_DELAY);
 208              		.loc 1 65 0
 209 00ac 0520     		movs	r0, #5
 210 00ae FFF7FEFF 		bl	CyDelay
 211              	.LVL26:
 212              	.LBB10:
  66:keypad.c      ****     if (!ROW0_Read()) {
 213              		.loc 1 66 0
 214 00b2 FFF7FEFF 		bl	ROW0_Read
 215              	.LVL27:
 216 00b6 20B9     		cbnz	r0, .L13
  67:keypad.c      ****         COL3_Write(1);
 217              		.loc 1 67 0
 218 00b8 0120     		movs	r0, #1
ARM GAS  C:\Users\bourg\AppData\Local\Temp\ccvQwVoV.s 			page 6


 219 00ba FFF7FEFF 		bl	COL3_Write
 220              	.LVL28:
  68:keypad.c      ****         return('*');
 221              		.loc 1 68 0
 222 00be 2A20     		movs	r0, #42
 223 00c0 08BD     		pop	{r3, pc}
 224              	.L13:
 225              	.LBE10:
 226              	.LBB11:
  69:keypad.c      ****     }
  70:keypad.c      ****     if (!ROW1_Read()) {
 227              		.loc 1 70 0
 228 00c2 FFF7FEFF 		bl	ROW1_Read
 229              	.LVL29:
 230 00c6 20B9     		cbnz	r0, .L14
  71:keypad.c      ****         COL3_Write(1);
 231              		.loc 1 71 0
 232 00c8 0120     		movs	r0, #1
 233 00ca FFF7FEFF 		bl	COL3_Write
 234              	.LVL30:
  72:keypad.c      ****         return('7');
 235              		.loc 1 72 0
 236 00ce 3720     		movs	r0, #55
 237 00d0 08BD     		pop	{r3, pc}
 238              	.L14:
 239              	.LBE11:
 240              	.LBB12:
  73:keypad.c      ****     }
  74:keypad.c      ****     if (!ROW2_Read()) {
 241              		.loc 1 74 0
 242 00d2 FFF7FEFF 		bl	ROW2_Read
 243              	.LVL31:
 244 00d6 20B9     		cbnz	r0, .L15
  75:keypad.c      ****         COL3_Write(1);
 245              		.loc 1 75 0
 246 00d8 0120     		movs	r0, #1
 247 00da FFF7FEFF 		bl	COL3_Write
 248              	.LVL32:
  76:keypad.c      ****         return('4');
 249              		.loc 1 76 0
 250 00de 3420     		movs	r0, #52
 251 00e0 08BD     		pop	{r3, pc}
 252              	.L15:
 253              	.LBE12:
 254              	.LBB13:
  77:keypad.c      ****     }
  78:keypad.c      ****     if (!ROW3_Read()) {
 255              		.loc 1 78 0
 256 00e2 FFF7FEFF 		bl	ROW3_Read
 257              	.LVL33:
 258 00e6 20B9     		cbnz	r0, .L16
  79:keypad.c      ****         COL3_Write(1);
 259              		.loc 1 79 0
 260 00e8 0120     		movs	r0, #1
 261 00ea FFF7FEFF 		bl	COL3_Write
 262              	.LVL34:
  80:keypad.c      ****         return('1');
ARM GAS  C:\Users\bourg\AppData\Local\Temp\ccvQwVoV.s 			page 7


 263              		.loc 1 80 0
 264 00ee 3120     		movs	r0, #49
 265 00f0 08BD     		pop	{r3, pc}
 266              	.L16:
 267              	.LBE13:
  81:keypad.c      ****     }
  82:keypad.c      ****     COL3_Write(1);
 268              		.loc 1 82 0
 269 00f2 0120     		movs	r0, #1
 270 00f4 FFF7FEFF 		bl	COL3_Write
 271              	.LVL35:
  83:keypad.c      ****     
  84:keypad.c      ****     return('z');
 272              		.loc 1 84 0
 273 00f8 7A20     		movs	r0, #122
  85:keypad.c      **** }
 274              		.loc 1 85 0
 275 00fa 08BD     		pop	{r3, pc}
 276              		.cfi_endproc
 277              	.LFE64:
 278              		.size	keypadScan, .-keypadScan
 279              		.text
 280              	.Letext0:
 281              		.file 2 "c:\\program files (x86)\\cypress\\psoc creator\\4.4\\psoc creator\\import\\gnu\\arm\\5.4.
 282              		.file 3 "c:\\program files (x86)\\cypress\\psoc creator\\4.4\\psoc creator\\import\\gnu\\arm\\5.4.
 283              		.file 4 "Generated_Source\\PSoC5/CyLib.h"
 284              		.file 5 "Generated_Source\\PSoC5/core_cm3.h"
 285              		.section	.debug_info,"",%progbits
 286              	.Ldebug_info0:
 287 0000 26050000 		.4byte	0x526
 288 0004 0400     		.2byte	0x4
 289 0006 00000000 		.4byte	.Ldebug_abbrev0
 290 000a 04       		.byte	0x4
 291 000b 01       		.uleb128 0x1
 292 000c 8B000000 		.4byte	.LASF26
 293 0010 0C       		.byte	0xc
 294 0011 0E000000 		.4byte	.LASF27
 295 0015 3F000000 		.4byte	.LASF28
 296 0019 00000000 		.4byte	.Ldebug_ranges0+0
 297 001d 00000000 		.4byte	0
 298 0021 00000000 		.4byte	.Ldebug_line0
 299 0025 02       		.uleb128 0x2
 300 0026 01       		.byte	0x1
 301 0027 06       		.byte	0x6
 302 0028 FE010000 		.4byte	.LASF0
 303 002c 03       		.uleb128 0x3
 304 002d 17000000 		.4byte	.LASF4
 305 0031 02       		.byte	0x2
 306 0032 1D       		.byte	0x1d
 307 0033 37000000 		.4byte	0x37
 308 0037 02       		.uleb128 0x2
 309 0038 01       		.byte	0x1
 310 0039 08       		.byte	0x8
 311 003a 7D000000 		.4byte	.LASF1
 312 003e 02       		.uleb128 0x2
 313 003f 02       		.byte	0x2
 314 0040 05       		.byte	0x5
ARM GAS  C:\Users\bourg\AppData\Local\Temp\ccvQwVoV.s 			page 8


 315 0041 BF010000 		.4byte	.LASF2
 316 0045 02       		.uleb128 0x2
 317 0046 02       		.byte	0x2
 318 0047 07       		.byte	0x7
 319 0048 2B010000 		.4byte	.LASF3
 320 004c 03       		.uleb128 0x3
 321 004d 2B000000 		.4byte	.LASF5
 322 0051 02       		.byte	0x2
 323 0052 3F       		.byte	0x3f
 324 0053 57000000 		.4byte	0x57
 325 0057 02       		.uleb128 0x2
 326 0058 04       		.byte	0x4
 327 0059 05       		.byte	0x5
 328 005a DE010000 		.4byte	.LASF6
 329 005e 02       		.uleb128 0x2
 330 005f 04       		.byte	0x4
 331 0060 07       		.byte	0x7
 332 0061 19010000 		.4byte	.LASF7
 333 0065 02       		.uleb128 0x2
 334 0066 08       		.byte	0x8
 335 0067 05       		.byte	0x5
 336 0068 00000000 		.4byte	.LASF8
 337 006c 02       		.uleb128 0x2
 338 006d 08       		.byte	0x8
 339 006e 07       		.byte	0x7
 340 006f 69010000 		.4byte	.LASF9
 341 0073 04       		.uleb128 0x4
 342 0074 04       		.byte	0x4
 343 0075 05       		.byte	0x5
 344 0076 696E7400 		.ascii	"int\000"
 345 007a 02       		.uleb128 0x2
 346 007b 04       		.byte	0x4
 347 007c 07       		.byte	0x7
 348 007d 5C010000 		.4byte	.LASF10
 349 0081 03       		.uleb128 0x3
 350 0082 80010000 		.4byte	.LASF11
 351 0086 03       		.byte	0x3
 352 0087 18       		.byte	0x18
 353 0088 2C000000 		.4byte	0x2c
 354 008c 03       		.uleb128 0x3
 355 008d 88010000 		.4byte	.LASF12
 356 0091 03       		.byte	0x3
 357 0092 2C       		.byte	0x2c
 358 0093 4C000000 		.4byte	0x4c
 359 0097 02       		.uleb128 0x2
 360 0098 04       		.byte	0x4
 361 0099 04       		.byte	0x4
 362 009a 77000000 		.4byte	.LASF13
 363 009e 02       		.uleb128 0x2
 364 009f 08       		.byte	0x8
 365 00a0 04       		.byte	0x4
 366 00a1 55010000 		.4byte	.LASF14
 367 00a5 02       		.uleb128 0x2
 368 00a6 01       		.byte	0x1
 369 00a7 08       		.byte	0x8
 370 00a8 AF010000 		.4byte	.LASF15
 371 00ac 02       		.uleb128 0x2
ARM GAS  C:\Users\bourg\AppData\Local\Temp\ccvQwVoV.s 			page 9


 372 00ad 08       		.byte	0x8
 373 00ae 04       		.byte	0x4
 374 00af E7010000 		.4byte	.LASF16
 375 00b3 02       		.uleb128 0x2
 376 00b4 04       		.byte	0x4
 377 00b5 07       		.byte	0x7
 378 00b6 90010000 		.4byte	.LASF17
 379 00ba 05       		.uleb128 0x5
 380 00bb 99010000 		.4byte	.LASF29
 381 00bf 01       		.byte	0x1
 382 00c0 11       		.byte	0x11
 383 00c1 00000000 		.4byte	.LFB63
 384 00c5 16000000 		.4byte	.LFE63-.LFB63
 385 00c9 01       		.uleb128 0x1
 386 00ca 9C       		.byte	0x9c
 387 00cb 38010000 		.4byte	0x138
 388 00cf 06       		.uleb128 0x6
 389 00d0 A4010000 		.4byte	.LASF18
 390 00d4 01       		.byte	0x1
 391 00d5 12       		.byte	0x12
 392 00d6 73000000 		.4byte	0x73
 393 00da E0000000 		.4byte	0xe0
 394 00de 07       		.uleb128 0x7
 395 00df 00       		.byte	0
 396 00e0 06       		.uleb128 0x6
 397 00e1 C9010000 		.4byte	.LASF19
 398 00e5 01       		.byte	0x1
 399 00e6 13       		.byte	0x13
 400 00e7 73000000 		.4byte	0x73
 401 00eb F1000000 		.4byte	0xf1
 402 00ef 07       		.uleb128 0x7
 403 00f0 00       		.byte	0
 404 00f1 06       		.uleb128 0x6
 405 00f2 F3010000 		.4byte	.LASF20
 406 00f6 01       		.byte	0x1
 407 00f7 14       		.byte	0x14
 408 00f8 73000000 		.4byte	0x73
 409 00fc 02010000 		.4byte	0x102
 410 0100 07       		.uleb128 0x7
 411 0101 00       		.byte	0
 412 0102 08       		.uleb128 0x8
 413 0103 08000000 		.4byte	.LVL0
 414 0107 D1040000 		.4byte	0x4d1
 415 010b 15010000 		.4byte	0x115
 416 010f 09       		.uleb128 0x9
 417 0110 01       		.uleb128 0x1
 418 0111 50       		.byte	0x50
 419 0112 01       		.uleb128 0x1
 420 0113 31       		.byte	0x31
 421 0114 00       		.byte	0
 422 0115 08       		.uleb128 0x8
 423 0116 0E000000 		.4byte	.LVL1
 424 011a DC040000 		.4byte	0x4dc
 425 011e 28010000 		.4byte	0x128
 426 0122 09       		.uleb128 0x9
 427 0123 01       		.uleb128 0x1
 428 0124 50       		.byte	0x50
ARM GAS  C:\Users\bourg\AppData\Local\Temp\ccvQwVoV.s 			page 10


 429 0125 01       		.uleb128 0x1
 430 0126 31       		.byte	0x31
 431 0127 00       		.byte	0
 432 0128 0A       		.uleb128 0xa
 433 0129 14000000 		.4byte	.LVL2
 434 012d E7040000 		.4byte	0x4e7
 435 0131 09       		.uleb128 0x9
 436 0132 01       		.uleb128 0x1
 437 0133 50       		.byte	0x50
 438 0134 01       		.uleb128 0x1
 439 0135 31       		.byte	0x31
 440 0136 00       		.byte	0
 441 0137 00       		.byte	0
 442 0138 0B       		.uleb128 0xb
 443 0139 B4010000 		.4byte	.LASF30
 444 013d 01       		.byte	0x1
 445 013e 17       		.byte	0x17
 446 013f 81000000 		.4byte	0x81
 447 0143 00000000 		.4byte	.LFB64
 448 0147 FC000000 		.4byte	.LFE64-.LFB64
 449 014b 01       		.uleb128 0x1
 450 014c 9C       		.byte	0x9c
 451 014d C0040000 		.4byte	0x4c0
 452 0151 06       		.uleb128 0x6
 453 0152 A4010000 		.4byte	.LASF18
 454 0156 01       		.byte	0x1
 455 0157 12       		.byte	0x12
 456 0158 73000000 		.4byte	0x73
 457 015c 62010000 		.4byte	0x162
 458 0160 07       		.uleb128 0x7
 459 0161 00       		.byte	0
 460 0162 06       		.uleb128 0x6
 461 0163 C9010000 		.4byte	.LASF19
 462 0167 01       		.byte	0x1
 463 0168 13       		.byte	0x13
 464 0169 73000000 		.4byte	0x73
 465 016d 73010000 		.4byte	0x173
 466 0171 07       		.uleb128 0x7
 467 0172 00       		.byte	0
 468 0173 06       		.uleb128 0x6
 469 0174 F3010000 		.4byte	.LASF20
 470 0178 01       		.byte	0x1
 471 0179 14       		.byte	0x14
 472 017a 73000000 		.4byte	0x73
 473 017e 84010000 		.4byte	0x184
 474 0182 07       		.uleb128 0x7
 475 0183 00       		.byte	0
 476 0184 0C       		.uleb128 0xc
 477 0185 0E000000 		.4byte	.LBB2
 478 0189 10000000 		.4byte	.LBE2-.LBB2
 479 018d BB010000 		.4byte	0x1bb
 480 0191 06       		.uleb128 0x6
 481 0192 35000000 		.4byte	.LASF21
 482 0196 01       		.byte	0x1
 483 0197 1A       		.byte	0x1a
 484 0198 73000000 		.4byte	0x73
 485 019c A2010000 		.4byte	0x1a2
ARM GAS  C:\Users\bourg\AppData\Local\Temp\ccvQwVoV.s 			page 11


 486 01a0 07       		.uleb128 0x7
 487 01a1 00       		.byte	0
 488 01a2 0D       		.uleb128 0xd
 489 01a3 12000000 		.4byte	.LVL5
 490 01a7 F2040000 		.4byte	0x4f2
 491 01ab 0A       		.uleb128 0xa
 492 01ac 1A000000 		.4byte	.LVL6
 493 01b0 D1040000 		.4byte	0x4d1
 494 01b4 09       		.uleb128 0x9
 495 01b5 01       		.uleb128 0x1
 496 01b6 50       		.byte	0x50
 497 01b7 01       		.uleb128 0x1
 498 01b8 31       		.byte	0x31
 499 01b9 00       		.byte	0
 500 01ba 00       		.byte	0
 501 01bb 0C       		.uleb128 0xc
 502 01bc 1E000000 		.4byte	.LBB3
 503 01c0 10000000 		.4byte	.LBE3-.LBB3
 504 01c4 F2010000 		.4byte	0x1f2
 505 01c8 06       		.uleb128 0x6
 506 01c9 3E010000 		.4byte	.LASF22
 507 01cd 01       		.byte	0x1
 508 01ce 1E       		.byte	0x1e
 509 01cf 73000000 		.4byte	0x73
 510 01d3 D9010000 		.4byte	0x1d9
 511 01d7 07       		.uleb128 0x7
 512 01d8 00       		.byte	0
 513 01d9 0D       		.uleb128 0xd
 514 01da 22000000 		.4byte	.LVL7
 515 01de FD040000 		.4byte	0x4fd
 516 01e2 0A       		.uleb128 0xa
 517 01e3 2A000000 		.4byte	.LVL8
 518 01e7 D1040000 		.4byte	0x4d1
 519 01eb 09       		.uleb128 0x9
 520 01ec 01       		.uleb128 0x1
 521 01ed 50       		.byte	0x50
 522 01ee 01       		.uleb128 0x1
 523 01ef 31       		.byte	0x31
 524 01f0 00       		.byte	0
 525 01f1 00       		.byte	0
 526 01f2 0C       		.uleb128 0xc
 527 01f3 2E000000 		.4byte	.LBB4
 528 01f7 10000000 		.4byte	.LBE4-.LBB4
 529 01fb 29020000 		.4byte	0x229
 530 01ff 06       		.uleb128 0x6
 531 0200 D4010000 		.4byte	.LASF23
 532 0204 01       		.byte	0x1
 533 0205 22       		.byte	0x22
 534 0206 73000000 		.4byte	0x73
 535 020a 10020000 		.4byte	0x210
 536 020e 07       		.uleb128 0x7
 537 020f 00       		.byte	0
 538 0210 0D       		.uleb128 0xd
 539 0211 32000000 		.4byte	.LVL9
 540 0215 08050000 		.4byte	0x508
 541 0219 0A       		.uleb128 0xa
 542 021a 3A000000 		.4byte	.LVL10
ARM GAS  C:\Users\bourg\AppData\Local\Temp\ccvQwVoV.s 			page 12


 543 021e D1040000 		.4byte	0x4d1
 544 0222 09       		.uleb128 0x9
 545 0223 01       		.uleb128 0x1
 546 0224 50       		.byte	0x50
 547 0225 01       		.uleb128 0x1
 548 0226 31       		.byte	0x31
 549 0227 00       		.byte	0
 550 0228 00       		.byte	0
 551 0229 0C       		.uleb128 0xc
 552 022a 3E000000 		.4byte	.LBB5
 553 022e 10000000 		.4byte	.LBE5-.LBB5
 554 0232 60020000 		.4byte	0x260
 555 0236 06       		.uleb128 0x6
 556 0237 21000000 		.4byte	.LASF24
 557 023b 01       		.byte	0x1
 558 023c 26       		.byte	0x26
 559 023d 73000000 		.4byte	0x73
 560 0241 47020000 		.4byte	0x247
 561 0245 07       		.uleb128 0x7
 562 0246 00       		.byte	0
 563 0247 0D       		.uleb128 0xd
 564 0248 42000000 		.4byte	.LVL11
 565 024c 13050000 		.4byte	0x513
 566 0250 0A       		.uleb128 0xa
 567 0251 4A000000 		.4byte	.LVL12
 568 0255 D1040000 		.4byte	0x4d1
 569 0259 09       		.uleb128 0x9
 570 025a 01       		.uleb128 0x1
 571 025b 50       		.byte	0x50
 572 025c 01       		.uleb128 0x1
 573 025d 31       		.byte	0x31
 574 025e 00       		.byte	0
 575 025f 00       		.byte	0
 576 0260 0C       		.uleb128 0xc
 577 0261 60000000 		.4byte	.LBB6
 578 0265 10000000 		.4byte	.LBE6-.LBB6
 579 0269 97020000 		.4byte	0x297
 580 026d 06       		.uleb128 0x6
 581 026e 35000000 		.4byte	.LASF21
 582 0272 01       		.byte	0x1
 583 0273 1A       		.byte	0x1a
 584 0274 73000000 		.4byte	0x73
 585 0278 7E020000 		.4byte	0x27e
 586 027c 07       		.uleb128 0x7
 587 027d 00       		.byte	0
 588 027e 0D       		.uleb128 0xd
 589 027f 64000000 		.4byte	.LVL16
 590 0283 F2040000 		.4byte	0x4f2
 591 0287 0A       		.uleb128 0xa
 592 0288 6C000000 		.4byte	.LVL17
 593 028c DC040000 		.4byte	0x4dc
 594 0290 09       		.uleb128 0x9
 595 0291 01       		.uleb128 0x1
 596 0292 50       		.byte	0x50
 597 0293 01       		.uleb128 0x1
 598 0294 31       		.byte	0x31
 599 0295 00       		.byte	0
ARM GAS  C:\Users\bourg\AppData\Local\Temp\ccvQwVoV.s 			page 13


 600 0296 00       		.byte	0
 601 0297 0C       		.uleb128 0xc
 602 0298 70000000 		.4byte	.LBB7
 603 029c 10000000 		.4byte	.LBE7-.LBB7
 604 02a0 CE020000 		.4byte	0x2ce
 605 02a4 06       		.uleb128 0x6
 606 02a5 3E010000 		.4byte	.LASF22
 607 02a9 01       		.byte	0x1
 608 02aa 1E       		.byte	0x1e
 609 02ab 73000000 		.4byte	0x73
 610 02af B5020000 		.4byte	0x2b5
 611 02b3 07       		.uleb128 0x7
 612 02b4 00       		.byte	0
 613 02b5 0D       		.uleb128 0xd
 614 02b6 74000000 		.4byte	.LVL18
 615 02ba FD040000 		.4byte	0x4fd
 616 02be 0A       		.uleb128 0xa
 617 02bf 7C000000 		.4byte	.LVL19
 618 02c3 DC040000 		.4byte	0x4dc
 619 02c7 09       		.uleb128 0x9
 620 02c8 01       		.uleb128 0x1
 621 02c9 50       		.byte	0x50
 622 02ca 01       		.uleb128 0x1
 623 02cb 31       		.byte	0x31
 624 02cc 00       		.byte	0
 625 02cd 00       		.byte	0
 626 02ce 0C       		.uleb128 0xc
 627 02cf 80000000 		.4byte	.LBB8
 628 02d3 10000000 		.4byte	.LBE8-.LBB8
 629 02d7 05030000 		.4byte	0x305
 630 02db 06       		.uleb128 0x6
 631 02dc D4010000 		.4byte	.LASF23
 632 02e0 01       		.byte	0x1
 633 02e1 22       		.byte	0x22
 634 02e2 73000000 		.4byte	0x73
 635 02e6 EC020000 		.4byte	0x2ec
 636 02ea 07       		.uleb128 0x7
 637 02eb 00       		.byte	0
 638 02ec 0D       		.uleb128 0xd
 639 02ed 84000000 		.4byte	.LVL20
 640 02f1 08050000 		.4byte	0x508
 641 02f5 0A       		.uleb128 0xa
 642 02f6 8C000000 		.4byte	.LVL21
 643 02fa DC040000 		.4byte	0x4dc
 644 02fe 09       		.uleb128 0x9
 645 02ff 01       		.uleb128 0x1
 646 0300 50       		.byte	0x50
 647 0301 01       		.uleb128 0x1
 648 0302 31       		.byte	0x31
 649 0303 00       		.byte	0
 650 0304 00       		.byte	0
 651 0305 0C       		.uleb128 0xc
 652 0306 90000000 		.4byte	.LBB9
 653 030a 10000000 		.4byte	.LBE9-.LBB9
 654 030e 3C030000 		.4byte	0x33c
 655 0312 06       		.uleb128 0x6
 656 0313 21000000 		.4byte	.LASF24
ARM GAS  C:\Users\bourg\AppData\Local\Temp\ccvQwVoV.s 			page 14


 657 0317 01       		.byte	0x1
 658 0318 26       		.byte	0x26
 659 0319 73000000 		.4byte	0x73
 660 031d 23030000 		.4byte	0x323
 661 0321 07       		.uleb128 0x7
 662 0322 00       		.byte	0
 663 0323 0D       		.uleb128 0xd
 664 0324 94000000 		.4byte	.LVL22
 665 0328 13050000 		.4byte	0x513
 666 032c 0A       		.uleb128 0xa
 667 032d 9C000000 		.4byte	.LVL23
 668 0331 DC040000 		.4byte	0x4dc
 669 0335 09       		.uleb128 0x9
 670 0336 01       		.uleb128 0x1
 671 0337 50       		.byte	0x50
 672 0338 01       		.uleb128 0x1
 673 0339 31       		.byte	0x31
 674 033a 00       		.byte	0
 675 033b 00       		.byte	0
 676 033c 0C       		.uleb128 0xc
 677 033d B2000000 		.4byte	.LBB10
 678 0341 10000000 		.4byte	.LBE10-.LBB10
 679 0345 73030000 		.4byte	0x373
 680 0349 06       		.uleb128 0x6
 681 034a 35000000 		.4byte	.LASF21
 682 034e 01       		.byte	0x1
 683 034f 1A       		.byte	0x1a
 684 0350 73000000 		.4byte	0x73
 685 0354 5A030000 		.4byte	0x35a
 686 0358 07       		.uleb128 0x7
 687 0359 00       		.byte	0
 688 035a 0D       		.uleb128 0xd
 689 035b B6000000 		.4byte	.LVL27
 690 035f F2040000 		.4byte	0x4f2
 691 0363 0A       		.uleb128 0xa
 692 0364 BE000000 		.4byte	.LVL28
 693 0368 E7040000 		.4byte	0x4e7
 694 036c 09       		.uleb128 0x9
 695 036d 01       		.uleb128 0x1
 696 036e 50       		.byte	0x50
 697 036f 01       		.uleb128 0x1
 698 0370 31       		.byte	0x31
 699 0371 00       		.byte	0
 700 0372 00       		.byte	0
 701 0373 0C       		.uleb128 0xc
 702 0374 C2000000 		.4byte	.LBB11
 703 0378 10000000 		.4byte	.LBE11-.LBB11
 704 037c AA030000 		.4byte	0x3aa
 705 0380 06       		.uleb128 0x6
 706 0381 3E010000 		.4byte	.LASF22
 707 0385 01       		.byte	0x1
 708 0386 1E       		.byte	0x1e
 709 0387 73000000 		.4byte	0x73
 710 038b 91030000 		.4byte	0x391
 711 038f 07       		.uleb128 0x7
 712 0390 00       		.byte	0
 713 0391 0D       		.uleb128 0xd
ARM GAS  C:\Users\bourg\AppData\Local\Temp\ccvQwVoV.s 			page 15


 714 0392 C6000000 		.4byte	.LVL29
 715 0396 FD040000 		.4byte	0x4fd
 716 039a 0A       		.uleb128 0xa
 717 039b CE000000 		.4byte	.LVL30
 718 039f E7040000 		.4byte	0x4e7
 719 03a3 09       		.uleb128 0x9
 720 03a4 01       		.uleb128 0x1
 721 03a5 50       		.byte	0x50
 722 03a6 01       		.uleb128 0x1
 723 03a7 31       		.byte	0x31
 724 03a8 00       		.byte	0
 725 03a9 00       		.byte	0
 726 03aa 0C       		.uleb128 0xc
 727 03ab D2000000 		.4byte	.LBB12
 728 03af 10000000 		.4byte	.LBE12-.LBB12
 729 03b3 E1030000 		.4byte	0x3e1
 730 03b7 06       		.uleb128 0x6
 731 03b8 D4010000 		.4byte	.LASF23
 732 03bc 01       		.byte	0x1
 733 03bd 22       		.byte	0x22
 734 03be 73000000 		.4byte	0x73
 735 03c2 C8030000 		.4byte	0x3c8
 736 03c6 07       		.uleb128 0x7
 737 03c7 00       		.byte	0
 738 03c8 0D       		.uleb128 0xd
 739 03c9 D6000000 		.4byte	.LVL31
 740 03cd 08050000 		.4byte	0x508
 741 03d1 0A       		.uleb128 0xa
 742 03d2 DE000000 		.4byte	.LVL32
 743 03d6 E7040000 		.4byte	0x4e7
 744 03da 09       		.uleb128 0x9
 745 03db 01       		.uleb128 0x1
 746 03dc 50       		.byte	0x50
 747 03dd 01       		.uleb128 0x1
 748 03de 31       		.byte	0x31
 749 03df 00       		.byte	0
 750 03e0 00       		.byte	0
 751 03e1 0C       		.uleb128 0xc
 752 03e2 E2000000 		.4byte	.LBB13
 753 03e6 10000000 		.4byte	.LBE13-.LBB13
 754 03ea 18040000 		.4byte	0x418
 755 03ee 06       		.uleb128 0x6
 756 03ef 21000000 		.4byte	.LASF24
 757 03f3 01       		.byte	0x1
 758 03f4 26       		.byte	0x26
 759 03f5 73000000 		.4byte	0x73
 760 03f9 FF030000 		.4byte	0x3ff
 761 03fd 07       		.uleb128 0x7
 762 03fe 00       		.byte	0
 763 03ff 0D       		.uleb128 0xd
 764 0400 E6000000 		.4byte	.LVL33
 765 0404 13050000 		.4byte	0x513
 766 0408 0A       		.uleb128 0xa
 767 0409 EE000000 		.4byte	.LVL34
 768 040d E7040000 		.4byte	0x4e7
 769 0411 09       		.uleb128 0x9
 770 0412 01       		.uleb128 0x1
ARM GAS  C:\Users\bourg\AppData\Local\Temp\ccvQwVoV.s 			page 16


 771 0413 50       		.byte	0x50
 772 0414 01       		.uleb128 0x1
 773 0415 31       		.byte	0x31
 774 0416 00       		.byte	0
 775 0417 00       		.byte	0
 776 0418 08       		.uleb128 0x8
 777 0419 08000000 		.4byte	.LVL3
 778 041d D1040000 		.4byte	0x4d1
 779 0421 2B040000 		.4byte	0x42b
 780 0425 09       		.uleb128 0x9
 781 0426 01       		.uleb128 0x1
 782 0427 50       		.byte	0x50
 783 0428 01       		.uleb128 0x1
 784 0429 30       		.byte	0x30
 785 042a 00       		.byte	0
 786 042b 08       		.uleb128 0x8
 787 042c 0E000000 		.4byte	.LVL4
 788 0430 1E050000 		.4byte	0x51e
 789 0434 3E040000 		.4byte	0x43e
 790 0438 09       		.uleb128 0x9
 791 0439 01       		.uleb128 0x1
 792 043a 50       		.byte	0x50
 793 043b 01       		.uleb128 0x1
 794 043c 35       		.byte	0x35
 795 043d 00       		.byte	0
 796 043e 08       		.uleb128 0x8
 797 043f 54000000 		.4byte	.LVL13
 798 0443 D1040000 		.4byte	0x4d1
 799 0447 51040000 		.4byte	0x451
 800 044b 09       		.uleb128 0x9
 801 044c 01       		.uleb128 0x1
 802 044d 50       		.byte	0x50
 803 044e 01       		.uleb128 0x1
 804 044f 31       		.byte	0x31
 805 0450 00       		.byte	0
 806 0451 08       		.uleb128 0x8
 807 0452 5A000000 		.4byte	.LVL14
 808 0456 DC040000 		.4byte	0x4dc
 809 045a 64040000 		.4byte	0x464
 810 045e 09       		.uleb128 0x9
 811 045f 01       		.uleb128 0x1
 812 0460 50       		.byte	0x50
 813 0461 01       		.uleb128 0x1
 814 0462 30       		.byte	0x30
 815 0463 00       		.byte	0
 816 0464 08       		.uleb128 0x8
 817 0465 60000000 		.4byte	.LVL15
 818 0469 1E050000 		.4byte	0x51e
 819 046d 77040000 		.4byte	0x477
 820 0471 09       		.uleb128 0x9
 821 0472 01       		.uleb128 0x1
 822 0473 50       		.byte	0x50
 823 0474 01       		.uleb128 0x1
 824 0475 35       		.byte	0x35
 825 0476 00       		.byte	0
 826 0477 08       		.uleb128 0x8
 827 0478 A6000000 		.4byte	.LVL24
ARM GAS  C:\Users\bourg\AppData\Local\Temp\ccvQwVoV.s 			page 17


 828 047c DC040000 		.4byte	0x4dc
 829 0480 8A040000 		.4byte	0x48a
 830 0484 09       		.uleb128 0x9
 831 0485 01       		.uleb128 0x1
 832 0486 50       		.byte	0x50
 833 0487 01       		.uleb128 0x1
 834 0488 31       		.byte	0x31
 835 0489 00       		.byte	0
 836 048a 08       		.uleb128 0x8
 837 048b AC000000 		.4byte	.LVL25
 838 048f E7040000 		.4byte	0x4e7
 839 0493 9D040000 		.4byte	0x49d
 840 0497 09       		.uleb128 0x9
 841 0498 01       		.uleb128 0x1
 842 0499 50       		.byte	0x50
 843 049a 01       		.uleb128 0x1
 844 049b 30       		.byte	0x30
 845 049c 00       		.byte	0
 846 049d 08       		.uleb128 0x8
 847 049e B2000000 		.4byte	.LVL26
 848 04a2 1E050000 		.4byte	0x51e
 849 04a6 B0040000 		.4byte	0x4b0
 850 04aa 09       		.uleb128 0x9
 851 04ab 01       		.uleb128 0x1
 852 04ac 50       		.byte	0x50
 853 04ad 01       		.uleb128 0x1
 854 04ae 35       		.byte	0x35
 855 04af 00       		.byte	0
 856 04b0 0A       		.uleb128 0xa
 857 04b1 F8000000 		.4byte	.LVL35
 858 04b5 E7040000 		.4byte	0x4e7
 859 04b9 09       		.uleb128 0x9
 860 04ba 01       		.uleb128 0x1
 861 04bb 50       		.byte	0x50
 862 04bc 01       		.uleb128 0x1
 863 04bd 31       		.byte	0x31
 864 04be 00       		.byte	0
 865 04bf 00       		.byte	0
 866 04c0 0E       		.uleb128 0xe
 867 04c1 48010000 		.4byte	.LASF31
 868 04c5 05       		.byte	0x5
 869 04c6 1207     		.2byte	0x712
 870 04c8 CC040000 		.4byte	0x4cc
 871 04cc 0F       		.uleb128 0xf
 872 04cd 8C000000 		.4byte	0x8c
 873 04d1 10       		.uleb128 0x10
 874 04d2 A4010000 		.4byte	.LASF18
 875 04d6 A4010000 		.4byte	.LASF18
 876 04da 01       		.byte	0x1
 877 04db 12       		.byte	0x12
 878 04dc 10       		.uleb128 0x10
 879 04dd C9010000 		.4byte	.LASF19
 880 04e1 C9010000 		.4byte	.LASF19
 881 04e5 01       		.byte	0x1
 882 04e6 13       		.byte	0x13
 883 04e7 10       		.uleb128 0x10
 884 04e8 F3010000 		.4byte	.LASF20
ARM GAS  C:\Users\bourg\AppData\Local\Temp\ccvQwVoV.s 			page 18


 885 04ec F3010000 		.4byte	.LASF20
 886 04f0 01       		.byte	0x1
 887 04f1 14       		.byte	0x14
 888 04f2 10       		.uleb128 0x10
 889 04f3 35000000 		.4byte	.LASF21
 890 04f7 35000000 		.4byte	.LASF21
 891 04fb 01       		.byte	0x1
 892 04fc 1A       		.byte	0x1a
 893 04fd 10       		.uleb128 0x10
 894 04fe 3E010000 		.4byte	.LASF22
 895 0502 3E010000 		.4byte	.LASF22
 896 0506 01       		.byte	0x1
 897 0507 1E       		.byte	0x1e
 898 0508 10       		.uleb128 0x10
 899 0509 D4010000 		.4byte	.LASF23
 900 050d D4010000 		.4byte	.LASF23
 901 0511 01       		.byte	0x1
 902 0512 22       		.byte	0x22
 903 0513 10       		.uleb128 0x10
 904 0514 21000000 		.4byte	.LASF24
 905 0518 21000000 		.4byte	.LASF24
 906 051c 01       		.byte	0x1
 907 051d 26       		.byte	0x26
 908 051e 10       		.uleb128 0x10
 909 051f 0A020000 		.4byte	.LASF25
 910 0523 0A020000 		.4byte	.LASF25
 911 0527 04       		.byte	0x4
 912 0528 76       		.byte	0x76
 913 0529 00       		.byte	0
 914              		.section	.debug_abbrev,"",%progbits
 915              	.Ldebug_abbrev0:
 916 0000 01       		.uleb128 0x1
 917 0001 11       		.uleb128 0x11
 918 0002 01       		.byte	0x1
 919 0003 25       		.uleb128 0x25
 920 0004 0E       		.uleb128 0xe
 921 0005 13       		.uleb128 0x13
 922 0006 0B       		.uleb128 0xb
 923 0007 03       		.uleb128 0x3
 924 0008 0E       		.uleb128 0xe
 925 0009 1B       		.uleb128 0x1b
 926 000a 0E       		.uleb128 0xe
 927 000b 55       		.uleb128 0x55
 928 000c 17       		.uleb128 0x17
 929 000d 11       		.uleb128 0x11
 930 000e 01       		.uleb128 0x1
 931 000f 10       		.uleb128 0x10
 932 0010 17       		.uleb128 0x17
 933 0011 00       		.byte	0
 934 0012 00       		.byte	0
 935 0013 02       		.uleb128 0x2
 936 0014 24       		.uleb128 0x24
 937 0015 00       		.byte	0
 938 0016 0B       		.uleb128 0xb
 939 0017 0B       		.uleb128 0xb
 940 0018 3E       		.uleb128 0x3e
 941 0019 0B       		.uleb128 0xb
ARM GAS  C:\Users\bourg\AppData\Local\Temp\ccvQwVoV.s 			page 19


 942 001a 03       		.uleb128 0x3
 943 001b 0E       		.uleb128 0xe
 944 001c 00       		.byte	0
 945 001d 00       		.byte	0
 946 001e 03       		.uleb128 0x3
 947 001f 16       		.uleb128 0x16
 948 0020 00       		.byte	0
 949 0021 03       		.uleb128 0x3
 950 0022 0E       		.uleb128 0xe
 951 0023 3A       		.uleb128 0x3a
 952 0024 0B       		.uleb128 0xb
 953 0025 3B       		.uleb128 0x3b
 954 0026 0B       		.uleb128 0xb
 955 0027 49       		.uleb128 0x49
 956 0028 13       		.uleb128 0x13
 957 0029 00       		.byte	0
 958 002a 00       		.byte	0
 959 002b 04       		.uleb128 0x4
 960 002c 24       		.uleb128 0x24
 961 002d 00       		.byte	0
 962 002e 0B       		.uleb128 0xb
 963 002f 0B       		.uleb128 0xb
 964 0030 3E       		.uleb128 0x3e
 965 0031 0B       		.uleb128 0xb
 966 0032 03       		.uleb128 0x3
 967 0033 08       		.uleb128 0x8
 968 0034 00       		.byte	0
 969 0035 00       		.byte	0
 970 0036 05       		.uleb128 0x5
 971 0037 2E       		.uleb128 0x2e
 972 0038 01       		.byte	0x1
 973 0039 3F       		.uleb128 0x3f
 974 003a 19       		.uleb128 0x19
 975 003b 03       		.uleb128 0x3
 976 003c 0E       		.uleb128 0xe
 977 003d 3A       		.uleb128 0x3a
 978 003e 0B       		.uleb128 0xb
 979 003f 3B       		.uleb128 0x3b
 980 0040 0B       		.uleb128 0xb
 981 0041 27       		.uleb128 0x27
 982 0042 19       		.uleb128 0x19
 983 0043 11       		.uleb128 0x11
 984 0044 01       		.uleb128 0x1
 985 0045 12       		.uleb128 0x12
 986 0046 06       		.uleb128 0x6
 987 0047 40       		.uleb128 0x40
 988 0048 18       		.uleb128 0x18
 989 0049 9742     		.uleb128 0x2117
 990 004b 19       		.uleb128 0x19
 991 004c 01       		.uleb128 0x1
 992 004d 13       		.uleb128 0x13
 993 004e 00       		.byte	0
 994 004f 00       		.byte	0
 995 0050 06       		.uleb128 0x6
 996 0051 2E       		.uleb128 0x2e
 997 0052 01       		.byte	0x1
 998 0053 3F       		.uleb128 0x3f
ARM GAS  C:\Users\bourg\AppData\Local\Temp\ccvQwVoV.s 			page 20


 999 0054 19       		.uleb128 0x19
 1000 0055 03       		.uleb128 0x3
 1001 0056 0E       		.uleb128 0xe
 1002 0057 3A       		.uleb128 0x3a
 1003 0058 0B       		.uleb128 0xb
 1004 0059 3B       		.uleb128 0x3b
 1005 005a 0B       		.uleb128 0xb
 1006 005b 49       		.uleb128 0x49
 1007 005c 13       		.uleb128 0x13
 1008 005d 3C       		.uleb128 0x3c
 1009 005e 19       		.uleb128 0x19
 1010 005f 01       		.uleb128 0x1
 1011 0060 13       		.uleb128 0x13
 1012 0061 00       		.byte	0
 1013 0062 00       		.byte	0
 1014 0063 07       		.uleb128 0x7
 1015 0064 18       		.uleb128 0x18
 1016 0065 00       		.byte	0
 1017 0066 00       		.byte	0
 1018 0067 00       		.byte	0
 1019 0068 08       		.uleb128 0x8
 1020 0069 898201   		.uleb128 0x4109
 1021 006c 01       		.byte	0x1
 1022 006d 11       		.uleb128 0x11
 1023 006e 01       		.uleb128 0x1
 1024 006f 31       		.uleb128 0x31
 1025 0070 13       		.uleb128 0x13
 1026 0071 01       		.uleb128 0x1
 1027 0072 13       		.uleb128 0x13
 1028 0073 00       		.byte	0
 1029 0074 00       		.byte	0
 1030 0075 09       		.uleb128 0x9
 1031 0076 8A8201   		.uleb128 0x410a
 1032 0079 00       		.byte	0
 1033 007a 02       		.uleb128 0x2
 1034 007b 18       		.uleb128 0x18
 1035 007c 9142     		.uleb128 0x2111
 1036 007e 18       		.uleb128 0x18
 1037 007f 00       		.byte	0
 1038 0080 00       		.byte	0
 1039 0081 0A       		.uleb128 0xa
 1040 0082 898201   		.uleb128 0x4109
 1041 0085 01       		.byte	0x1
 1042 0086 11       		.uleb128 0x11
 1043 0087 01       		.uleb128 0x1
 1044 0088 31       		.uleb128 0x31
 1045 0089 13       		.uleb128 0x13
 1046 008a 00       		.byte	0
 1047 008b 00       		.byte	0
 1048 008c 0B       		.uleb128 0xb
 1049 008d 2E       		.uleb128 0x2e
 1050 008e 01       		.byte	0x1
 1051 008f 3F       		.uleb128 0x3f
 1052 0090 19       		.uleb128 0x19
 1053 0091 03       		.uleb128 0x3
 1054 0092 0E       		.uleb128 0xe
 1055 0093 3A       		.uleb128 0x3a
ARM GAS  C:\Users\bourg\AppData\Local\Temp\ccvQwVoV.s 			page 21


 1056 0094 0B       		.uleb128 0xb
 1057 0095 3B       		.uleb128 0x3b
 1058 0096 0B       		.uleb128 0xb
 1059 0097 27       		.uleb128 0x27
 1060 0098 19       		.uleb128 0x19
 1061 0099 49       		.uleb128 0x49
 1062 009a 13       		.uleb128 0x13
 1063 009b 11       		.uleb128 0x11
 1064 009c 01       		.uleb128 0x1
 1065 009d 12       		.uleb128 0x12
 1066 009e 06       		.uleb128 0x6
 1067 009f 40       		.uleb128 0x40
 1068 00a0 18       		.uleb128 0x18
 1069 00a1 9742     		.uleb128 0x2117
 1070 00a3 19       		.uleb128 0x19
 1071 00a4 01       		.uleb128 0x1
 1072 00a5 13       		.uleb128 0x13
 1073 00a6 00       		.byte	0
 1074 00a7 00       		.byte	0
 1075 00a8 0C       		.uleb128 0xc
 1076 00a9 0B       		.uleb128 0xb
 1077 00aa 01       		.byte	0x1
 1078 00ab 11       		.uleb128 0x11
 1079 00ac 01       		.uleb128 0x1
 1080 00ad 12       		.uleb128 0x12
 1081 00ae 06       		.uleb128 0x6
 1082 00af 01       		.uleb128 0x1
 1083 00b0 13       		.uleb128 0x13
 1084 00b1 00       		.byte	0
 1085 00b2 00       		.byte	0
 1086 00b3 0D       		.uleb128 0xd
 1087 00b4 898201   		.uleb128 0x4109
 1088 00b7 00       		.byte	0
 1089 00b8 11       		.uleb128 0x11
 1090 00b9 01       		.uleb128 0x1
 1091 00ba 31       		.uleb128 0x31
 1092 00bb 13       		.uleb128 0x13
 1093 00bc 00       		.byte	0
 1094 00bd 00       		.byte	0
 1095 00be 0E       		.uleb128 0xe
 1096 00bf 34       		.uleb128 0x34
 1097 00c0 00       		.byte	0
 1098 00c1 03       		.uleb128 0x3
 1099 00c2 0E       		.uleb128 0xe
 1100 00c3 3A       		.uleb128 0x3a
 1101 00c4 0B       		.uleb128 0xb
 1102 00c5 3B       		.uleb128 0x3b
 1103 00c6 05       		.uleb128 0x5
 1104 00c7 49       		.uleb128 0x49
 1105 00c8 13       		.uleb128 0x13
 1106 00c9 3F       		.uleb128 0x3f
 1107 00ca 19       		.uleb128 0x19
 1108 00cb 3C       		.uleb128 0x3c
 1109 00cc 19       		.uleb128 0x19
 1110 00cd 00       		.byte	0
 1111 00ce 00       		.byte	0
 1112 00cf 0F       		.uleb128 0xf
ARM GAS  C:\Users\bourg\AppData\Local\Temp\ccvQwVoV.s 			page 22


 1113 00d0 35       		.uleb128 0x35
 1114 00d1 00       		.byte	0
 1115 00d2 49       		.uleb128 0x49
 1116 00d3 13       		.uleb128 0x13
 1117 00d4 00       		.byte	0
 1118 00d5 00       		.byte	0
 1119 00d6 10       		.uleb128 0x10
 1120 00d7 2E       		.uleb128 0x2e
 1121 00d8 00       		.byte	0
 1122 00d9 3F       		.uleb128 0x3f
 1123 00da 19       		.uleb128 0x19
 1124 00db 3C       		.uleb128 0x3c
 1125 00dc 19       		.uleb128 0x19
 1126 00dd 6E       		.uleb128 0x6e
 1127 00de 0E       		.uleb128 0xe
 1128 00df 03       		.uleb128 0x3
 1129 00e0 0E       		.uleb128 0xe
 1130 00e1 3A       		.uleb128 0x3a
 1131 00e2 0B       		.uleb128 0xb
 1132 00e3 3B       		.uleb128 0x3b
 1133 00e4 0B       		.uleb128 0xb
 1134 00e5 00       		.byte	0
 1135 00e6 00       		.byte	0
 1136 00e7 00       		.byte	0
 1137              		.section	.debug_aranges,"",%progbits
 1138 0000 24000000 		.4byte	0x24
 1139 0004 0200     		.2byte	0x2
 1140 0006 00000000 		.4byte	.Ldebug_info0
 1141 000a 04       		.byte	0x4
 1142 000b 00       		.byte	0
 1143 000c 0000     		.2byte	0
 1144 000e 0000     		.2byte	0
 1145 0010 00000000 		.4byte	.LFB63
 1146 0014 16000000 		.4byte	.LFE63-.LFB63
 1147 0018 00000000 		.4byte	.LFB64
 1148 001c FC000000 		.4byte	.LFE64-.LFB64
 1149 0020 00000000 		.4byte	0
 1150 0024 00000000 		.4byte	0
 1151              		.section	.debug_ranges,"",%progbits
 1152              	.Ldebug_ranges0:
 1153 0000 00000000 		.4byte	.LFB63
 1154 0004 16000000 		.4byte	.LFE63
 1155 0008 00000000 		.4byte	.LFB64
 1156 000c FC000000 		.4byte	.LFE64
 1157 0010 00000000 		.4byte	0
 1158 0014 00000000 		.4byte	0
 1159              		.section	.debug_line,"",%progbits
 1160              	.Ldebug_line0:
 1161 0000 A2010000 		.section	.debug_str,"MS",%progbits,1
 1161      02004C01 
 1161      00000201 
 1161      FB0E0D00 
 1161      01010101 
 1162              	.LASF8:
 1163 0000 6C6F6E67 		.ascii	"long long int\000"
 1163      206C6F6E 
 1163      6720696E 
ARM GAS  C:\Users\bourg\AppData\Local\Temp\ccvQwVoV.s 			page 23


 1163      7400
 1164              	.LASF27:
 1165 000e 6B657970 		.ascii	"keypad.c\000"
 1165      61642E63 
 1165      00
 1166              	.LASF4:
 1167 0017 5F5F7569 		.ascii	"__uint8_t\000"
 1167      6E74385F 
 1167      7400
 1168              	.LASF24:
 1169 0021 524F5733 		.ascii	"ROW3_Read\000"
 1169      5F526561 
 1169      6400
 1170              	.LASF5:
 1171 002b 5F5F696E 		.ascii	"__int32_t\000"
 1171      7433325F 
 1171      7400
 1172              	.LASF21:
 1173 0035 524F5730 		.ascii	"ROW0_Read\000"
 1173      5F526561 
 1173      6400
 1174              	.LASF28:
 1175 003f 443A5C62 		.ascii	"D:\\bourg\\Documents\\PSoC Creator\\labo-DAC\\labo-"
 1175      6F757267 
 1175      5C446F63 
 1175      756D656E 
 1175      74735C50 
 1176 006d 4441432E 		.ascii	"DAC.cydsn\000"
 1176      63796473 
 1176      6E00
 1177              	.LASF13:
 1178 0077 666C6F61 		.ascii	"float\000"
 1178      7400
 1179              	.LASF1:
 1180 007d 756E7369 		.ascii	"unsigned char\000"
 1180      676E6564 
 1180      20636861 
 1180      7200
 1181              	.LASF26:
 1182 008b 474E5520 		.ascii	"GNU C11 5.4.1 20160609 (release) [ARM/embedded-5-br"
 1182      43313120 
 1182      352E342E 
 1182      31203230 
 1182      31363036 
 1183 00be 616E6368 		.ascii	"anch revision 237715] -mcpu=cortex-m3 -mthumb -g -O"
 1183      20726576 
 1183      6973696F 
 1183      6E203233 
 1183      37373135 
 1184 00f1 67202D66 		.ascii	"g -ffunction-sections -ffat-lto-objects\000"
 1184      66756E63 
 1184      74696F6E 
 1184      2D736563 
 1184      74696F6E 
 1185              	.LASF7:
 1186 0119 6C6F6E67 		.ascii	"long unsigned int\000"
 1186      20756E73 
ARM GAS  C:\Users\bourg\AppData\Local\Temp\ccvQwVoV.s 			page 24


 1186      69676E65 
 1186      6420696E 
 1186      7400
 1187              	.LASF3:
 1188 012b 73686F72 		.ascii	"short unsigned int\000"
 1188      7420756E 
 1188      7369676E 
 1188      65642069 
 1188      6E7400
 1189              	.LASF22:
 1190 013e 524F5731 		.ascii	"ROW1_Read\000"
 1190      5F526561 
 1190      6400
 1191              	.LASF31:
 1192 0148 49544D5F 		.ascii	"ITM_RxBuffer\000"
 1192      52784275 
 1192      66666572 
 1192      00
 1193              	.LASF14:
 1194 0155 646F7562 		.ascii	"double\000"
 1194      6C6500
 1195              	.LASF10:
 1196 015c 756E7369 		.ascii	"unsigned int\000"
 1196      676E6564 
 1196      20696E74 
 1196      00
 1197              	.LASF9:
 1198 0169 6C6F6E67 		.ascii	"long long unsigned int\000"
 1198      206C6F6E 
 1198      6720756E 
 1198      7369676E 
 1198      65642069 
 1199              	.LASF11:
 1200 0180 75696E74 		.ascii	"uint8_t\000"
 1200      385F7400 
 1201              	.LASF12:
 1202 0188 696E7433 		.ascii	"int32_t\000"
 1202      325F7400 
 1203              	.LASF17:
 1204 0190 73697A65 		.ascii	"sizetype\000"
 1204      74797065 
 1204      00
 1205              	.LASF29:
 1206 0199 6B657970 		.ascii	"keypadInit\000"
 1206      6164496E 
 1206      697400
 1207              	.LASF18:
 1208 01a4 434F4C31 		.ascii	"COL1_Write\000"
 1208      5F577269 
 1208      746500
 1209              	.LASF15:
 1210 01af 63686172 		.ascii	"char\000"
 1210      00
 1211              	.LASF30:
 1212 01b4 6B657970 		.ascii	"keypadScan\000"
 1212      61645363 
 1212      616E00
ARM GAS  C:\Users\bourg\AppData\Local\Temp\ccvQwVoV.s 			page 25


 1213              	.LASF2:
 1214 01bf 73686F72 		.ascii	"short int\000"
 1214      7420696E 
 1214      7400
 1215              	.LASF19:
 1216 01c9 434F4C32 		.ascii	"COL2_Write\000"
 1216      5F577269 
 1216      746500
 1217              	.LASF23:
 1218 01d4 524F5732 		.ascii	"ROW2_Read\000"
 1218      5F526561 
 1218      6400
 1219              	.LASF6:
 1220 01de 6C6F6E67 		.ascii	"long int\000"
 1220      20696E74 
 1220      00
 1221              	.LASF16:
 1222 01e7 6C6F6E67 		.ascii	"long double\000"
 1222      20646F75 
 1222      626C6500 
 1223              	.LASF20:
 1224 01f3 434F4C33 		.ascii	"COL3_Write\000"
 1224      5F577269 
 1224      746500
 1225              	.LASF0:
 1226 01fe 7369676E 		.ascii	"signed char\000"
 1226      65642063 
 1226      68617200 
 1227              	.LASF25:
 1228 020a 43794465 		.ascii	"CyDelay\000"
 1228      6C617900 
 1229              		.ident	"GCC: (GNU Tools for ARM Embedded Processors) 5.4.1 20160609 (release) [ARM/embedded-5-bran
