ARM GAS  C:\Users\bourg\AppData\Local\Temp\ccpOKuOg.s 			page 1


   1              		.syntax unified
   2              		.cpu cortex-m3
   3              		.fpu softvfp
   4              		.eabi_attribute 20, 1
   5              		.eabi_attribute 21, 1
   6              		.eabi_attribute 23, 3
   7              		.eabi_attribute 24, 1
   8              		.eabi_attribute 25, 1
   9              		.eabi_attribute 26, 1
  10              		.eabi_attribute 30, 1
  11              		.eabi_attribute 34, 1
  12              		.eabi_attribute 18, 4
  13              		.thumb
  14              		.syntax unified
  15              		.file	"main.c"
  16              		.text
  17              	.Ltext0:
  18              		.cfi_sections	.debug_frame
  19              		.section	.text.main,"ax",%progbits
  20              		.align	2
  21              		.global	main
  22              		.thumb
  23              		.thumb_func
  24              		.type	main, %function
  25              	main:
  26              	.LFB63:
  27              		.file 1 "main.c"
   1:main.c        **** /* ========================================
   2:main.c        ****  *
   3:main.c        ****  * Copyright YOUR COMPANY, THE YEAR
   4:main.c        ****  * All Rights Reserved
   5:main.c        ****  * UNPUBLISHED, LICENSED SOFTWARE.
   6:main.c        ****  *
   7:main.c        ****  * CONFIDENTIAL AND PROPRIETARY INFORMATION
   8:main.c        ****  * WHICH IS THE PROPERTY OF your company.
   9:main.c        ****  *
  10:main.c        ****  * ========================================
  11:main.c        **** */
  12:main.c        **** #include "project.h"
  13:main.c        **** #include "math.h"
  14:main.c        **** 
  15:main.c        **** #include "keypad.h"
  16:main.c        **** 
  17:main.c        **** int main(void)
  18:main.c        **** {
  28              		.loc 1 18 0
  29              		.cfi_startproc
  30              		@ args = 0, pretend = 0, frame = 0
  31              		@ frame_needed = 0, uses_anonymous_args = 0
  32 0000 10B5     		push	{r4, lr}
  33              		.cfi_def_cfa_offset 8
  34              		.cfi_offset 4, -8
  35              		.cfi_offset 14, -4
  19:main.c        ****     CyGlobalIntEnable; /* Enable global interrupts. */
  36              		.loc 1 19 0
  37              		.syntax unified
  38              	@ 19 "main.c" 1
ARM GAS  C:\Users\bourg\AppData\Local\Temp\ccpOKuOg.s 			page 2


  39 0002 62B6     		CPSIE   i
  40              	@ 0 "" 2
  20:main.c        **** 
  21:main.c        ****     /* Place your initialization/startup code here (e.g. MyInst_Start()) */
  22:main.c        ****     
  23:main.c        ****     Timer_Start();
  41              		.loc 1 23 0
  42              		.thumb
  43              		.syntax unified
  44 0004 FFF7FEFF 		bl	Timer_Start
  45              	.LVL0:
  24:main.c        **** 
  25:main.c        ****     int counter = 0;
  26:main.c        ****     
  27:main.c        ****     VDAC8_1_Init();
  46              		.loc 1 27 0
  47 0008 FFF7FEFF 		bl	VDAC8_1_Init
  48              	.LVL1:
  28:main.c        ****     VDAC8_1_Enable();
  49              		.loc 1 28 0
  50 000c FFF7FEFF 		bl	VDAC8_1_Enable
  51              	.LVL2:
  25:main.c        ****     
  52              		.loc 1 25 0
  53 0010 0024     		movs	r4, #0
  54              	.LVL3:
  55              	.L2:
  56              	.LBB2:
  29:main.c        ****     
  30:main.c        ****     for(;;)
  31:main.c        ****     {
  32:main.c        ****         /* Place your application code here. */
  33:main.c        ****         int overFlow = 0x80 & Timer_ReadStatusRegister ();
  57              		.loc 1 33 0
  58 0012 FFF7FEFF 		bl	Timer_ReadStatusRegister
  59              	.LVL4:
  34:main.c        ****         
  35:main.c        ****         if (overFlow) {
  60              		.loc 1 35 0
  61 0016 10F0800F 		tst	r0, #128
  62 001a FAD0     		beq	.L2
  36:main.c        ****             counter++;
  63              		.loc 1 36 0
  64 001c 0134     		adds	r4, r4, #1
  65              	.LVL5:
  37:main.c        ****             VDAC8_1_SetValue((counter % 100) * 2);
  66              		.loc 1 37 0
  67 001e 0748     		ldr	r0, .L5
  68              	.LVL6:
  69 0020 80FB0430 		smull	r3, r0, r0, r4
  70 0024 E317     		asrs	r3, r4, #31
  71 0026 C3EB6010 		rsb	r0, r3, r0, asr #5
  72 002a 6423     		movs	r3, #100
  73 002c 03FB1040 		mls	r0, r3, r0, r4
  74 0030 4000     		lsls	r0, r0, #1
  75 0032 00F0FE00 		and	r0, r0, #254
  76 0036 FFF7FEFF 		bl	VDAC8_1_SetValue
ARM GAS  C:\Users\bourg\AppData\Local\Temp\ccpOKuOg.s 			page 3


  77              	.LVL7:
  78 003a EAE7     		b	.L2
  79              	.L6:
  80              		.align	2
  81              	.L5:
  82 003c 1F85EB51 		.word	1374389535
  83              	.LBE2:
  84              		.cfi_endproc
  85              	.LFE63:
  86              		.size	main, .-main
  87              		.text
  88              	.Letext0:
  89              		.file 2 "c:\\program files (x86)\\cypress\\psoc creator\\4.4\\psoc creator\\import\\gnu\\arm\\5.4.
  90              		.file 3 "c:\\program files (x86)\\cypress\\psoc creator\\4.4\\psoc creator\\import\\gnu\\arm\\5.4.
  91              		.file 4 "Generated_Source\\PSoC5/Timer.h"
  92              		.file 5 "Generated_Source\\PSoC5/VDAC8_1.h"
  93              		.file 6 "Generated_Source\\PSoC5/core_cm3.h"
  94              		.section	.debug_info,"",%progbits
  95              	.Ldebug_info0:
  96 0000 88010000 		.4byte	0x188
  97 0004 0400     		.2byte	0x4
  98 0006 00000000 		.4byte	.Ldebug_abbrev0
  99 000a 04       		.byte	0x4
 100 000b 01       		.uleb128 0x1
 101 000c 46000000 		.4byte	.LASF23
 102 0010 0C       		.byte	0xc
 103 0011 3A000000 		.4byte	.LASF24
 104 0015 2F010000 		.4byte	.LASF25
 105 0019 00000000 		.4byte	.Ldebug_ranges0+0
 106 001d 00000000 		.4byte	0
 107 0021 00000000 		.4byte	.Ldebug_line0
 108 0025 02       		.uleb128 0x2
 109 0026 08       		.byte	0x8
 110 0027 07       		.byte	0x7
 111 0028 ED000000 		.4byte	.LASF0
 112 002c 02       		.uleb128 0x2
 113 002d 04       		.byte	0x4
 114 002e 07       		.byte	0x7
 115 002f 2D000000 		.4byte	.LASF1
 116 0033 03       		.uleb128 0x3
 117 0034 04       		.byte	0x4
 118 0035 05       		.byte	0x5
 119 0036 696E7400 		.ascii	"int\000"
 120 003a 02       		.uleb128 0x2
 121 003b 01       		.byte	0x1
 122 003c 06       		.byte	0x6
 123 003d B3010000 		.4byte	.LASF2
 124 0041 02       		.uleb128 0x2
 125 0042 01       		.byte	0x1
 126 0043 08       		.byte	0x8
 127 0044 04010000 		.4byte	.LASF3
 128 0048 02       		.uleb128 0x2
 129 0049 02       		.byte	0x2
 130 004a 05       		.byte	0x5
 131 004b E4010000 		.4byte	.LASF4
 132 004f 02       		.uleb128 0x2
 133 0050 02       		.byte	0x2
ARM GAS  C:\Users\bourg\AppData\Local\Temp\ccpOKuOg.s 			page 4


 134 0051 07       		.byte	0x7
 135 0052 0E000000 		.4byte	.LASF5
 136 0056 04       		.uleb128 0x4
 137 0057 CB010000 		.4byte	.LASF9
 138 005b 02       		.byte	0x2
 139 005c 3F       		.byte	0x3f
 140 005d 61000000 		.4byte	0x61
 141 0061 02       		.uleb128 0x2
 142 0062 04       		.byte	0x4
 143 0063 05       		.byte	0x5
 144 0064 26010000 		.4byte	.LASF6
 145 0068 02       		.uleb128 0x2
 146 0069 04       		.byte	0x4
 147 006a 07       		.byte	0x7
 148 006b 78010000 		.4byte	.LASF7
 149 006f 02       		.uleb128 0x2
 150 0070 08       		.byte	0x8
 151 0071 05       		.byte	0x5
 152 0072 00000000 		.4byte	.LASF8
 153 0076 04       		.uleb128 0x4
 154 0077 EE010000 		.4byte	.LASF10
 155 007b 03       		.byte	0x3
 156 007c 2C       		.byte	0x2c
 157 007d 56000000 		.4byte	0x56
 158 0081 02       		.uleb128 0x2
 159 0082 04       		.byte	0x4
 160 0083 04       		.byte	0x4
 161 0084 D5010000 		.4byte	.LASF11
 162 0088 02       		.uleb128 0x2
 163 0089 08       		.byte	0x8
 164 008a 04       		.byte	0x4
 165 008b 8A010000 		.4byte	.LASF12
 166 008f 02       		.uleb128 0x2
 167 0090 01       		.byte	0x1
 168 0091 08       		.byte	0x8
 169 0092 12010000 		.4byte	.LASF13
 170 0096 02       		.uleb128 0x2
 171 0097 08       		.byte	0x8
 172 0098 04       		.byte	0x4
 173 0099 BF010000 		.4byte	.LASF14
 174 009d 02       		.uleb128 0x2
 175 009e 04       		.byte	0x4
 176 009f 07       		.byte	0x7
 177 00a0 F6010000 		.4byte	.LASF15
 178 00a4 05       		.uleb128 0x5
 179 00a5 41000000 		.4byte	.LASF26
 180 00a9 01       		.byte	0x1
 181 00aa 11       		.byte	0x11
 182 00ab 33000000 		.4byte	0x33
 183 00af 00000000 		.4byte	.LFB63
 184 00b3 40000000 		.4byte	.LFE63-.LFB63
 185 00b7 01       		.uleb128 0x1
 186 00b8 9C       		.byte	0x9c
 187 00b9 43010000 		.4byte	0x143
 188 00bd 06       		.uleb128 0x6
 189 00be 9E010000 		.4byte	.LASF16
 190 00c2 01       		.byte	0x1
ARM GAS  C:\Users\bourg\AppData\Local\Temp\ccpOKuOg.s 			page 5


 191 00c3 19       		.byte	0x19
 192 00c4 33000000 		.4byte	0x33
 193 00c8 00000000 		.4byte	.LLST0
 194 00cc 07       		.uleb128 0x7
 195 00cd 12000000 		.4byte	.LBB2
 196 00d1 2E000000 		.4byte	.LBE2-.LBB2
 197 00d5 27010000 		.4byte	0x127
 198 00d9 06       		.uleb128 0x6
 199 00da DB010000 		.4byte	.LASF17
 200 00de 01       		.byte	0x1
 201 00df 21       		.byte	0x21
 202 00e0 33000000 		.4byte	0x33
 203 00e4 1F000000 		.4byte	.LLST1
 204 00e8 08       		.uleb128 0x8
 205 00e9 16000000 		.4byte	.LVL4
 206 00ed 54010000 		.4byte	0x154
 207 00f1 09       		.uleb128 0x9
 208 00f2 3A000000 		.4byte	.LVL7
 209 00f6 5F010000 		.4byte	0x15f
 210 00fa 0A       		.uleb128 0xa
 211 00fb 01       		.uleb128 0x1
 212 00fc 50       		.byte	0x50
 213 00fd 27       		.uleb128 0x27
 214 00fe 74       		.byte	0x74
 215 00ff 00       		.sleb128 0
 216 0100 74       		.byte	0x74
 217 0101 00       		.sleb128 0
 218 0102 F7       		.byte	0xf7
 219 0103 33       		.uleb128 0x33
 220 0104 F7       		.byte	0xf7
 221 0105 25       		.uleb128 0x25
 222 0106 0C       		.byte	0xc
 223 0107 1F85EB51 		.4byte	0x51eb851f
 224 010b F7       		.byte	0xf7
 225 010c 25       		.uleb128 0x25
 226 010d 1E       		.byte	0x1e
 227 010e 08       		.byte	0x8
 228 010f 20       		.byte	0x20
 229 0110 F7       		.byte	0xf7
 230 0111 25       		.uleb128 0x25
 231 0112 25       		.byte	0x25
 232 0113 F7       		.byte	0xf7
 233 0114 2C       		.uleb128 0x2c
 234 0115 35       		.byte	0x35
 235 0116 26       		.byte	0x26
 236 0117 74       		.byte	0x74
 237 0118 00       		.sleb128 0
 238 0119 4F       		.byte	0x4f
 239 011a 26       		.byte	0x26
 240 011b 1C       		.byte	0x1c
 241 011c 08       		.byte	0x8
 242 011d 64       		.byte	0x64
 243 011e 1E       		.byte	0x1e
 244 011f 1C       		.byte	0x1c
 245 0120 31       		.byte	0x31
 246 0121 24       		.byte	0x24
 247 0122 08       		.byte	0x8
ARM GAS  C:\Users\bourg\AppData\Local\Temp\ccpOKuOg.s 			page 6


 248 0123 FE       		.byte	0xfe
 249 0124 1A       		.byte	0x1a
 250 0125 00       		.byte	0
 251 0126 00       		.byte	0
 252 0127 08       		.uleb128 0x8
 253 0128 08000000 		.4byte	.LVL0
 254 012c 6A010000 		.4byte	0x16a
 255 0130 08       		.uleb128 0x8
 256 0131 0C000000 		.4byte	.LVL1
 257 0135 75010000 		.4byte	0x175
 258 0139 08       		.uleb128 0x8
 259 013a 10000000 		.4byte	.LVL2
 260 013e 80010000 		.4byte	0x180
 261 0142 00       		.byte	0
 262 0143 0B       		.uleb128 0xb
 263 0144 A6010000 		.4byte	.LASF27
 264 0148 06       		.byte	0x6
 265 0149 1207     		.2byte	0x712
 266 014b 4F010000 		.4byte	0x14f
 267 014f 0C       		.uleb128 0xc
 268 0150 76000000 		.4byte	0x76
 269 0154 0D       		.uleb128 0xd
 270 0155 D4000000 		.4byte	.LASF18
 271 0159 D4000000 		.4byte	.LASF18
 272 015d 04       		.byte	0x4
 273 015e 5E       		.byte	0x5e
 274 015f 0D       		.uleb128 0xd
 275 0160 67010000 		.4byte	.LASF19
 276 0164 67010000 		.4byte	.LASF19
 277 0168 05       		.byte	0x5
 278 0169 37       		.byte	0x37
 279 016a 0D       		.uleb128 0xd
 280 016b 21000000 		.4byte	.LASF20
 281 016f 21000000 		.4byte	.LASF20
 282 0173 04       		.byte	0x4
 283 0174 5A       		.byte	0x5a
 284 0175 0D       		.uleb128 0xd
 285 0176 91010000 		.4byte	.LASF21
 286 017a 91010000 		.4byte	.LASF21
 287 017e 05       		.byte	0x5
 288 017f 39       		.byte	0x39
 289 0180 0D       		.uleb128 0xd
 290 0181 17010000 		.4byte	.LASF22
 291 0185 17010000 		.4byte	.LASF22
 292 0189 05       		.byte	0x5
 293 018a 3A       		.byte	0x3a
 294 018b 00       		.byte	0
 295              		.section	.debug_abbrev,"",%progbits
 296              	.Ldebug_abbrev0:
 297 0000 01       		.uleb128 0x1
 298 0001 11       		.uleb128 0x11
 299 0002 01       		.byte	0x1
 300 0003 25       		.uleb128 0x25
 301 0004 0E       		.uleb128 0xe
 302 0005 13       		.uleb128 0x13
 303 0006 0B       		.uleb128 0xb
 304 0007 03       		.uleb128 0x3
ARM GAS  C:\Users\bourg\AppData\Local\Temp\ccpOKuOg.s 			page 7


 305 0008 0E       		.uleb128 0xe
 306 0009 1B       		.uleb128 0x1b
 307 000a 0E       		.uleb128 0xe
 308 000b 55       		.uleb128 0x55
 309 000c 17       		.uleb128 0x17
 310 000d 11       		.uleb128 0x11
 311 000e 01       		.uleb128 0x1
 312 000f 10       		.uleb128 0x10
 313 0010 17       		.uleb128 0x17
 314 0011 00       		.byte	0
 315 0012 00       		.byte	0
 316 0013 02       		.uleb128 0x2
 317 0014 24       		.uleb128 0x24
 318 0015 00       		.byte	0
 319 0016 0B       		.uleb128 0xb
 320 0017 0B       		.uleb128 0xb
 321 0018 3E       		.uleb128 0x3e
 322 0019 0B       		.uleb128 0xb
 323 001a 03       		.uleb128 0x3
 324 001b 0E       		.uleb128 0xe
 325 001c 00       		.byte	0
 326 001d 00       		.byte	0
 327 001e 03       		.uleb128 0x3
 328 001f 24       		.uleb128 0x24
 329 0020 00       		.byte	0
 330 0021 0B       		.uleb128 0xb
 331 0022 0B       		.uleb128 0xb
 332 0023 3E       		.uleb128 0x3e
 333 0024 0B       		.uleb128 0xb
 334 0025 03       		.uleb128 0x3
 335 0026 08       		.uleb128 0x8
 336 0027 00       		.byte	0
 337 0028 00       		.byte	0
 338 0029 04       		.uleb128 0x4
 339 002a 16       		.uleb128 0x16
 340 002b 00       		.byte	0
 341 002c 03       		.uleb128 0x3
 342 002d 0E       		.uleb128 0xe
 343 002e 3A       		.uleb128 0x3a
 344 002f 0B       		.uleb128 0xb
 345 0030 3B       		.uleb128 0x3b
 346 0031 0B       		.uleb128 0xb
 347 0032 49       		.uleb128 0x49
 348 0033 13       		.uleb128 0x13
 349 0034 00       		.byte	0
 350 0035 00       		.byte	0
 351 0036 05       		.uleb128 0x5
 352 0037 2E       		.uleb128 0x2e
 353 0038 01       		.byte	0x1
 354 0039 3F       		.uleb128 0x3f
 355 003a 19       		.uleb128 0x19
 356 003b 03       		.uleb128 0x3
 357 003c 0E       		.uleb128 0xe
 358 003d 3A       		.uleb128 0x3a
 359 003e 0B       		.uleb128 0xb
 360 003f 3B       		.uleb128 0x3b
 361 0040 0B       		.uleb128 0xb
ARM GAS  C:\Users\bourg\AppData\Local\Temp\ccpOKuOg.s 			page 8


 362 0041 27       		.uleb128 0x27
 363 0042 19       		.uleb128 0x19
 364 0043 49       		.uleb128 0x49
 365 0044 13       		.uleb128 0x13
 366 0045 8701     		.uleb128 0x87
 367 0047 19       		.uleb128 0x19
 368 0048 11       		.uleb128 0x11
 369 0049 01       		.uleb128 0x1
 370 004a 12       		.uleb128 0x12
 371 004b 06       		.uleb128 0x6
 372 004c 40       		.uleb128 0x40
 373 004d 18       		.uleb128 0x18
 374 004e 9742     		.uleb128 0x2117
 375 0050 19       		.uleb128 0x19
 376 0051 01       		.uleb128 0x1
 377 0052 13       		.uleb128 0x13
 378 0053 00       		.byte	0
 379 0054 00       		.byte	0
 380 0055 06       		.uleb128 0x6
 381 0056 34       		.uleb128 0x34
 382 0057 00       		.byte	0
 383 0058 03       		.uleb128 0x3
 384 0059 0E       		.uleb128 0xe
 385 005a 3A       		.uleb128 0x3a
 386 005b 0B       		.uleb128 0xb
 387 005c 3B       		.uleb128 0x3b
 388 005d 0B       		.uleb128 0xb
 389 005e 49       		.uleb128 0x49
 390 005f 13       		.uleb128 0x13
 391 0060 02       		.uleb128 0x2
 392 0061 17       		.uleb128 0x17
 393 0062 00       		.byte	0
 394 0063 00       		.byte	0
 395 0064 07       		.uleb128 0x7
 396 0065 0B       		.uleb128 0xb
 397 0066 01       		.byte	0x1
 398 0067 11       		.uleb128 0x11
 399 0068 01       		.uleb128 0x1
 400 0069 12       		.uleb128 0x12
 401 006a 06       		.uleb128 0x6
 402 006b 01       		.uleb128 0x1
 403 006c 13       		.uleb128 0x13
 404 006d 00       		.byte	0
 405 006e 00       		.byte	0
 406 006f 08       		.uleb128 0x8
 407 0070 898201   		.uleb128 0x4109
 408 0073 00       		.byte	0
 409 0074 11       		.uleb128 0x11
 410 0075 01       		.uleb128 0x1
 411 0076 31       		.uleb128 0x31
 412 0077 13       		.uleb128 0x13
 413 0078 00       		.byte	0
 414 0079 00       		.byte	0
 415 007a 09       		.uleb128 0x9
 416 007b 898201   		.uleb128 0x4109
 417 007e 01       		.byte	0x1
 418 007f 11       		.uleb128 0x11
ARM GAS  C:\Users\bourg\AppData\Local\Temp\ccpOKuOg.s 			page 9


 419 0080 01       		.uleb128 0x1
 420 0081 31       		.uleb128 0x31
 421 0082 13       		.uleb128 0x13
 422 0083 00       		.byte	0
 423 0084 00       		.byte	0
 424 0085 0A       		.uleb128 0xa
 425 0086 8A8201   		.uleb128 0x410a
 426 0089 00       		.byte	0
 427 008a 02       		.uleb128 0x2
 428 008b 18       		.uleb128 0x18
 429 008c 9142     		.uleb128 0x2111
 430 008e 18       		.uleb128 0x18
 431 008f 00       		.byte	0
 432 0090 00       		.byte	0
 433 0091 0B       		.uleb128 0xb
 434 0092 34       		.uleb128 0x34
 435 0093 00       		.byte	0
 436 0094 03       		.uleb128 0x3
 437 0095 0E       		.uleb128 0xe
 438 0096 3A       		.uleb128 0x3a
 439 0097 0B       		.uleb128 0xb
 440 0098 3B       		.uleb128 0x3b
 441 0099 05       		.uleb128 0x5
 442 009a 49       		.uleb128 0x49
 443 009b 13       		.uleb128 0x13
 444 009c 3F       		.uleb128 0x3f
 445 009d 19       		.uleb128 0x19
 446 009e 3C       		.uleb128 0x3c
 447 009f 19       		.uleb128 0x19
 448 00a0 00       		.byte	0
 449 00a1 00       		.byte	0
 450 00a2 0C       		.uleb128 0xc
 451 00a3 35       		.uleb128 0x35
 452 00a4 00       		.byte	0
 453 00a5 49       		.uleb128 0x49
 454 00a6 13       		.uleb128 0x13
 455 00a7 00       		.byte	0
 456 00a8 00       		.byte	0
 457 00a9 0D       		.uleb128 0xd
 458 00aa 2E       		.uleb128 0x2e
 459 00ab 00       		.byte	0
 460 00ac 3F       		.uleb128 0x3f
 461 00ad 19       		.uleb128 0x19
 462 00ae 3C       		.uleb128 0x3c
 463 00af 19       		.uleb128 0x19
 464 00b0 6E       		.uleb128 0x6e
 465 00b1 0E       		.uleb128 0xe
 466 00b2 03       		.uleb128 0x3
 467 00b3 0E       		.uleb128 0xe
 468 00b4 3A       		.uleb128 0x3a
 469 00b5 0B       		.uleb128 0xb
 470 00b6 3B       		.uleb128 0x3b
 471 00b7 0B       		.uleb128 0xb
 472 00b8 00       		.byte	0
 473 00b9 00       		.byte	0
 474 00ba 00       		.byte	0
 475              		.section	.debug_loc,"",%progbits
ARM GAS  C:\Users\bourg\AppData\Local\Temp\ccpOKuOg.s 			page 10


 476              	.Ldebug_loc0:
 477              	.LLST0:
 478 0000 08000000 		.4byte	.LVL0
 479 0004 12000000 		.4byte	.LVL3
 480 0008 0200     		.2byte	0x2
 481 000a 30       		.byte	0x30
 482 000b 9F       		.byte	0x9f
 483 000c 12000000 		.4byte	.LVL3
 484 0010 40000000 		.4byte	.LFE63
 485 0014 0100     		.2byte	0x1
 486 0016 54       		.byte	0x54
 487 0017 00000000 		.4byte	0
 488 001b 00000000 		.4byte	0
 489              	.LLST1:
 490 001f 16000000 		.4byte	.LVL4
 491 0023 20000000 		.4byte	.LVL6
 492 0027 0900     		.2byte	0x9
 493 0029 70       		.byte	0x70
 494 002a 00       		.sleb128 0
 495 002b 09       		.byte	0x9
 496 002c 80       		.byte	0x80
 497 002d 1A       		.byte	0x1a
 498 002e 08       		.byte	0x8
 499 002f FF       		.byte	0xff
 500 0030 1A       		.byte	0x1a
 501 0031 9F       		.byte	0x9f
 502 0032 00000000 		.4byte	0
 503 0036 00000000 		.4byte	0
 504              		.section	.debug_aranges,"",%progbits
 505 0000 1C000000 		.4byte	0x1c
 506 0004 0200     		.2byte	0x2
 507 0006 00000000 		.4byte	.Ldebug_info0
 508 000a 04       		.byte	0x4
 509 000b 00       		.byte	0
 510 000c 0000     		.2byte	0
 511 000e 0000     		.2byte	0
 512 0010 00000000 		.4byte	.LFB63
 513 0014 40000000 		.4byte	.LFE63-.LFB63
 514 0018 00000000 		.4byte	0
 515 001c 00000000 		.4byte	0
 516              		.section	.debug_ranges,"",%progbits
 517              	.Ldebug_ranges0:
 518 0000 00000000 		.4byte	.LFB63
 519 0004 40000000 		.4byte	.LFE63
 520 0008 00000000 		.4byte	0
 521 000c 00000000 		.4byte	0
 522              		.section	.debug_line,"",%progbits
 523              	.Ldebug_line0:
 524 0000 74010000 		.section	.debug_str,"MS",%progbits,1
 524      02005701 
 524      00000201 
 524      FB0E0D00 
 524      01010101 
 525              	.LASF8:
 526 0000 6C6F6E67 		.ascii	"long long int\000"
 526      206C6F6E 
 526      6720696E 
ARM GAS  C:\Users\bourg\AppData\Local\Temp\ccpOKuOg.s 			page 11


 526      7400
 527              	.LASF5:
 528 000e 73686F72 		.ascii	"short unsigned int\000"
 528      7420756E 
 528      7369676E 
 528      65642069 
 528      6E7400
 529              	.LASF20:
 530 0021 54696D65 		.ascii	"Timer_Start\000"
 530      725F5374 
 530      61727400 
 531              	.LASF1:
 532 002d 756E7369 		.ascii	"unsigned int\000"
 532      676E6564 
 532      20696E74 
 532      00
 533              	.LASF24:
 534 003a 6D61696E 		.ascii	"main.c\000"
 534      2E6300
 535              	.LASF26:
 536 0041 6D61696E 		.ascii	"main\000"
 536      00
 537              	.LASF23:
 538 0046 474E5520 		.ascii	"GNU C11 5.4.1 20160609 (release) [ARM/embedded-5-br"
 538      43313120 
 538      352E342E 
 538      31203230 
 538      31363036 
 539 0079 616E6368 		.ascii	"anch revision 237715] -mcpu=cortex-m3 -mthumb -g -O"
 539      20726576 
 539      6973696F 
 539      6E203233 
 539      37373135 
 540 00ac 67202D66 		.ascii	"g -ffunction-sections -ffat-lto-objects\000"
 540      66756E63 
 540      74696F6E 
 540      2D736563 
 540      74696F6E 
 541              	.LASF18:
 542 00d4 54696D65 		.ascii	"Timer_ReadStatusRegister\000"
 542      725F5265 
 542      61645374 
 542      61747573 
 542      52656769 
 543              	.LASF0:
 544 00ed 6C6F6E67 		.ascii	"long long unsigned int\000"
 544      206C6F6E 
 544      6720756E 
 544      7369676E 
 544      65642069 
 545              	.LASF3:
 546 0104 756E7369 		.ascii	"unsigned char\000"
 546      676E6564 
 546      20636861 
 546      7200
 547              	.LASF13:
 548 0112 63686172 		.ascii	"char\000"
ARM GAS  C:\Users\bourg\AppData\Local\Temp\ccpOKuOg.s 			page 12


 548      00
 549              	.LASF22:
 550 0117 56444143 		.ascii	"VDAC8_1_Enable\000"
 550      385F315F 
 550      456E6162 
 550      6C6500
 551              	.LASF6:
 552 0126 6C6F6E67 		.ascii	"long int\000"
 552      20696E74 
 552      00
 553              	.LASF25:
 554 012f 443A5C62 		.ascii	"D:\\bourg\\Documents\\PSoC Creator\\labo-DAC\\labo-"
 554      6F757267 
 554      5C446F63 
 554      756D656E 
 554      74735C50 
 555 015d 4441432E 		.ascii	"DAC.cydsn\000"
 555      63796473 
 555      6E00
 556              	.LASF19:
 557 0167 56444143 		.ascii	"VDAC8_1_SetValue\000"
 557      385F315F 
 557      53657456 
 557      616C7565 
 557      00
 558              	.LASF7:
 559 0178 6C6F6E67 		.ascii	"long unsigned int\000"
 559      20756E73 
 559      69676E65 
 559      6420696E 
 559      7400
 560              	.LASF12:
 561 018a 646F7562 		.ascii	"double\000"
 561      6C6500
 562              	.LASF21:
 563 0191 56444143 		.ascii	"VDAC8_1_Init\000"
 563      385F315F 
 563      496E6974 
 563      00
 564              	.LASF16:
 565 019e 636F756E 		.ascii	"counter\000"
 565      74657200 
 566              	.LASF27:
 567 01a6 49544D5F 		.ascii	"ITM_RxBuffer\000"
 567      52784275 
 567      66666572 
 567      00
 568              	.LASF2:
 569 01b3 7369676E 		.ascii	"signed char\000"
 569      65642063 
 569      68617200 
 570              	.LASF14:
 571 01bf 6C6F6E67 		.ascii	"long double\000"
 571      20646F75 
 571      626C6500 
 572              	.LASF9:
 573 01cb 5F5F696E 		.ascii	"__int32_t\000"
ARM GAS  C:\Users\bourg\AppData\Local\Temp\ccpOKuOg.s 			page 13


 573      7433325F 
 573      7400
 574              	.LASF11:
 575 01d5 666C6F61 		.ascii	"float\000"
 575      7400
 576              	.LASF17:
 577 01db 6F766572 		.ascii	"overFlow\000"
 577      466C6F77 
 577      00
 578              	.LASF4:
 579 01e4 73686F72 		.ascii	"short int\000"
 579      7420696E 
 579      7400
 580              	.LASF10:
 581 01ee 696E7433 		.ascii	"int32_t\000"
 581      325F7400 
 582              	.LASF15:
 583 01f6 73697A65 		.ascii	"sizetype\000"
 583      74797065 
 583      00
 584              		.ident	"GCC: (GNU Tools for ARM Embedded Processors) 5.4.1 20160609 (release) [ARM/embedded-5-bran
