ARM GAS  C:\Users\bourg\AppData\Local\Temp\ccKPctyO.s 			page 1


   1              		.syntax unified
   2              		.cpu cortex-m3
   3              		.fpu softvfp
   4              		.eabi_attribute 20, 1
   5              		.eabi_attribute 21, 1
   6              		.eabi_attribute 23, 3
   7              		.eabi_attribute 24, 1
   8              		.eabi_attribute 25, 1
   9              		.eabi_attribute 26, 1
  10              		.eabi_attribute 30, 1
  11              		.eabi_attribute 34, 1
  12              		.eabi_attribute 18, 4
  13              		.thumb
  14              		.syntax unified
  15              		.file	"cymetadata.c"
  16              		.text
  17              	.Ltext0:
  18              		.cfi_sections	.debug_frame
  19              		.global	cy_metadata
  20              		.global	cy_meta_flashprotect
  21              		.global	cy_meta_wonvl
  22              		.global	cy_meta_custnvl
  23              		.global	cy_meta_configecc
  24              		.section	.cyconfigecc,"a",%progbits
  25              		.align	2
  26              		.type	cy_meta_configecc, %object
  27              		.size	cy_meta_configecc, 56
  28              	cy_meta_configecc:
  29 0000 00       		.byte	0
  30 0001 01       		.byte	1
  31 0002 01       		.byte	1
  32 0003 00       		.byte	0
  33 0004 00       		.byte	0
  34 0005 00       		.byte	0
  35 0006 00       		.byte	0
  36 0007 00       		.byte	0
  37 0008 20       		.byte	32
  38 0009 00       		.byte	0
  39 000a 00       		.byte	0
  40 000b 00       		.byte	0
  41 000c 00       		.byte	0
  42 000d 00       		.byte	0
  43 000e 00       		.byte	0
  44 000f 00       		.byte	0
  45 0010 01       		.byte	1
  46 0011 00       		.byte	0
  47 0012 00       		.byte	0
  48 0013 01       		.byte	1
  49 0014 00       		.byte	0
  50 0015 00       		.byte	0
  51 0016 00       		.byte	0
  52 0017 00       		.byte	0
  53 0018 00       		.byte	0
  54 0019 00       		.byte	0
  55 001a 00       		.byte	0
  56 001b 00       		.byte	0
  57 001c 00       		.byte	0
ARM GAS  C:\Users\bourg\AppData\Local\Temp\ccKPctyO.s 			page 2


  58 001d 0B       		.byte	11
  59 001e 0B       		.byte	11
  60 001f 00       		.byte	0
  61 0020 00       		.byte	0
  62 0021 00       		.byte	0
  63 0022 00       		.byte	0
  64 0023 00       		.byte	0
  65 0024 00       		.byte	0
  66 0025 7F       		.byte	127
  67 0026 7F       		.byte	127
  68 0027 00       		.byte	0
  69 0028 00       		.byte	0
  70 0029 00       		.byte	0
  71 002a 00       		.byte	0
  72 002b 00       		.byte	0
  73 002c E0       		.byte	-32
  74 002d 00       		.byte	0
  75 002e 00       		.byte	0
  76 002f E0       		.byte	-32
  77 0030 1A       		.byte	26
  78 0031 00       		.byte	0
  79 0032 00       		.byte	0
  80 0033 00       		.byte	0
  81 0034 00       		.byte	0
  82 0035 00       		.byte	0
  83 0036 00       		.byte	0
  84 0037 00       		.byte	0
  85              		.section	.cywolatch,"a",%progbits
  86              		.align	2
  87              		.type	cy_meta_wonvl, %object
  88              		.size	cy_meta_wonvl, 4
  89              	cy_meta_wonvl:
  90 0000 BC       		.byte	-68
  91 0001 90       		.byte	-112
  92 0002 AC       		.byte	-84
  93 0003 AF       		.byte	-81
  94              		.section	.cycustnvl,"a",%progbits
  95              		.align	2
  96              		.type	cy_meta_custnvl, %object
  97              		.size	cy_meta_custnvl, 4
  98              	cy_meta_custnvl:
  99 0000 00       		.byte	0
 100 0001 00       		.byte	0
 101 0002 40       		.byte	64
 102 0003 05       		.byte	5
 103              		.section	.cymeta,"a",%progbits
 104              		.align	2
 105              		.type	cy_metadata, %object
 106              		.size	cy_metadata, 12
 107              	cy_metadata:
 108 0000 00       		.byte	0
 109 0001 01       		.byte	1
 110 0002 2E       		.byte	46
 111 0003 16       		.byte	22
 112 0004 10       		.byte	16
 113 0005 69       		.byte	105
 114 0006 00       		.byte	0
ARM GAS  C:\Users\bourg\AppData\Local\Temp\ccKPctyO.s 			page 3


 115 0007 01       		.byte	1
 116 0008 00       		.byte	0
 117 0009 00       		.byte	0
 118 000a 00       		.byte	0
 119 000b 00       		.byte	0
 120              		.section	.cyflashprotect,"a",%progbits
 121              		.align	2
 122              		.type	cy_meta_flashprotect, %object
 123              		.size	cy_meta_flashprotect, 256
 124              	cy_meta_flashprotect:
 125 0000 00000000 		.space	256
 125      00000000 
 125      00000000 
 125      00000000 
 125      00000000 
 126              		.text
 127              	.Letext0:
 128              		.file 1 "c:\\program files (x86)\\cypress\\psoc creator\\4.4\\psoc creator\\import\\gnu\\arm\\5.4.
 129              		.file 2 "c:\\program files (x86)\\cypress\\psoc creator\\4.4\\psoc creator\\import\\gnu\\arm\\5.4.
 130              		.file 3 "Generated_Source\\PSoC5\\cymetadata.c"
 131              		.section	.debug_info,"",%progbits
 132              	.Ldebug_info0:
 133 0000 30010000 		.4byte	0x130
 134 0004 0400     		.2byte	0x4
 135 0006 00000000 		.4byte	.Ldebug_abbrev0
 136 000a 04       		.byte	0x4
 137 000b 01       		.uleb128 0x1
 138 000c 24000000 		.4byte	.LASF17
 139 0010 0C       		.byte	0xc
 140 0011 B3010000 		.4byte	.LASF18
 141 0015 7E010000 		.4byte	.LASF19
 142 0019 00000000 		.4byte	.Ldebug_line0
 143 001d 02       		.uleb128 0x2
 144 001e 01       		.byte	0x1
 145 001f 06       		.byte	0x6
 146 0020 72010000 		.4byte	.LASF0
 147 0024 03       		.uleb128 0x3
 148 0025 00000000 		.4byte	.LASF9
 149 0029 01       		.byte	0x1
 150 002a 1D       		.byte	0x1d
 151 002b 2F000000 		.4byte	0x2f
 152 002f 02       		.uleb128 0x2
 153 0030 01       		.byte	0x1
 154 0031 08       		.byte	0x8
 155 0032 16000000 		.4byte	.LASF1
 156 0036 02       		.uleb128 0x2
 157 0037 02       		.byte	0x2
 158 0038 05       		.byte	0x5
 159 0039 5F010000 		.4byte	.LASF2
 160 003d 02       		.uleb128 0x2
 161 003e 02       		.byte	0x2
 162 003f 07       		.byte	0x7
 163 0040 C4000000 		.4byte	.LASF3
 164 0044 02       		.uleb128 0x2
 165 0045 04       		.byte	0x4
 166 0046 05       		.byte	0x5
 167 0047 69010000 		.4byte	.LASF4
ARM GAS  C:\Users\bourg\AppData\Local\Temp\ccKPctyO.s 			page 4


 168 004b 02       		.uleb128 0x2
 169 004c 04       		.byte	0x4
 170 004d 07       		.byte	0x7
 171 004e B2000000 		.4byte	.LASF5
 172 0052 02       		.uleb128 0x2
 173 0053 08       		.byte	0x8
 174 0054 05       		.byte	0x5
 175 0055 51010000 		.4byte	.LASF6
 176 0059 02       		.uleb128 0x2
 177 005a 08       		.byte	0x8
 178 005b 07       		.byte	0x7
 179 005c 06010000 		.4byte	.LASF7
 180 0060 04       		.uleb128 0x4
 181 0061 04       		.byte	0x4
 182 0062 05       		.byte	0x5
 183 0063 696E7400 		.ascii	"int\000"
 184 0067 02       		.uleb128 0x2
 185 0068 04       		.byte	0x4
 186 0069 07       		.byte	0x7
 187 006a F9000000 		.4byte	.LASF8
 188 006e 03       		.uleb128 0x3
 189 006f 1D010000 		.4byte	.LASF10
 190 0073 02       		.byte	0x2
 191 0074 18       		.byte	0x18
 192 0075 24000000 		.4byte	0x24
 193 0079 05       		.uleb128 0x5
 194 007a 90000000 		.4byte	0x90
 195 007e 89000000 		.4byte	0x89
 196 0082 06       		.uleb128 0x6
 197 0083 89000000 		.4byte	0x89
 198 0087 37       		.byte	0x37
 199 0088 00       		.byte	0
 200 0089 02       		.uleb128 0x2
 201 008a 04       		.byte	0x4
 202 008b 07       		.byte	0x7
 203 008c 48010000 		.4byte	.LASF11
 204 0090 07       		.uleb128 0x7
 205 0091 6E000000 		.4byte	0x6e
 206 0095 08       		.uleb128 0x8
 207 0096 E7000000 		.4byte	.LASF12
 208 009a 03       		.byte	0x3
 209 009b 1F       		.byte	0x1f
 210 009c A6000000 		.4byte	0xa6
 211 00a0 05       		.uleb128 0x5
 212 00a1 03       		.byte	0x3
 213 00a2 00000000 		.4byte	cy_meta_configecc
 214 00a6 07       		.uleb128 0x7
 215 00a7 79000000 		.4byte	0x79
 216 00ab 05       		.uleb128 0x5
 217 00ac 90000000 		.4byte	0x90
 218 00b0 BB000000 		.4byte	0xbb
 219 00b4 06       		.uleb128 0x6
 220 00b5 89000000 		.4byte	0x89
 221 00b9 03       		.byte	0x3
 222 00ba 00       		.byte	0
 223 00bb 08       		.uleb128 0x8
 224 00bc D7000000 		.4byte	.LASF13
ARM GAS  C:\Users\bourg\AppData\Local\Temp\ccKPctyO.s 			page 5


 225 00c0 03       		.byte	0x3
 226 00c1 33       		.byte	0x33
 227 00c2 CC000000 		.4byte	0xcc
 228 00c6 05       		.uleb128 0x5
 229 00c7 03       		.byte	0x3
 230 00c8 00000000 		.4byte	cy_meta_custnvl
 231 00cc 07       		.uleb128 0x7
 232 00cd AB000000 		.4byte	0xab
 233 00d1 08       		.uleb128 0x8
 234 00d2 3A010000 		.4byte	.LASF14
 235 00d6 03       		.byte	0x3
 236 00d7 41       		.byte	0x41
 237 00d8 E2000000 		.4byte	0xe2
 238 00dc 05       		.uleb128 0x5
 239 00dd 03       		.byte	0x3
 240 00de 00000000 		.4byte	cy_meta_wonvl
 241 00e2 07       		.uleb128 0x7
 242 00e3 AB000000 		.4byte	0xab
 243 00e7 05       		.uleb128 0x5
 244 00e8 90000000 		.4byte	0x90
 245 00ec F7000000 		.4byte	0xf7
 246 00f0 06       		.uleb128 0x6
 247 00f1 89000000 		.4byte	0x89
 248 00f5 FF       		.byte	0xff
 249 00f6 00       		.byte	0
 250 00f7 08       		.uleb128 0x8
 251 00f8 25010000 		.4byte	.LASF15
 252 00fc 03       		.byte	0x3
 253 00fd 4F       		.byte	0x4f
 254 00fe 08010000 		.4byte	0x108
 255 0102 05       		.uleb128 0x5
 256 0103 03       		.byte	0x3
 257 0104 00000000 		.4byte	cy_meta_flashprotect
 258 0108 07       		.uleb128 0x7
 259 0109 E7000000 		.4byte	0xe7
 260 010d 05       		.uleb128 0x5
 261 010e 90000000 		.4byte	0x90
 262 0112 1D010000 		.4byte	0x11d
 263 0116 06       		.uleb128 0x6
 264 0117 89000000 		.4byte	0x89
 265 011b 0B       		.byte	0xb
 266 011c 00       		.byte	0
 267 011d 08       		.uleb128 0x8
 268 011e 0A000000 		.4byte	.LASF16
 269 0122 03       		.byte	0x3
 270 0123 7C       		.byte	0x7c
 271 0124 2E010000 		.4byte	0x12e
 272 0128 05       		.uleb128 0x5
 273 0129 03       		.byte	0x3
 274 012a 00000000 		.4byte	cy_metadata
 275 012e 07       		.uleb128 0x7
 276 012f 0D010000 		.4byte	0x10d
 277 0133 00       		.byte	0
 278              		.section	.debug_abbrev,"",%progbits
 279              	.Ldebug_abbrev0:
 280 0000 01       		.uleb128 0x1
 281 0001 11       		.uleb128 0x11
ARM GAS  C:\Users\bourg\AppData\Local\Temp\ccKPctyO.s 			page 6


 282 0002 01       		.byte	0x1
 283 0003 25       		.uleb128 0x25
 284 0004 0E       		.uleb128 0xe
 285 0005 13       		.uleb128 0x13
 286 0006 0B       		.uleb128 0xb
 287 0007 03       		.uleb128 0x3
 288 0008 0E       		.uleb128 0xe
 289 0009 1B       		.uleb128 0x1b
 290 000a 0E       		.uleb128 0xe
 291 000b 10       		.uleb128 0x10
 292 000c 17       		.uleb128 0x17
 293 000d 00       		.byte	0
 294 000e 00       		.byte	0
 295 000f 02       		.uleb128 0x2
 296 0010 24       		.uleb128 0x24
 297 0011 00       		.byte	0
 298 0012 0B       		.uleb128 0xb
 299 0013 0B       		.uleb128 0xb
 300 0014 3E       		.uleb128 0x3e
 301 0015 0B       		.uleb128 0xb
 302 0016 03       		.uleb128 0x3
 303 0017 0E       		.uleb128 0xe
 304 0018 00       		.byte	0
 305 0019 00       		.byte	0
 306 001a 03       		.uleb128 0x3
 307 001b 16       		.uleb128 0x16
 308 001c 00       		.byte	0
 309 001d 03       		.uleb128 0x3
 310 001e 0E       		.uleb128 0xe
 311 001f 3A       		.uleb128 0x3a
 312 0020 0B       		.uleb128 0xb
 313 0021 3B       		.uleb128 0x3b
 314 0022 0B       		.uleb128 0xb
 315 0023 49       		.uleb128 0x49
 316 0024 13       		.uleb128 0x13
 317 0025 00       		.byte	0
 318 0026 00       		.byte	0
 319 0027 04       		.uleb128 0x4
 320 0028 24       		.uleb128 0x24
 321 0029 00       		.byte	0
 322 002a 0B       		.uleb128 0xb
 323 002b 0B       		.uleb128 0xb
 324 002c 3E       		.uleb128 0x3e
 325 002d 0B       		.uleb128 0xb
 326 002e 03       		.uleb128 0x3
 327 002f 08       		.uleb128 0x8
 328 0030 00       		.byte	0
 329 0031 00       		.byte	0
 330 0032 05       		.uleb128 0x5
 331 0033 01       		.uleb128 0x1
 332 0034 01       		.byte	0x1
 333 0035 49       		.uleb128 0x49
 334 0036 13       		.uleb128 0x13
 335 0037 01       		.uleb128 0x1
 336 0038 13       		.uleb128 0x13
 337 0039 00       		.byte	0
 338 003a 00       		.byte	0
ARM GAS  C:\Users\bourg\AppData\Local\Temp\ccKPctyO.s 			page 7


 339 003b 06       		.uleb128 0x6
 340 003c 21       		.uleb128 0x21
 341 003d 00       		.byte	0
 342 003e 49       		.uleb128 0x49
 343 003f 13       		.uleb128 0x13
 344 0040 2F       		.uleb128 0x2f
 345 0041 0B       		.uleb128 0xb
 346 0042 00       		.byte	0
 347 0043 00       		.byte	0
 348 0044 07       		.uleb128 0x7
 349 0045 26       		.uleb128 0x26
 350 0046 00       		.byte	0
 351 0047 49       		.uleb128 0x49
 352 0048 13       		.uleb128 0x13
 353 0049 00       		.byte	0
 354 004a 00       		.byte	0
 355 004b 08       		.uleb128 0x8
 356 004c 34       		.uleb128 0x34
 357 004d 00       		.byte	0
 358 004e 03       		.uleb128 0x3
 359 004f 0E       		.uleb128 0xe
 360 0050 3A       		.uleb128 0x3a
 361 0051 0B       		.uleb128 0xb
 362 0052 3B       		.uleb128 0x3b
 363 0053 0B       		.uleb128 0xb
 364 0054 49       		.uleb128 0x49
 365 0055 13       		.uleb128 0x13
 366 0056 3F       		.uleb128 0x3f
 367 0057 19       		.uleb128 0x19
 368 0058 02       		.uleb128 0x2
 369 0059 18       		.uleb128 0x18
 370 005a 00       		.byte	0
 371 005b 00       		.byte	0
 372 005c 00       		.byte	0
 373              		.section	.debug_aranges,"",%progbits
 374 0000 14000000 		.4byte	0x14
 375 0004 0200     		.2byte	0x2
 376 0006 00000000 		.4byte	.Ldebug_info0
 377 000a 04       		.byte	0x4
 378 000b 00       		.byte	0
 379 000c 0000     		.2byte	0
 380 000e 0000     		.2byte	0
 381 0010 00000000 		.4byte	0
 382 0014 00000000 		.4byte	0
 383              		.section	.debug_line,"",%progbits
 384              	.Ldebug_line0:
 385 0000 3D010000 		.section	.debug_str,"MS",%progbits,1
 385      02003701 
 385      00000201 
 385      FB0E0D00 
 385      01010101 
 386              	.LASF9:
 387 0000 5F5F7569 		.ascii	"__uint8_t\000"
 387      6E74385F 
 387      7400
 388              	.LASF16:
 389 000a 63795F6D 		.ascii	"cy_metadata\000"
ARM GAS  C:\Users\bourg\AppData\Local\Temp\ccKPctyO.s 			page 8


 389      65746164 
 389      61746100 
 390              	.LASF1:
 391 0016 756E7369 		.ascii	"unsigned char\000"
 391      676E6564 
 391      20636861 
 391      7200
 392              	.LASF17:
 393 0024 474E5520 		.ascii	"GNU C11 5.4.1 20160609 (release) [ARM/embedded-5-br"
 393      43313120 
 393      352E342E 
 393      31203230 
 393      31363036 
 394 0057 616E6368 		.ascii	"anch revision 237715] -mcpu=cortex-m3 -mthumb -g -O"
 394      20726576 
 394      6973696F 
 394      6E203233 
 394      37373135 
 395 008a 67202D66 		.ascii	"g -ffunction-sections -ffat-lto-objects\000"
 395      66756E63 
 395      74696F6E 
 395      2D736563 
 395      74696F6E 
 396              	.LASF5:
 397 00b2 6C6F6E67 		.ascii	"long unsigned int\000"
 397      20756E73 
 397      69676E65 
 397      6420696E 
 397      7400
 398              	.LASF3:
 399 00c4 73686F72 		.ascii	"short unsigned int\000"
 399      7420756E 
 399      7369676E 
 399      65642069 
 399      6E7400
 400              	.LASF13:
 401 00d7 63795F6D 		.ascii	"cy_meta_custnvl\000"
 401      6574615F 
 401      63757374 
 401      6E766C00 
 402              	.LASF12:
 403 00e7 63795F6D 		.ascii	"cy_meta_configecc\000"
 403      6574615F 
 403      636F6E66 
 403      69676563 
 403      6300
 404              	.LASF8:
 405 00f9 756E7369 		.ascii	"unsigned int\000"
 405      676E6564 
 405      20696E74 
 405      00
 406              	.LASF7:
 407 0106 6C6F6E67 		.ascii	"long long unsigned int\000"
 407      206C6F6E 
 407      6720756E 
 407      7369676E 
 407      65642069 
ARM GAS  C:\Users\bourg\AppData\Local\Temp\ccKPctyO.s 			page 9


 408              	.LASF10:
 409 011d 75696E74 		.ascii	"uint8_t\000"
 409      385F7400 
 410              	.LASF15:
 411 0125 63795F6D 		.ascii	"cy_meta_flashprotect\000"
 411      6574615F 
 411      666C6173 
 411      6870726F 
 411      74656374 
 412              	.LASF14:
 413 013a 63795F6D 		.ascii	"cy_meta_wonvl\000"
 413      6574615F 
 413      776F6E76 
 413      6C00
 414              	.LASF11:
 415 0148 73697A65 		.ascii	"sizetype\000"
 415      74797065 
 415      00
 416              	.LASF6:
 417 0151 6C6F6E67 		.ascii	"long long int\000"
 417      206C6F6E 
 417      6720696E 
 417      7400
 418              	.LASF2:
 419 015f 73686F72 		.ascii	"short int\000"
 419      7420696E 
 419      7400
 420              	.LASF4:
 421 0169 6C6F6E67 		.ascii	"long int\000"
 421      20696E74 
 421      00
 422              	.LASF0:
 423 0172 7369676E 		.ascii	"signed char\000"
 423      65642063 
 423      68617200 
 424              	.LASF19:
 425 017e 443A5C62 		.ascii	"D:\\bourg\\Documents\\PSoC Creator\\labo1\\Design01"
 425      6F757267 
 425      5C446F63 
 425      756D656E 
 425      74735C50 
 426 01ac 2E637964 		.ascii	".cydsn\000"
 426      736E00
 427              	.LASF18:
 428 01b3 47656E65 		.ascii	"Generated_Source\\PSoC5\\cymetadata.c\000"
 428      72617465 
 428      645F536F 
 428      75726365 
 428      5C50536F 
 429              		.ident	"GCC: (GNU Tools for ARM Embedded Processors) 5.4.1 20160609 (release) [ARM/embedded-5-bran
